{"C:\\Users\\Timi\\WebstormProjects\\untitled\\project.wechat.vue\\src\\App.vue": {"path":"C:\\Users\\Timi\\WebstormProjects\\untitled\\project.wechat.vue\\src\\App.vue","statementMap":{"0":{"start":{"line":1,"column":1},"end":{"line":140,"column":4}},"1":{"start":{"line":4,"column":0},"end":{"line":6,"column":3}},"2":{"start":{"line":8,"column":17},"end":{"line":8,"column":64}},"3":{"start":{"line":10,"column":18},"end":{"line":10,"column":52}},"4":{"start":{"line":12,"column":16},"end":{"line":12,"column":56}},"5":{"start":{"line":14,"column":16},"end":{"line":14,"column":49}},"6":{"start":{"line":16,"column":12},"end":{"line":16,"column":27}},"7":{"start":{"line":18,"column":16},"end":{"line":18,"column":57}},"8":{"start":{"line":20,"column":17},"end":{"line":20,"column":50}},"9":{"start":{"line":22,"column":39},"end":{"line":22,"column":93}},"10":{"start":{"line":51,"column":0},"end":{"line":139,"column":2}},"11":{"start":{"line":53,"column":4},"end":{"line":56,"column":6}},"12":{"start":{"line":65,"column":16},"end":{"line":65,"column":20}},"13":{"start":{"line":67,"column":4},"end":{"line":67,"column":36}},"14":{"start":{"line":68,"column":14},"end":{"line":68,"column":33}},"15":{"start":{"line":69,"column":19},"end":{"line":69,"column":35}},"16":{"start":{"line":70,"column":15},"end":{"line":70,"column":19}},"17":{"start":{"line":71,"column":4},"end":{"line":133,"column":5}},"18":{"start":{"line":72,"column":6},"end":{"line":72,"column":29}},"19":{"start":{"line":73,"column":6},"end":{"line":95,"column":9}},"20":{"start":{"line":82,"column":10},"end":{"line":82,"column":43}},"21":{"start":{"line":84,"column":10},"end":{"line":84,"column":49}},"22":{"start":{"line":85,"column":10},"end":{"line":85,"column":43}},"23":{"start":{"line":88,"column":8},"end":{"line":88,"column":31}},"24":{"start":{"line":89,"column":8},"end":{"line":89,"column":42}},"25":{"start":{"line":90,"column":8},"end":{"line":94,"column":11}},"26":{"start":{"line":92,"column":12},"end":{"line":92,"column":51}},"27":{"start":{"line":99,"column":6},"end":{"line":99,"column":30}},"28":{"start":{"line":100,"column":6},"end":{"line":132,"column":9}},"29":{"start":{"line":103,"column":10},"end":{"line":103,"column":36}},"30":{"start":{"line":104,"column":10},"end":{"line":104,"column":39}},"31":{"start":{"line":107,"column":8},"end":{"line":107,"column":37}},"32":{"start":{"line":108,"column":8},"end":{"line":108,"column":56}},"33":{"start":{"line":109,"column":8},"end":{"line":131,"column":11}},"34":{"start":{"line":119,"column":12},"end":{"line":119,"column":45}},"35":{"start":{"line":121,"column":12},"end":{"line":121,"column":51}},"36":{"start":{"line":124,"column":10},"end":{"line":124,"column":33}},"37":{"start":{"line":125,"column":10},"end":{"line":125,"column":44}},"38":{"start":{"line":126,"column":10},"end":{"line":130,"column":13}},"39":{"start":{"line":128,"column":14},"end":{"line":128,"column":53}},"40":{"start":{"line":141,"column":0},"end":{"line":141,"column":70}},"41":{"start":{"line":141,"column":31},"end":{"line":141,"column":70}},"42":{"start":{"line":142,"column":24},"end":{"line":142,"column":100}},"43":{"start":{"line":143,"column":0},"end":{"line":143,"column":1407}},"44":{"start":{"line":143,"column":54},"end":{"line":143,"column":58}},"45":{"start":{"line":143,"column":66},"end":{"line":143,"column":84}},"46":{"start":{"line":143,"column":92},"end":{"line":143,"column":108}},"47":{"start":{"line":143,"column":109},"end":{"line":143,"column":1406}},"48":{"start":{"line":144,"column":0},"end":{"line":144,"column":37}}},"fnMap":{"0":{"name":"(anonymous_0)","decl":{"start":{"line":1,"column":2},"end":{"line":1,"column":3}},"loc":{"start":{"line":1,"column":12},"end":{"line":140,"column":1}},"line":1},"1":{"name":"_interopRequireDefault","decl":{"start":{"line":22,"column":9},"end":{"line":22,"column":31}},"loc":{"start":{"line":22,"column":37},"end":{"line":22,"column":95}},"line":22},"2":{"name":"data","decl":{"start":{"line":52,"column":17},"end":{"line":52,"column":21}},"loc":{"start":{"line":52,"column":24},"end":{"line":57,"column":3}},"line":52},"3":{"name":"beforeCreate","decl":{"start":{"line":63,"column":25},"end":{"line":63,"column":37}},"loc":{"start":{"line":63,"column":40},"end":{"line":63,"column":42}},"line":63},"4":{"name":"created","decl":{"start":{"line":64,"column":20},"end":{"line":64,"column":27}},"loc":{"start":{"line":64,"column":30},"end":{"line":134,"column":3}},"line":64},"5":{"name":"cb","decl":{"start":{"line":81,"column":21},"end":{"line":81,"column":23}},"loc":{"start":{"line":81,"column":38},"end":{"line":86,"column":9}},"line":81},"6":{"name":"(anonymous_6)","decl":{"start":{"line":87,"column":14},"end":{"line":87,"column":15}},"loc":{"start":{"line":87,"column":26},"end":{"line":95,"column":7}},"line":87},"7":{"name":"cb","decl":{"start":{"line":91,"column":23},"end":{"line":91,"column":25}},"loc":{"start":{"line":91,"column":35},"end":{"line":93,"column":11}},"line":91},"8":{"name":"cb","decl":{"start":{"line":102,"column":21},"end":{"line":102,"column":23}},"loc":{"start":{"line":102,"column":38},"end":{"line":105,"column":9}},"line":102},"9":{"name":"(anonymous_9)","decl":{"start":{"line":106,"column":14},"end":{"line":106,"column":15}},"loc":{"start":{"line":106,"column":26},"end":{"line":132,"column":7}},"line":106},"10":{"name":"cb","decl":{"start":{"line":118,"column":23},"end":{"line":118,"column":25}},"loc":{"start":{"line":118,"column":40},"end":{"line":122,"column":11}},"line":118},"11":{"name":"(anonymous_11)","decl":{"start":{"line":123,"column":16},"end":{"line":123,"column":17}},"loc":{"start":{"line":123,"column":28},"end":{"line":131,"column":9}},"line":123},"12":{"name":"cb","decl":{"start":{"line":127,"column":25},"end":{"line":127,"column":27}},"loc":{"start":{"line":127,"column":37},"end":{"line":129,"column":13}},"line":127},"13":{"name":"mounted","decl":{"start":{"line":135,"column":20},"end":{"line":135,"column":27}},"loc":{"start":{"line":135,"column":30},"end":{"line":135,"column":32}},"line":135},"14":{"name":"updated","decl":{"start":{"line":136,"column":20},"end":{"line":136,"column":27}},"loc":{"start":{"line":136,"column":30},"end":{"line":136,"column":32}},"line":136},"15":{"name":"render","decl":{"start":{"line":143,"column":35},"end":{"line":143,"column":41}},"loc":{"start":{"line":143,"column":45},"end":{"line":143,"column":1407}},"line":143}},"branchMap":{"0":{"loc":{"start":{"line":22,"column":46},"end":{"line":22,"column":92}},"type":"cond-expr","locations":[{"start":{"line":22,"column":70},"end":{"line":22,"column":73}},{"start":{"line":22,"column":76},"end":{"line":22,"column":92}}],"line":22},"1":{"loc":{"start":{"line":22,"column":46},"end":{"line":22,"column":67}},"type":"binary-expr","locations":[{"start":{"line":22,"column":46},"end":{"line":22,"column":49}},{"start":{"line":22,"column":53},"end":{"line":22,"column":67}}],"line":22},"2":{"loc":{"start":{"line":71,"column":4},"end":{"line":133,"column":5}},"type":"if","locations":[{"start":{"line":71,"column":4},"end":{"line":133,"column":5}},{"start":{"line":71,"column":4},"end":{"line":133,"column":5}}],"line":71},"3":{"loc":{"start":{"line":141,"column":0},"end":{"line":141,"column":70}},"type":"if","locations":[{"start":{"line":141,"column":0},"end":{"line":141,"column":70}},{"start":{"line":141,"column":0},"end":{"line":141,"column":70}}],"line":141},"4":{"loc":{"start":{"line":142,"column":24},"end":{"line":142,"column":100}},"type":"cond-expr","locations":[{"start":{"line":142,"column":62},"end":{"line":142,"column":84}},{"start":{"line":142,"column":86},"end":{"line":142,"column":100}}],"line":142},"5":{"loc":{"start":{"line":143,"column":92},"end":{"line":143,"column":108}},"type":"binary-expr","locations":[{"start":{"line":143,"column":92},"end":{"line":143,"column":104}},{"start":{"line":143,"column":106},"end":{"line":143,"column":108}}],"line":143},"6":{"loc":{"start":{"line":143,"column":126},"end":{"line":143,"column":1288}},"type":"cond-expr","locations":[{"start":{"line":143,"column":142},"end":{"line":143,"column":1279}},{"start":{"line":143,"column":1280},"end":{"line":143,"column":1288}}],"line":143},"7":{"loc":{"start":{"line":143,"column":169},"end":{"line":143,"column":220}},"type":"cond-expr","locations":[{"start":{"line":143,"column":194},"end":{"line":143,"column":211}},{"start":{"line":143,"column":212},"end":{"line":143,"column":220}}],"line":143},"8":{"loc":{"start":{"line":143,"column":237},"end":{"line":143,"column":287}},"type":"cond-expr","locations":[{"start":{"line":143,"column":261},"end":{"line":143,"column":278}},{"start":{"line":143,"column":279},"end":{"line":143,"column":287}}],"line":143},"9":{"loc":{"start":{"line":143,"column":300},"end":{"line":143,"column":1275}},"type":"cond-expr","locations":[{"start":{"line":143,"column":328},"end":{"line":143,"column":1266}},{"start":{"line":143,"column":1267},"end":{"line":143,"column":1275}}],"line":143},"10":{"loc":{"start":{"line":143,"column":1357},"end":{"line":143,"column":1396}},"type":"cond-expr","locations":[{"start":{"line":143,"column":1373},"end":{"line":143,"column":1387}},{"start":{"line":143,"column":1388},"end":{"line":143,"column":1396}}],"line":143}},"s":{"0":0,"1":0,"2":0,"3":0,"4":0,"5":0,"6":0,"7":0,"8":0,"9":0,"10":0,"11":0,"12":0,"13":0,"14":0,"15":0,"16":0,"17":0,"18":0,"19":0,"20":0,"21":0,"22":0,"23":0,"24":0,"25":0,"26":0,"27":0,"28":0,"29":0,"30":0,"31":0,"32":0,"33":0,"34":0,"35":0,"36":0,"37":0,"38":0,"39":0,"40":0,"41":0,"42":0,"43":0,"44":0,"45":0,"46":0,"47":0,"48":0},"f":{"0":0,"1":0,"2":0,"3":0,"4":0,"5":0,"6":0,"7":0,"8":0,"9":0,"10":0,"11":0,"12":0,"13":0,"14":0,"15":0},"b":{"0":[0,0],"1":[0,0],"2":[0,0],"3":[0,0],"4":[0,0],"5":[0,0],"6":[0,0],"7":[0,0],"8":[0,0],"9":[0,0],"10":[0,0]}}
,"C:\\Users\\Timi\\WebstormProjects\\untitled\\project.wechat.vue\\src\\api\\ajax.js": {"path":"C:\\Users\\Timi\\WebstormProjects\\untitled\\project.wechat.vue\\src\\api\\ajax.js","statementMap":{"0":{"start":{"line":1,"column":13},"end":{"line":1,"column":75}},"1":{"start":{"line":1,"column":92},"end":{"line":1,"column":139}},"2":{"start":{"line":1,"column":158},"end":{"line":1,"column":192}},"3":{"start":{"line":1,"column":205},"end":{"line":1,"column":249}},"4":{"start":{"line":1,"column":263},"end":{"line":1,"column":292}},"5":{"start":{"line":1,"column":308},"end":{"line":1,"column":348}},"6":{"start":{"line":1,"column":365},"end":{"line":1,"column":397}},"7":{"start":{"line":1,"column":398},"end":{"line":10,"column":5}},"8":{"start":{"line":10,"column":18},"end":{"line":10,"column":34}},"9":{"start":{"line":10,"column":49},"end":{"line":10,"column":79}},"10":{"start":{"line":10,"column":92},"end":{"line":10,"column":109}},"11":{"start":{"line":10,"column":123},"end":{"line":10,"column":152}},"12":{"start":{"line":10,"column":174},"end":{"line":10,"column":214}},"13":{"start":{"line":10,"column":233},"end":{"line":10,"column":262}},"14":{"start":{"line":10,"column":277},"end":{"line":10,"column":295}},"15":{"start":{"line":10,"column":334},"end":{"line":10,"column":388}},"16":{"start":{"line":10,"column":389},"end":{"line":10,"column":437}},"17":{"start":{"line":10,"column":464},"end":{"line":10,"column":534}},"18":{"start":{"line":10,"column":546},"end":{"line":10,"column":616}},"19":{"start":{"line":10,"column":628},"end":{"line":10,"column":701}},"20":{"start":{"line":11,"column":2},"end":{"line":11,"column":19}},"21":{"start":{"line":12,"column":2},"end":{"line":56,"column":5}},"22":{"start":{"line":16,"column":18},"end":{"line":16,"column":24}},"23":{"start":{"line":17,"column":12},"end":{"line":17,"column":47}},"24":{"start":{"line":18,"column":4},"end":{"line":44,"column":5}},"25":{"start":{"line":20,"column":20},"end":{"line":20,"column":22}},"26":{"start":{"line":21,"column":6},"end":{"line":21,"column":33}},"27":{"start":{"line":22,"column":20},"end":{"line":22,"column":52}},"28":{"start":{"line":23,"column":6},"end":{"line":25,"column":9}},"29":{"start":{"line":24,"column":8},"end":{"line":24,"column":47}},"30":{"start":{"line":27,"column":22},"end":{"line":27,"column":67}},"31":{"start":{"line":28,"column":6},"end":{"line":28,"column":60}},"32":{"start":{"line":29,"column":17},"end":{"line":29,"column":92}},"33":{"start":{"line":30,"column":6},"end":{"line":30,"column":78}},"34":{"start":{"line":32,"column":6},"end":{"line":32,"column":41}},"35":{"start":{"line":39,"column":6},"end":{"line":42,"column":81}},"36":{"start":{"line":45,"column":4},"end":{"line":55,"column":7}},"37":{"start":{"line":46,"column":6},"end":{"line":46,"column":29}},"38":{"start":{"line":47,"column":6},"end":{"line":49,"column":7}},"39":{"start":{"line":48,"column":8},"end":{"line":48,"column":62}},"40":{"start":{"line":53,"column":6},"end":{"line":53,"column":25}},"41":{"start":{"line":54,"column":6},"end":{"line":54,"column":20}}},"fnMap":{"0":{"name":"_interopRequireDefault","decl":{"start":{"line":10,"column":305},"end":{"line":10,"column":327}},"loc":{"start":{"line":10,"column":333},"end":{"line":10,"column":389}},"line":10},"1":{"name":"ajax","decl":{"start":{"line":10,"column":446},"end":{"line":10,"column":450}},"loc":{"start":{"line":10,"column":453},"end":{"line":57,"column":1}},"line":10},"2":{"name":"(anonymous_2)","decl":{"start":{"line":12,"column":31},"end":{"line":12,"column":32}},"loc":{"start":{"line":12,"column":58},"end":{"line":56,"column":3}},"line":12},"3":{"name":"(anonymous_3)","decl":{"start":{"line":23,"column":22},"end":{"line":23,"column":23}},"loc":{"start":{"line":23,"column":37},"end":{"line":25,"column":7}},"line":23},"4":{"name":"(anonymous_4)","decl":{"start":{"line":45,"column":17},"end":{"line":45,"column":18}},"loc":{"start":{"line":45,"column":37},"end":{"line":51,"column":5}},"line":45},"5":{"name":"(anonymous_5)","decl":{"start":{"line":52,"column":10},"end":{"line":52,"column":11}},"loc":{"start":{"line":52,"column":27},"end":{"line":55,"column":5}},"line":52}},"branchMap":{"0":{"loc":{"start":{"line":10,"column":341},"end":{"line":10,"column":387}},"type":"cond-expr","locations":[{"start":{"line":10,"column":365},"end":{"line":10,"column":368}},{"start":{"line":10,"column":371},"end":{"line":10,"column":387}}],"line":10},"1":{"loc":{"start":{"line":10,"column":341},"end":{"line":10,"column":362}},"type":"binary-expr","locations":[{"start":{"line":10,"column":341},"end":{"line":10,"column":344}},{"start":{"line":10,"column":348},"end":{"line":10,"column":362}}],"line":10},"2":{"loc":{"start":{"line":10,"column":464},"end":{"line":10,"column":534}},"type":"cond-expr","locations":[{"start":{"line":10,"column":517},"end":{"line":10,"column":529}},{"start":{"line":10,"column":532},"end":{"line":10,"column":534}}],"line":10},"3":{"loc":{"start":{"line":10,"column":464},"end":{"line":10,"column":514}},"type":"binary-expr","locations":[{"start":{"line":10,"column":464},"end":{"line":10,"column":484}},{"start":{"line":10,"column":488},"end":{"line":10,"column":514}}],"line":10},"4":{"loc":{"start":{"line":10,"column":546},"end":{"line":10,"column":616}},"type":"cond-expr","locations":[{"start":{"line":10,"column":599},"end":{"line":10,"column":611}},{"start":{"line":10,"column":614},"end":{"line":10,"column":616}}],"line":10},"5":{"loc":{"start":{"line":10,"column":546},"end":{"line":10,"column":596}},"type":"binary-expr","locations":[{"start":{"line":10,"column":546},"end":{"line":10,"column":566}},{"start":{"line":10,"column":570},"end":{"line":10,"column":596}}],"line":10},"6":{"loc":{"start":{"line":10,"column":628},"end":{"line":10,"column":701}},"type":"cond-expr","locations":[{"start":{"line":10,"column":681},"end":{"line":10,"column":693}},{"start":{"line":10,"column":696},"end":{"line":10,"column":701}}],"line":10},"7":{"loc":{"start":{"line":10,"column":628},"end":{"line":10,"column":678}},"type":"binary-expr","locations":[{"start":{"line":10,"column":628},"end":{"line":10,"column":648}},{"start":{"line":10,"column":652},"end":{"line":10,"column":678}}],"line":10},"8":{"loc":{"start":{"line":18,"column":4},"end":{"line":44,"column":5}},"type":"if","locations":[{"start":{"line":18,"column":4},"end":{"line":44,"column":5}},{"start":{"line":18,"column":4},"end":{"line":44,"column":5}}],"line":18},"9":{"loc":{"start":{"line":47,"column":6},"end":{"line":49,"column":7}},"type":"if","locations":[{"start":{"line":47,"column":6},"end":{"line":49,"column":7}},{"start":{"line":47,"column":6},"end":{"line":49,"column":7}}],"line":47},"10":{"loc":{"start":{"line":47,"column":10},"end":{"line":47,"column":73}},"type":"binary-expr","locations":[{"start":{"line":47,"column":10},"end":{"line":47,"column":32}},{"start":{"line":47,"column":36},"end":{"line":47,"column":73}}],"line":47}},"s":{"0":0,"1":0,"2":0,"3":0,"4":0,"5":0,"6":0,"7":0,"8":0,"9":0,"10":0,"11":0,"12":0,"13":0,"14":0,"15":0,"16":0,"17":0,"18":0,"19":0,"20":0,"21":0,"22":0,"23":0,"24":0,"25":0,"26":0,"27":0,"28":0,"29":0,"30":0,"31":0,"32":0,"33":0,"34":0,"35":0,"36":0,"37":0,"38":0,"39":0,"40":0,"41":0},"f":{"0":0,"1":0,"2":0,"3":0,"4":0,"5":0},"b":{"0":[0,0],"1":[0,0],"2":[0,0],"3":[0,0],"4":[0,0],"5":[0,0],"6":[0,0],"7":[0,0],"8":[0,0],"9":[0,0],"10":[0,0]}}
,"C:\\Users\\Timi\\WebstormProjects\\untitled\\project.wechat.vue\\src\\api\\index.js": {"path":"C:\\Users\\Timi\\WebstormProjects\\untitled\\project.wechat.vue\\src\\api\\index.js","statementMap":{"0":{"start":{"line":1,"column":13},"end":{"line":1,"column":75}},"1":{"start":{"line":1,"column":75},"end":{"line":1,"column":922}},"2":{"start":{"line":1,"column":934},"end":{"line":1,"column":951}},"3":{"start":{"line":1,"column":965},"end":{"line":1,"column":994}},"4":{"start":{"line":2,"column":13},"end":{"line":2,"column":31}},"5":{"start":{"line":2,"column":46},"end":{"line":2,"column":76}},"6":{"start":{"line":2,"column":115},"end":{"line":2,"column":169}},"7":{"start":{"line":4,"column":18},"end":{"line":4,"column":132}},"8":{"start":{"line":4,"column":79},"end":{"line":4,"column":131}},"9":{"start":{"line":5,"column":17},"end":{"line":5,"column":129}},"10":{"start":{"line":5,"column":76},"end":{"line":5,"column":128}},"11":{"start":{"line":6,"column":16},"end":{"line":6,"column":126}},"12":{"start":{"line":6,"column":73},"end":{"line":6,"column":125}},"13":{"start":{"line":7,"column":21},"end":{"line":7,"column":141}},"14":{"start":{"line":7,"column":88},"end":{"line":7,"column":140}},"15":{"start":{"line":8,"column":21},"end":{"line":8,"column":141}},"16":{"start":{"line":8,"column":88},"end":{"line":8,"column":140}},"17":{"start":{"line":9,"column":23},"end":{"line":9,"column":147}},"18":{"start":{"line":9,"column":94},"end":{"line":9,"column":146}},"19":{"start":{"line":10,"column":19},"end":{"line":10,"column":135}},"20":{"start":{"line":10,"column":82},"end":{"line":10,"column":134}},"21":{"start":{"line":11,"column":25},"end":{"line":11,"column":153}},"22":{"start":{"line":11,"column":100},"end":{"line":11,"column":152}},"23":{"start":{"line":12,"column":29},"end":{"line":12,"column":165}},"24":{"start":{"line":12,"column":112},"end":{"line":12,"column":164}},"25":{"start":{"line":13,"column":18},"end":{"line":13,"column":124}},"26":{"start":{"line":13,"column":79},"end":{"line":13,"column":123}},"27":{"start":{"line":14,"column":20},"end":{"line":14,"column":130}},"28":{"start":{"line":14,"column":85},"end":{"line":14,"column":129}},"29":{"start":{"line":15,"column":20},"end":{"line":15,"column":130}},"30":{"start":{"line":15,"column":85},"end":{"line":15,"column":129}},"31":{"start":{"line":16,"column":21},"end":{"line":16,"column":133}},"32":{"start":{"line":16,"column":88},"end":{"line":16,"column":132}},"33":{"start":{"line":17,"column":19},"end":{"line":17,"column":115}},"34":{"start":{"line":17,"column":76},"end":{"line":17,"column":114}},"35":{"start":{"line":18,"column":22},"end":{"line":18,"column":136}},"36":{"start":{"line":18,"column":91},"end":{"line":18,"column":135}},"37":{"start":{"line":19,"column":28},"end":{"line":19,"column":154}},"38":{"start":{"line":19,"column":109},"end":{"line":19,"column":153}},"39":{"start":{"line":20,"column":19},"end":{"line":20,"column":115}},"40":{"start":{"line":20,"column":76},"end":{"line":20,"column":114}},"41":{"start":{"line":21,"column":26},"end":{"line":21,"column":148}},"42":{"start":{"line":21,"column":103},"end":{"line":21,"column":147}},"43":{"start":{"line":22,"column":21},"end":{"line":22,"column":133}},"44":{"start":{"line":22,"column":88},"end":{"line":22,"column":132}},"45":{"start":{"line":23,"column":22},"end":{"line":23,"column":136}},"46":{"start":{"line":23,"column":91},"end":{"line":23,"column":135}},"47":{"start":{"line":24,"column":22},"end":{"line":24,"column":136}},"48":{"start":{"line":24,"column":91},"end":{"line":24,"column":135}},"49":{"start":{"line":25,"column":21},"end":{"line":25,"column":133}},"50":{"start":{"line":25,"column":88},"end":{"line":25,"column":132}},"51":{"start":{"line":26,"column":22},"end":{"line":26,"column":136}},"52":{"start":{"line":26,"column":91},"end":{"line":26,"column":135}},"53":{"start":{"line":27,"column":24},"end":{"line":27,"column":142}},"54":{"start":{"line":27,"column":97},"end":{"line":27,"column":141}},"55":{"start":{"line":28,"column":29},"end":{"line":28,"column":157}},"56":{"start":{"line":28,"column":112},"end":{"line":28,"column":156}},"57":{"start":{"line":29,"column":15},"end":{"line":29,"column":103}},"58":{"start":{"line":29,"column":64},"end":{"line":29,"column":102}},"59":{"start":{"line":30,"column":17},"end":{"line":30,"column":109}},"60":{"start":{"line":30,"column":70},"end":{"line":30,"column":108}},"61":{"start":{"line":31,"column":28},"end":{"line":31,"column":154}},"62":{"start":{"line":31,"column":109},"end":{"line":31,"column":153}},"63":{"start":{"line":32,"column":21},"end":{"line":32,"column":121}},"64":{"start":{"line":32,"column":82},"end":{"line":32,"column":120}},"65":{"start":{"line":33,"column":21},"end":{"line":33,"column":121}},"66":{"start":{"line":33,"column":82},"end":{"line":33,"column":120}},"67":{"start":{"line":34,"column":17},"end":{"line":34,"column":109}},"68":{"start":{"line":34,"column":70},"end":{"line":34,"column":108}},"69":{"start":{"line":35,"column":23},"end":{"line":35,"column":127}},"70":{"start":{"line":35,"column":88},"end":{"line":35,"column":126}},"71":{"start":{"line":36,"column":20},"end":{"line":36,"column":118}},"72":{"start":{"line":36,"column":79},"end":{"line":36,"column":117}}},"fnMap":{"0":{"name":"_interopRequireDefault","decl":{"start":{"line":2,"column":86},"end":{"line":2,"column":108}},"loc":{"start":{"line":2,"column":114},"end":{"line":2,"column":170}},"line":2},"1":{"name":"postSendMsg","decl":{"start":{"line":4,"column":49},"end":{"line":4,"column":60}},"loc":{"start":{"line":4,"column":78},"end":{"line":4,"column":132}},"line":4},"2":{"name":"postOpenid","decl":{"start":{"line":5,"column":47},"end":{"line":5,"column":57}},"loc":{"start":{"line":5,"column":75},"end":{"line":5,"column":129}},"line":5},"3":{"name":"postPhone","decl":{"start":{"line":6,"column":45},"end":{"line":6,"column":54}},"loc":{"start":{"line":6,"column":72},"end":{"line":6,"column":126}},"line":6},"4":{"name":"postSpeedOrder","decl":{"start":{"line":7,"column":55},"end":{"line":7,"column":69}},"loc":{"start":{"line":7,"column":87},"end":{"line":7,"column":141}},"line":7},"5":{"name":"postLoanDemand","decl":{"start":{"line":8,"column":55},"end":{"line":8,"column":69}},"loc":{"start":{"line":8,"column":87},"end":{"line":8,"column":141}},"line":8},"6":{"name":"postRecordForApp","decl":{"start":{"line":9,"column":59},"end":{"line":9,"column":75}},"loc":{"start":{"line":9,"column":93},"end":{"line":9,"column":147}},"line":9},"7":{"name":"postLoginout","decl":{"start":{"line":10,"column":51},"end":{"line":10,"column":63}},"loc":{"start":{"line":10,"column":81},"end":{"line":10,"column":135}},"line":10},"8":{"name":"postPeopleFiveReal","decl":{"start":{"line":11,"column":63},"end":{"line":11,"column":81}},"loc":{"start":{"line":11,"column":99},"end":{"line":11,"column":153}},"line":11},"9":{"name":"postFiveRealVerifyCode","decl":{"start":{"line":12,"column":71},"end":{"line":12,"column":93}},"loc":{"start":{"line":12,"column":111},"end":{"line":12,"column":165}},"line":12},"10":{"name":"getUserinfo","decl":{"start":{"line":13,"column":49},"end":{"line":13,"column":60}},"loc":{"start":{"line":13,"column":78},"end":{"line":13,"column":124}},"line":13},"11":{"name":"getLoanAmount","decl":{"start":{"line":14,"column":53},"end":{"line":14,"column":66}},"loc":{"start":{"line":14,"column":84},"end":{"line":14,"column":130}},"line":14},"12":{"name":"getListForApp","decl":{"start":{"line":15,"column":53},"end":{"line":15,"column":66}},"loc":{"start":{"line":15,"column":84},"end":{"line":15,"column":130}},"line":15},"13":{"name":"getDetailedFor","decl":{"start":{"line":16,"column":55},"end":{"line":16,"column":69}},"loc":{"start":{"line":16,"column":87},"end":{"line":16,"column":133}},"line":16},"14":{"name":"getListBanks","decl":{"start":{"line":17,"column":51},"end":{"line":17,"column":63}},"loc":{"start":{"line":17,"column":75},"end":{"line":17,"column":115}},"line":17},"15":{"name":"getListBankCard","decl":{"start":{"line":18,"column":57},"end":{"line":18,"column":72}},"loc":{"start":{"line":18,"column":90},"end":{"line":18,"column":136}},"line":18},"16":{"name":"getListBankCardDetail","decl":{"start":{"line":19,"column":69},"end":{"line":19,"column":90}},"loc":{"start":{"line":19,"column":108},"end":{"line":19,"column":154}},"line":19},"17":{"name":"getInviteUrl","decl":{"start":{"line":20,"column":51},"end":{"line":20,"column":63}},"loc":{"start":{"line":20,"column":75},"end":{"line":20,"column":115}},"line":20},"18":{"name":"getSelectDataSource","decl":{"start":{"line":21,"column":65},"end":{"line":21,"column":84}},"loc":{"start":{"line":21,"column":102},"end":{"line":21,"column":148}},"line":21},"19":{"name":"getNewsListFor","decl":{"start":{"line":22,"column":55},"end":{"line":22,"column":69}},"loc":{"start":{"line":22,"column":87},"end":{"line":22,"column":133}},"line":22},"20":{"name":"getDetailForApp","decl":{"start":{"line":23,"column":57},"end":{"line":23,"column":72}},"loc":{"start":{"line":23,"column":90},"end":{"line":23,"column":136}},"line":23},"21":{"name":"getOrderListFor","decl":{"start":{"line":24,"column":57},"end":{"line":24,"column":72}},"loc":{"start":{"line":24,"column":90},"end":{"line":24,"column":136}},"line":24},"22":{"name":"getUserRelated","decl":{"start":{"line":25,"column":55},"end":{"line":25,"column":69}},"loc":{"start":{"line":25,"column":87},"end":{"line":25,"column":133}},"line":25},"23":{"name":"getRakeBackInfo","decl":{"start":{"line":26,"column":57},"end":{"line":26,"column":72}},"loc":{"start":{"line":26,"column":90},"end":{"line":26,"column":136}},"line":26},"24":{"name":"getSubordinateNum","decl":{"start":{"line":27,"column":61},"end":{"line":27,"column":78}},"loc":{"start":{"line":27,"column":96},"end":{"line":27,"column":142}},"line":27},"25":{"name":"getSubordinateUserList","decl":{"start":{"line":28,"column":71},"end":{"line":28,"column":93}},"loc":{"start":{"line":28,"column":111},"end":{"line":28,"column":157}},"line":28},"26":{"name":"getBanks","decl":{"start":{"line":29,"column":43},"end":{"line":29,"column":51}},"loc":{"start":{"line":29,"column":63},"end":{"line":29,"column":103}},"line":29},"27":{"name":"getAdCodes","decl":{"start":{"line":30,"column":47},"end":{"line":30,"column":57}},"loc":{"start":{"line":30,"column":69},"end":{"line":30,"column":109}},"line":30},"28":{"name":"getListScheduleForApp","decl":{"start":{"line":31,"column":69},"end":{"line":31,"column":90}},"loc":{"start":{"line":31,"column":108},"end":{"line":31,"column":154}},"line":31},"29":{"name":"getBinBankCard","decl":{"start":{"line":32,"column":55},"end":{"line":32,"column":69}},"loc":{"start":{"line":32,"column":81},"end":{"line":32,"column":121}},"line":32},"30":{"name":"getAccountInfo","decl":{"start":{"line":33,"column":55},"end":{"line":33,"column":69}},"loc":{"start":{"line":33,"column":81},"end":{"line":33,"column":121}},"line":33},"31":{"name":"getPosters","decl":{"start":{"line":34,"column":47},"end":{"line":34,"column":57}},"loc":{"start":{"line":34,"column":69},"end":{"line":34,"column":109}},"line":34},"32":{"name":"getLastOrderInfo","decl":{"start":{"line":35,"column":59},"end":{"line":35,"column":75}},"loc":{"start":{"line":35,"column":87},"end":{"line":35,"column":127}},"line":35},"33":{"name":"getOrderCount","decl":{"start":{"line":36,"column":53},"end":{"line":36,"column":66}},"loc":{"start":{"line":36,"column":78},"end":{"line":36,"column":118}},"line":36}},"branchMap":{"0":{"loc":{"start":{"line":2,"column":122},"end":{"line":2,"column":168}},"type":"cond-expr","locations":[{"start":{"line":2,"column":146},"end":{"line":2,"column":149}},{"start":{"line":2,"column":152},"end":{"line":2,"column":168}}],"line":2},"1":{"loc":{"start":{"line":2,"column":122},"end":{"line":2,"column":143}},"type":"binary-expr","locations":[{"start":{"line":2,"column":122},"end":{"line":2,"column":125}},{"start":{"line":2,"column":129},"end":{"line":2,"column":143}}],"line":2}},"s":{"0":0,"1":0,"2":0,"3":0,"4":0,"5":0,"6":0,"7":0,"8":0,"9":0,"10":0,"11":0,"12":0,"13":0,"14":0,"15":0,"16":0,"17":0,"18":0,"19":0,"20":0,"21":0,"22":0,"23":0,"24":0,"25":0,"26":0,"27":0,"28":0,"29":0,"30":0,"31":0,"32":0,"33":0,"34":0,"35":0,"36":0,"37":0,"38":0,"39":0,"40":0,"41":0,"42":0,"43":0,"44":0,"45":0,"46":0,"47":0,"48":0,"49":0,"50":0,"51":0,"52":0,"53":0,"54":0,"55":0,"56":0,"57":0,"58":0,"59":0,"60":0,"61":0,"62":0,"63":0,"64":0,"65":0,"66":0,"67":0,"68":0,"69":0,"70":0,"71":0,"72":0},"f":{"0":0,"1":0,"2":0,"3":0,"4":0,"5":0,"6":0,"7":0,"8":0,"9":0,"10":0,"11":0,"12":0,"13":0,"14":0,"15":0,"16":0,"17":0,"18":0,"19":0,"20":0,"21":0,"22":0,"23":0,"24":0,"25":0,"26":0,"27":0,"28":0,"29":0,"30":0,"31":0,"32":0,"33":0},"b":{"0":[0,0],"1":[0,0]}}
,"C:\\Users\\Timi\\WebstormProjects\\untitled\\project.wechat.vue\\src\\api\\wAjax.js": {"path":"C:\\Users\\Timi\\WebstormProjects\\untitled\\project.wechat.vue\\src\\api\\wAjax.js","statementMap":{"0":{"start":{"line":1,"column":13},"end":{"line":1,"column":75}},"1":{"start":{"line":1,"column":94},"end":{"line":1,"column":130}},"2":{"start":{"line":1,"column":151},"end":{"line":1,"column":187}},"3":{"start":{"line":1,"column":205},"end":{"line":1,"column":252}},"4":{"start":{"line":1,"column":271},"end":{"line":1,"column":305}},"5":{"start":{"line":1,"column":318},"end":{"line":1,"column":362}},"6":{"start":{"line":1,"column":376},"end":{"line":1,"column":405}},"7":{"start":{"line":1,"column":421},"end":{"line":1,"column":461}},"8":{"start":{"line":1,"column":478},"end":{"line":1,"column":510}},"9":{"start":{"line":1,"column":536},"end":{"line":1,"column":585}},"10":{"start":{"line":1,"column":611},"end":{"line":1,"column":653}},"11":{"start":{"line":1,"column":667},"end":{"line":1,"column":683}},"12":{"start":{"line":1,"column":698},"end":{"line":1,"column":728}},"13":{"start":{"line":1,"column":767},"end":{"line":1,"column":821}},"14":{"start":{"line":1,"column":822},"end":{"line":39,"column":152}},"15":{"start":{"line":1,"column":864},"end":{"line":39,"column":80}},"16":{"start":{"line":2,"column":32},"end":{"line":2,"column":102}},"17":{"start":{"line":2,"column":114},"end":{"line":2,"column":184}},"18":{"start":{"line":2,"column":196},"end":{"line":2,"column":269}},"19":{"start":{"line":2,"column":270},"end":{"line":39,"column":77}},"20":{"start":{"line":2,"column":333},"end":{"line":39,"column":59}},"21":{"start":{"line":2,"column":344},"end":{"line":39,"column":58}},"22":{"start":{"line":2,"column":391},"end":{"line":39,"column":16}},"23":{"start":{"line":7,"column":28},"end":{"line":7,"column":34}},"24":{"start":{"line":8,"column":14},"end":{"line":31,"column":15}},"25":{"start":{"line":10,"column":30},"end":{"line":10,"column":32}},"26":{"start":{"line":12,"column":16},"end":{"line":14,"column":19}},"27":{"start":{"line":13,"column":18},"end":{"line":13,"column":57}},"28":{"start":{"line":16,"column":16},"end":{"line":20,"column":17}},"29":{"start":{"line":17,"column":18},"end":{"line":17,"column":72}},"30":{"start":{"line":18,"column":18},"end":{"line":18,"column":44}},"31":{"start":{"line":19,"column":18},"end":{"line":19,"column":35}},"32":{"start":{"line":21,"column":16},"end":{"line":21,"column":51}},"33":{"start":{"line":26,"column":16},"end":{"line":29,"column":68}},"34":{"start":{"line":32,"column":14},"end":{"line":38,"column":17}},"35":{"start":{"line":33,"column":16},"end":{"line":33,"column":39}},"36":{"start":{"line":36,"column":16},"end":{"line":36,"column":29}},"37":{"start":{"line":37,"column":16},"end":{"line":37,"column":30}},"38":{"start":{"line":39,"column":34},"end":{"line":39,"column":57}},"39":{"start":{"line":39,"column":99},"end":{"line":39,"column":134}},"40":{"start":{"line":39,"column":135},"end":{"line":39,"column":148}}},"fnMap":{"0":{"name":"_interopRequireDefault","decl":{"start":{"line":1,"column":738},"end":{"line":1,"column":760}},"loc":{"start":{"line":1,"column":766},"end":{"line":1,"column":822}},"line":1},"1":{"name":"(anonymous_1)","decl":{"start":{"line":1,"column":840},"end":{"line":1,"column":841}},"loc":{"start":{"line":1,"column":852},"end":{"line":39,"column":149}},"line":1},"2":{"name":"_callee","decl":{"start":{"line":2,"column":11},"end":{"line":2,"column":18}},"loc":{"start":{"line":2,"column":21},"end":{"line":39,"column":78}},"line":2},"3":{"name":"_callee$","decl":{"start":{"line":2,"column":313},"end":{"line":2,"column":321}},"loc":{"start":{"line":2,"column":332},"end":{"line":39,"column":60}},"line":2},"4":{"name":"(anonymous_4)","decl":{"start":{"line":3,"column":34},"end":{"line":3,"column":35}},"loc":{"start":{"line":3,"column":61},"end":{"line":39,"column":13}},"line":3},"5":{"name":"(anonymous_5)","decl":{"start":{"line":12,"column":50},"end":{"line":12,"column":51}},"loc":{"start":{"line":12,"column":65},"end":{"line":14,"column":17}},"line":12},"6":{"name":"(anonymous_6)","decl":{"start":{"line":32,"column":27},"end":{"line":32,"column":28}},"loc":{"start":{"line":32,"column":47},"end":{"line":34,"column":15}},"line":32},"7":{"name":"(anonymous_7)","decl":{"start":{"line":35,"column":20},"end":{"line":35,"column":21}},"loc":{"start":{"line":35,"column":37},"end":{"line":38,"column":15}},"line":35},"8":{"name":"wAjax","decl":{"start":{"line":39,"column":90},"end":{"line":39,"column":95}},"loc":{"start":{"line":39,"column":98},"end":{"line":39,"column":135}},"line":39}},"branchMap":{"0":{"loc":{"start":{"line":1,"column":774},"end":{"line":1,"column":820}},"type":"cond-expr","locations":[{"start":{"line":1,"column":798},"end":{"line":1,"column":801}},{"start":{"line":1,"column":804},"end":{"line":1,"column":820}}],"line":1},"1":{"loc":{"start":{"line":1,"column":774},"end":{"line":1,"column":795}},"type":"binary-expr","locations":[{"start":{"line":1,"column":774},"end":{"line":1,"column":777}},{"start":{"line":1,"column":781},"end":{"line":1,"column":795}}],"line":1},"2":{"loc":{"start":{"line":2,"column":32},"end":{"line":2,"column":102}},"type":"cond-expr","locations":[{"start":{"line":2,"column":85},"end":{"line":2,"column":97}},{"start":{"line":2,"column":100},"end":{"line":2,"column":102}}],"line":2},"3":{"loc":{"start":{"line":2,"column":32},"end":{"line":2,"column":82}},"type":"binary-expr","locations":[{"start":{"line":2,"column":32},"end":{"line":2,"column":52}},{"start":{"line":2,"column":56},"end":{"line":2,"column":82}}],"line":2},"4":{"loc":{"start":{"line":2,"column":114},"end":{"line":2,"column":184}},"type":"cond-expr","locations":[{"start":{"line":2,"column":167},"end":{"line":2,"column":179}},{"start":{"line":2,"column":182},"end":{"line":2,"column":184}}],"line":2},"5":{"loc":{"start":{"line":2,"column":114},"end":{"line":2,"column":164}},"type":"binary-expr","locations":[{"start":{"line":2,"column":114},"end":{"line":2,"column":134}},{"start":{"line":2,"column":138},"end":{"line":2,"column":164}}],"line":2},"6":{"loc":{"start":{"line":2,"column":196},"end":{"line":2,"column":269}},"type":"cond-expr","locations":[{"start":{"line":2,"column":249},"end":{"line":2,"column":261}},{"start":{"line":2,"column":264},"end":{"line":2,"column":269}}],"line":2},"7":{"loc":{"start":{"line":2,"column":196},"end":{"line":2,"column":246}},"type":"binary-expr","locations":[{"start":{"line":2,"column":196},"end":{"line":2,"column":216}},{"start":{"line":2,"column":220},"end":{"line":2,"column":246}}],"line":2},"8":{"loc":{"start":{"line":2,"column":344},"end":{"line":39,"column":58}},"type":"switch","locations":[{"start":{"line":2,"column":384},"end":{"line":39,"column":16}},{"start":{"line":39,"column":16},"end":{"line":39,"column":23}},{"start":{"line":39,"column":23},"end":{"line":39,"column":57}}],"line":2},"9":{"loc":{"start":{"line":8,"column":14},"end":{"line":31,"column":15}},"type":"if","locations":[{"start":{"line":8,"column":14},"end":{"line":31,"column":15}},{"start":{"line":8,"column":14},"end":{"line":31,"column":15}}],"line":8},"10":{"loc":{"start":{"line":16,"column":16},"end":{"line":20,"column":17}},"type":"if","locations":[{"start":{"line":16,"column":16},"end":{"line":20,"column":17}},{"start":{"line":16,"column":16},"end":{"line":20,"column":17}}],"line":16}},"s":{"0":0,"1":0,"2":0,"3":0,"4":0,"5":0,"6":0,"7":0,"8":0,"9":0,"10":0,"11":0,"12":0,"13":0,"14":0,"15":0,"16":0,"17":0,"18":0,"19":0,"20":0,"21":0,"22":0,"23":0,"24":0,"25":0,"26":0,"27":0,"28":0,"29":0,"30":0,"31":0,"32":0,"33":0,"34":0,"35":0,"36":0,"37":0,"38":0,"39":0,"40":0},"f":{"0":0,"1":0,"2":0,"3":0,"4":0,"5":0,"6":0,"7":0,"8":0},"b":{"0":[0,0],"1":[0,0],"2":[0,0],"3":[0,0],"4":[0,0],"5":[0,0],"6":[0,0],"7":[0,0],"8":[0,0,0],"9":[0,0],"10":[0,0]}}
,"C:\\Users\\Timi\\WebstormProjects\\untitled\\project.wechat.vue\\src\\components\\agreementMod\\agreementMod.vue": {"path":"C:\\Users\\Timi\\WebstormProjects\\untitled\\project.wechat.vue\\src\\components\\agreementMod\\agreementMod.vue","statementMap":{"0":{"start":{"line":1,"column":1},"end":{"line":148,"column":4}},"1":{"start":{"line":4,"column":0},"end":{"line":6,"column":3}},"2":{"start":{"line":144,"column":0},"end":{"line":147,"column":2}},"3":{"start":{"line":149,"column":0},"end":{"line":149,"column":70}},"4":{"start":{"line":149,"column":31},"end":{"line":149,"column":70}},"5":{"start":{"line":150,"column":24},"end":{"line":150,"column":100}},"6":{"start":{"line":151,"column":0},"end":{"line":151,"column":310}},"7":{"start":{"line":151,"column":54},"end":{"line":151,"column":58}},"8":{"start":{"line":151,"column":66},"end":{"line":151,"column":84}},"9":{"start":{"line":151,"column":92},"end":{"line":151,"column":108}},"10":{"start":{"line":151,"column":109},"end":{"line":151,"column":309}},"11":{"start":{"line":152,"column":0},"end":{"line":152,"column":8720}},"12":{"start":{"line":152,"column":64},"end":{"line":152,"column":68}},"13":{"start":{"line":152,"column":76},"end":{"line":152,"column":94}},"14":{"start":{"line":152,"column":102},"end":{"line":152,"column":118}},"15":{"start":{"line":152,"column":119},"end":{"line":152,"column":8718}}},"fnMap":{"0":{"name":"(anonymous_0)","decl":{"start":{"line":1,"column":2},"end":{"line":1,"column":3}},"loc":{"start":{"line":1,"column":12},"end":{"line":148,"column":1}},"line":1},"1":{"name":"render","decl":{"start":{"line":151,"column":35},"end":{"line":151,"column":41}},"loc":{"start":{"line":151,"column":45},"end":{"line":151,"column":310}},"line":151},"2":{"name":"render","decl":{"start":{"line":152,"column":45},"end":{"line":152,"column":51}},"loc":{"start":{"line":152,"column":55},"end":{"line":152,"column":8719}},"line":152}},"branchMap":{"0":{"loc":{"start":{"line":149,"column":0},"end":{"line":149,"column":70}},"type":"if","locations":[{"start":{"line":149,"column":0},"end":{"line":149,"column":70}},{"start":{"line":149,"column":0},"end":{"line":149,"column":70}}],"line":149},"1":{"loc":{"start":{"line":150,"column":24},"end":{"line":150,"column":100}},"type":"cond-expr","locations":[{"start":{"line":150,"column":62},"end":{"line":150,"column":84}},{"start":{"line":150,"column":86},"end":{"line":150,"column":100}}],"line":150},"2":{"loc":{"start":{"line":151,"column":92},"end":{"line":151,"column":108}},"type":"binary-expr","locations":[{"start":{"line":151,"column":92},"end":{"line":151,"column":104}},{"start":{"line":151,"column":106},"end":{"line":151,"column":108}}],"line":151},"3":{"loc":{"start":{"line":152,"column":102},"end":{"line":152,"column":118}},"type":"binary-expr","locations":[{"start":{"line":152,"column":102},"end":{"line":152,"column":114}},{"start":{"line":152,"column":116},"end":{"line":152,"column":118}}],"line":152}},"s":{"0":0,"1":0,"2":0,"3":0,"4":0,"5":0,"6":0,"7":0,"8":0,"9":0,"10":0,"11":0,"12":0,"13":0,"14":0,"15":0},"f":{"0":0,"1":0,"2":0},"b":{"0":[0,0],"1":[0,0],"2":[0,0],"3":[0,0]}}
,"C:\\Users\\Timi\\WebstormProjects\\untitled\\project.wechat.vue\\src\\components\\allBankList\\allBankList.vue": {"path":"C:\\Users\\Timi\\WebstormProjects\\untitled\\project.wechat.vue\\src\\components\\allBankList\\allBankList.vue","statementMap":{"0":{"start":{"line":1,"column":1},"end":{"line":54,"column":4}},"1":{"start":{"line":4,"column":0},"end":{"line":6,"column":3}},"2":{"start":{"line":19,"column":0},"end":{"line":53,"column":2}},"3":{"start":{"line":23,"column":4},"end":{"line":23,"column":14}},"4":{"start":{"line":36,"column":6},"end":{"line":43,"column":9}},"5":{"start":{"line":44,"column":6},"end":{"line":50,"column":9}},"6":{"start":{"line":55,"column":0},"end":{"line":55,"column":70}},"7":{"start":{"line":55,"column":31},"end":{"line":55,"column":70}},"8":{"start":{"line":56,"column":24},"end":{"line":56,"column":100}},"9":{"start":{"line":57,"column":0},"end":{"line":57,"column":493}},"10":{"start":{"line":57,"column":54},"end":{"line":57,"column":58}},"11":{"start":{"line":57,"column":66},"end":{"line":57,"column":84}},"12":{"start":{"line":57,"column":92},"end":{"line":57,"column":108}},"13":{"start":{"line":57,"column":109},"end":{"line":57,"column":492}},"14":{"start":{"line":57,"column":278},"end":{"line":57,"column":478}},"15":{"start":{"line":57,"column":333},"end":{"line":57,"column":362}},"16":{"start":{"line":58,"column":0},"end":{"line":58,"column":37}}},"fnMap":{"0":{"name":"(anonymous_0)","decl":{"start":{"line":1,"column":2},"end":{"line":1,"column":3}},"loc":{"start":{"line":1,"column":12},"end":{"line":54,"column":1}},"line":1},"1":{"name":"data","decl":{"start":{"line":22,"column":17},"end":{"line":22,"column":21}},"loc":{"start":{"line":22,"column":24},"end":{"line":24,"column":3}},"line":22},"2":{"name":"mounted","decl":{"start":{"line":31,"column":20},"end":{"line":31,"column":27}},"loc":{"start":{"line":31,"column":30},"end":{"line":31,"column":32}},"line":31},"3":{"name":"redirect","decl":{"start":{"line":35,"column":23},"end":{"line":35,"column":31}},"loc":{"start":{"line":35,"column":38},"end":{"line":51,"column":5}},"line":35},"4":{"name":"render","decl":{"start":{"line":57,"column":35},"end":{"line":57,"column":41}},"loc":{"start":{"line":57,"column":45},"end":{"line":57,"column":493}},"line":57},"5":{"name":"(anonymous_5)","decl":{"start":{"line":57,"column":246},"end":{"line":57,"column":247}},"loc":{"start":{"line":57,"column":277},"end":{"line":57,"column":479}},"line":57},"6":{"name":"(anonymous_6)","decl":{"start":{"line":57,"column":316},"end":{"line":57,"column":317}},"loc":{"start":{"line":57,"column":332},"end":{"line":57,"column":363}},"line":57}},"branchMap":{"0":{"loc":{"start":{"line":55,"column":0},"end":{"line":55,"column":70}},"type":"if","locations":[{"start":{"line":55,"column":0},"end":{"line":55,"column":70}},{"start":{"line":55,"column":0},"end":{"line":55,"column":70}}],"line":55},"1":{"loc":{"start":{"line":56,"column":24},"end":{"line":56,"column":100}},"type":"cond-expr","locations":[{"start":{"line":56,"column":62},"end":{"line":56,"column":84}},{"start":{"line":56,"column":86},"end":{"line":56,"column":100}}],"line":56},"2":{"loc":{"start":{"line":57,"column":92},"end":{"line":57,"column":108}},"type":"binary-expr","locations":[{"start":{"line":57,"column":92},"end":{"line":57,"column":104}},{"start":{"line":57,"column":106},"end":{"line":57,"column":108}}],"line":57},"3":{"loc":{"start":{"line":57,"column":116},"end":{"line":57,"column":492}},"type":"cond-expr","locations":[{"start":{"line":57,"column":139},"end":{"line":57,"column":483}},{"start":{"line":57,"column":484},"end":{"line":57,"column":492}}],"line":57}},"s":{"0":0,"1":0,"2":0,"3":0,"4":0,"5":0,"6":0,"7":0,"8":0,"9":0,"10":0,"11":0,"12":0,"13":0,"14":0,"15":0,"16":0},"f":{"0":0,"1":0,"2":0,"3":0,"4":0,"5":0,"6":0},"b":{"0":[0,0],"1":[0,0],"2":[0,0],"3":[0,0]}}
,"C:\\Users\\Timi\\WebstormProjects\\untitled\\project.wechat.vue\\src\\components\\attentionMod\\attentionMod.vue": {"path":"C:\\Users\\Timi\\WebstormProjects\\untitled\\project.wechat.vue\\src\\components\\attentionMod\\attentionMod.vue","statementMap":{"0":{"start":{"line":1,"column":1},"end":{"line":37,"column":4}},"1":{"start":{"line":4,"column":0},"end":{"line":6,"column":3}},"2":{"start":{"line":17,"column":0},"end":{"line":36,"column":2}},"3":{"start":{"line":20,"column":4},"end":{"line":20,"column":14}},"4":{"start":{"line":33,"column":6},"end":{"line":33,"column":21}},"5":{"start":{"line":38,"column":0},"end":{"line":38,"column":70}},"6":{"start":{"line":38,"column":31},"end":{"line":38,"column":70}},"7":{"start":{"line":39,"column":24},"end":{"line":39,"column":100}},"8":{"start":{"line":40,"column":0},"end":{"line":40,"column":533}},"9":{"start":{"line":40,"column":54},"end":{"line":40,"column":58}},"10":{"start":{"line":40,"column":66},"end":{"line":40,"column":84}},"11":{"start":{"line":40,"column":92},"end":{"line":40,"column":108}},"12":{"start":{"line":40,"column":109},"end":{"line":40,"column":532}},"13":{"start":{"line":40,"column":212},"end":{"line":40,"column":270}},"14":{"start":{"line":40,"column":256},"end":{"line":40,"column":268}},"15":{"start":{"line":40,"column":270},"end":{"line":40,"column":288}},"16":{"start":{"line":40,"column":350},"end":{"line":40,"column":375}},"17":{"start":{"line":41,"column":0},"end":{"line":41,"column":37}}},"fnMap":{"0":{"name":"(anonymous_0)","decl":{"start":{"line":1,"column":2},"end":{"line":1,"column":3}},"loc":{"start":{"line":1,"column":12},"end":{"line":37,"column":1}},"line":1},"1":{"name":"data","decl":{"start":{"line":19,"column":17},"end":{"line":19,"column":21}},"loc":{"start":{"line":19,"column":24},"end":{"line":21,"column":3}},"line":19},"2":{"name":"mounted","decl":{"start":{"line":28,"column":20},"end":{"line":28,"column":27}},"loc":{"start":{"line":28,"column":30},"end":{"line":28,"column":32}},"line":28},"3":{"name":"a","decl":{"start":{"line":32,"column":16},"end":{"line":32,"column":17}},"loc":{"start":{"line":32,"column":20},"end":{"line":34,"column":5}},"line":32},"4":{"name":"render","decl":{"start":{"line":40,"column":35},"end":{"line":40,"column":41}},"loc":{"start":{"line":40,"column":45},"end":{"line":40,"column":533}},"line":40},"5":{"name":"(anonymous_5)","decl":{"start":{"line":40,"column":195},"end":{"line":40,"column":196}},"loc":{"start":{"line":40,"column":211},"end":{"line":40,"column":289}},"line":40},"6":{"name":"(anonymous_6)","decl":{"start":{"line":40,"column":333},"end":{"line":40,"column":334}},"loc":{"start":{"line":40,"column":349},"end":{"line":40,"column":376}},"line":40}},"branchMap":{"0":{"loc":{"start":{"line":38,"column":0},"end":{"line":38,"column":70}},"type":"if","locations":[{"start":{"line":38,"column":0},"end":{"line":38,"column":70}},{"start":{"line":38,"column":0},"end":{"line":38,"column":70}}],"line":38},"1":{"loc":{"start":{"line":39,"column":24},"end":{"line":39,"column":100}},"type":"cond-expr","locations":[{"start":{"line":39,"column":62},"end":{"line":39,"column":84}},{"start":{"line":39,"column":86},"end":{"line":39,"column":100}}],"line":39},"2":{"loc":{"start":{"line":40,"column":92},"end":{"line":40,"column":108}},"type":"binary-expr","locations":[{"start":{"line":40,"column":92},"end":{"line":40,"column":104}},{"start":{"line":40,"column":106},"end":{"line":40,"column":108}}],"line":40},"3":{"loc":{"start":{"line":40,"column":212},"end":{"line":40,"column":270}},"type":"if","locations":[{"start":{"line":40,"column":212},"end":{"line":40,"column":270}},{"start":{"line":40,"column":212},"end":{"line":40,"column":270}}],"line":40}},"s":{"0":0,"1":0,"2":0,"3":0,"4":0,"5":0,"6":0,"7":0,"8":0,"9":0,"10":0,"11":0,"12":0,"13":0,"14":0,"15":0,"16":0,"17":0},"f":{"0":0,"1":0,"2":0,"3":0,"4":0,"5":0,"6":0},"b":{"0":[0,0],"1":[0,0],"2":[0,0],"3":[0,0]}}
,"C:\\Users\\Timi\\WebstormProjects\\untitled\\project.wechat.vue\\src\\components\\authenticationList\\authenticationList.vue": {"path":"C:\\Users\\Timi\\WebstormProjects\\untitled\\project.wechat.vue\\src\\components\\authenticationList\\authenticationList.vue","statementMap":{"0":{"start":{"line":1,"column":1},"end":{"line":35,"column":4}},"1":{"start":{"line":4,"column":0},"end":{"line":6,"column":3}},"2":{"start":{"line":19,"column":0},"end":{"line":34,"column":2}},"3":{"start":{"line":22,"column":4},"end":{"line":22,"column":14}},"4":{"start":{"line":36,"column":0},"end":{"line":36,"column":70}},"5":{"start":{"line":36,"column":31},"end":{"line":36,"column":70}},"6":{"start":{"line":37,"column":24},"end":{"line":37,"column":100}},"7":{"start":{"line":38,"column":0},"end":{"line":38,"column":499}},"8":{"start":{"line":38,"column":54},"end":{"line":38,"column":58}},"9":{"start":{"line":38,"column":66},"end":{"line":38,"column":84}},"10":{"start":{"line":38,"column":92},"end":{"line":38,"column":108}},"11":{"start":{"line":38,"column":109},"end":{"line":38,"column":498}},"12":{"start":{"line":38,"column":340},"end":{"line":38,"column":493}},"13":{"start":{"line":39,"column":0},"end":{"line":39,"column":37}}},"fnMap":{"0":{"name":"(anonymous_0)","decl":{"start":{"line":1,"column":2},"end":{"line":1,"column":3}},"loc":{"start":{"line":1,"column":12},"end":{"line":35,"column":1}},"line":1},"1":{"name":"data","decl":{"start":{"line":21,"column":17},"end":{"line":21,"column":21}},"loc":{"start":{"line":21,"column":24},"end":{"line":23,"column":3}},"line":21},"2":{"name":"mounted","decl":{"start":{"line":30,"column":20},"end":{"line":30,"column":27}},"loc":{"start":{"line":30,"column":30},"end":{"line":30,"column":32}},"line":30},"3":{"name":"render","decl":{"start":{"line":38,"column":35},"end":{"line":38,"column":41}},"loc":{"start":{"line":38,"column":45},"end":{"line":38,"column":499}},"line":38},"4":{"name":"(anonymous_4)","decl":{"start":{"line":38,"column":301},"end":{"line":38,"column":302}},"loc":{"start":{"line":38,"column":339},"end":{"line":38,"column":494}},"line":38}},"branchMap":{"0":{"loc":{"start":{"line":36,"column":0},"end":{"line":36,"column":70}},"type":"if","locations":[{"start":{"line":36,"column":0},"end":{"line":36,"column":70}},{"start":{"line":36,"column":0},"end":{"line":36,"column":70}}],"line":36},"1":{"loc":{"start":{"line":37,"column":24},"end":{"line":37,"column":100}},"type":"cond-expr","locations":[{"start":{"line":37,"column":62},"end":{"line":37,"column":84}},{"start":{"line":37,"column":86},"end":{"line":37,"column":100}}],"line":37},"2":{"loc":{"start":{"line":38,"column":92},"end":{"line":38,"column":108}},"type":"binary-expr","locations":[{"start":{"line":38,"column":92},"end":{"line":38,"column":104}},{"start":{"line":38,"column":106},"end":{"line":38,"column":108}}],"line":38}},"s":{"0":0,"1":0,"2":0,"3":0,"4":0,"5":0,"6":0,"7":0,"8":0,"9":0,"10":0,"11":0,"12":0,"13":0},"f":{"0":0,"1":0,"2":0,"3":0,"4":0},"b":{"0":[0,0],"1":[0,0],"2":[0,0]}}
,"C:\\Users\\Timi\\WebstormProjects\\untitled\\project.wechat.vue\\src\\components\\awaitMod\\awaitMod.vue": {"path":"C:\\Users\\Timi\\WebstormProjects\\untitled\\project.wechat.vue\\src\\components\\awaitMod\\awaitMod.vue","statementMap":{"0":{"start":{"line":1,"column":1},"end":{"line":30,"column":4}},"1":{"start":{"line":4,"column":0},"end":{"line":6,"column":3}},"2":{"start":{"line":15,"column":0},"end":{"line":29,"column":2}},"3":{"start":{"line":17,"column":4},"end":{"line":17,"column":14}},"4":{"start":{"line":31,"column":0},"end":{"line":31,"column":70}},"5":{"start":{"line":31,"column":31},"end":{"line":31,"column":70}},"6":{"start":{"line":32,"column":24},"end":{"line":32,"column":100}},"7":{"start":{"line":33,"column":0},"end":{"line":33,"column":126}},"8":{"start":{"line":33,"column":54},"end":{"line":33,"column":58}},"9":{"start":{"line":33,"column":66},"end":{"line":33,"column":84}},"10":{"start":{"line":33,"column":92},"end":{"line":33,"column":108}},"11":{"start":{"line":33,"column":109},"end":{"line":33,"column":125}},"12":{"start":{"line":34,"column":0},"end":{"line":34,"column":196}},"13":{"start":{"line":34,"column":64},"end":{"line":34,"column":68}},"14":{"start":{"line":34,"column":76},"end":{"line":34,"column":94}},"15":{"start":{"line":34,"column":102},"end":{"line":34,"column":118}},"16":{"start":{"line":34,"column":119},"end":{"line":34,"column":194}}},"fnMap":{"0":{"name":"(anonymous_0)","decl":{"start":{"line":1,"column":2},"end":{"line":1,"column":3}},"loc":{"start":{"line":1,"column":12},"end":{"line":30,"column":1}},"line":1},"1":{"name":"data","decl":{"start":{"line":16,"column":17},"end":{"line":16,"column":21}},"loc":{"start":{"line":16,"column":24},"end":{"line":18,"column":3}},"line":16},"2":{"name":"mounted","decl":{"start":{"line":25,"column":20},"end":{"line":25,"column":27}},"loc":{"start":{"line":25,"column":30},"end":{"line":25,"column":32}},"line":25},"3":{"name":"render","decl":{"start":{"line":33,"column":35},"end":{"line":33,"column":41}},"loc":{"start":{"line":33,"column":45},"end":{"line":33,"column":126}},"line":33},"4":{"name":"render","decl":{"start":{"line":34,"column":45},"end":{"line":34,"column":51}},"loc":{"start":{"line":34,"column":55},"end":{"line":34,"column":195}},"line":34}},"branchMap":{"0":{"loc":{"start":{"line":31,"column":0},"end":{"line":31,"column":70}},"type":"if","locations":[{"start":{"line":31,"column":0},"end":{"line":31,"column":70}},{"start":{"line":31,"column":0},"end":{"line":31,"column":70}}],"line":31},"1":{"loc":{"start":{"line":32,"column":24},"end":{"line":32,"column":100}},"type":"cond-expr","locations":[{"start":{"line":32,"column":62},"end":{"line":32,"column":84}},{"start":{"line":32,"column":86},"end":{"line":32,"column":100}}],"line":32},"2":{"loc":{"start":{"line":33,"column":92},"end":{"line":33,"column":108}},"type":"binary-expr","locations":[{"start":{"line":33,"column":92},"end":{"line":33,"column":104}},{"start":{"line":33,"column":106},"end":{"line":33,"column":108}}],"line":33},"3":{"loc":{"start":{"line":34,"column":102},"end":{"line":34,"column":118}},"type":"binary-expr","locations":[{"start":{"line":34,"column":102},"end":{"line":34,"column":114}},{"start":{"line":34,"column":116},"end":{"line":34,"column":118}}],"line":34}},"s":{"0":0,"1":0,"2":0,"3":0,"4":0,"5":0,"6":0,"7":0,"8":0,"9":0,"10":0,"11":0,"12":0,"13":0,"14":0,"15":0,"16":0},"f":{"0":0,"1":0,"2":0,"3":0,"4":0},"b":{"0":[0,0],"1":[0,0],"2":[0,0],"3":[0,0]}}
,"C:\\Users\\Timi\\WebstormProjects\\untitled\\project.wechat.vue\\src\\components\\bankInquireMod\\bankInquireMod.vue": {"path":"C:\\Users\\Timi\\WebstormProjects\\untitled\\project.wechat.vue\\src\\components\\bankInquireMod\\bankInquireMod.vue","statementMap":{"0":{"start":{"line":1,"column":1},"end":{"line":37,"column":4}},"1":{"start":{"line":4,"column":0},"end":{"line":6,"column":3}},"2":{"start":{"line":21,"column":0},"end":{"line":36,"column":2}},"3":{"start":{"line":24,"column":4},"end":{"line":24,"column":14}},"4":{"start":{"line":38,"column":0},"end":{"line":38,"column":70}},"5":{"start":{"line":38,"column":31},"end":{"line":38,"column":70}},"6":{"start":{"line":39,"column":24},"end":{"line":39,"column":100}},"7":{"start":{"line":40,"column":0},"end":{"line":40,"column":459}},"8":{"start":{"line":40,"column":54},"end":{"line":40,"column":58}},"9":{"start":{"line":40,"column":66},"end":{"line":40,"column":84}},"10":{"start":{"line":40,"column":92},"end":{"line":40,"column":108}},"11":{"start":{"line":40,"column":109},"end":{"line":40,"column":458}},"12":{"start":{"line":40,"column":255},"end":{"line":40,"column":453}},"13":{"start":{"line":41,"column":0},"end":{"line":41,"column":37}}},"fnMap":{"0":{"name":"(anonymous_0)","decl":{"start":{"line":1,"column":2},"end":{"line":1,"column":3}},"loc":{"start":{"line":1,"column":12},"end":{"line":37,"column":1}},"line":1},"1":{"name":"data","decl":{"start":{"line":23,"column":17},"end":{"line":23,"column":21}},"loc":{"start":{"line":23,"column":24},"end":{"line":25,"column":3}},"line":23},"2":{"name":"mounted","decl":{"start":{"line":32,"column":20},"end":{"line":32,"column":27}},"loc":{"start":{"line":32,"column":30},"end":{"line":32,"column":32}},"line":32},"3":{"name":"render","decl":{"start":{"line":40,"column":35},"end":{"line":40,"column":41}},"loc":{"start":{"line":40,"column":45},"end":{"line":40,"column":459}},"line":40},"4":{"name":"(anonymous_4)","decl":{"start":{"line":40,"column":223},"end":{"line":40,"column":224}},"loc":{"start":{"line":40,"column":254},"end":{"line":40,"column":454}},"line":40}},"branchMap":{"0":{"loc":{"start":{"line":38,"column":0},"end":{"line":38,"column":70}},"type":"if","locations":[{"start":{"line":38,"column":0},"end":{"line":38,"column":70}},{"start":{"line":38,"column":0},"end":{"line":38,"column":70}}],"line":38},"1":{"loc":{"start":{"line":39,"column":24},"end":{"line":39,"column":100}},"type":"cond-expr","locations":[{"start":{"line":39,"column":62},"end":{"line":39,"column":84}},{"start":{"line":39,"column":86},"end":{"line":39,"column":100}}],"line":39},"2":{"loc":{"start":{"line":40,"column":92},"end":{"line":40,"column":108}},"type":"binary-expr","locations":[{"start":{"line":40,"column":92},"end":{"line":40,"column":104}},{"start":{"line":40,"column":106},"end":{"line":40,"column":108}}],"line":40}},"s":{"0":0,"1":0,"2":0,"3":0,"4":0,"5":0,"6":0,"7":0,"8":0,"9":0,"10":0,"11":0,"12":0,"13":0},"f":{"0":0,"1":0,"2":0,"3":0,"4":0},"b":{"0":[0,0],"1":[0,0],"2":[0,0]}}
,"C:\\Users\\Timi\\WebstormProjects\\untitled\\project.wechat.vue\\src\\components\\cardHeadLine\\cardHeadLine.vue": {"path":"C:\\Users\\Timi\\WebstormProjects\\untitled\\project.wechat.vue\\src\\components\\cardHeadLine\\cardHeadLine.vue","statementMap":{"0":{"start":{"line":1,"column":1},"end":{"line":31,"column":4}},"1":{"start":{"line":4,"column":0},"end":{"line":6,"column":3}},"2":{"start":{"line":15,"column":0},"end":{"line":30,"column":2}},"3":{"start":{"line":18,"column":4},"end":{"line":18,"column":14}},"4":{"start":{"line":32,"column":0},"end":{"line":32,"column":70}},"5":{"start":{"line":32,"column":31},"end":{"line":32,"column":70}},"6":{"start":{"line":33,"column":24},"end":{"line":33,"column":100}},"7":{"start":{"line":34,"column":0},"end":{"line":34,"column":310}},"8":{"start":{"line":34,"column":54},"end":{"line":34,"column":58}},"9":{"start":{"line":34,"column":66},"end":{"line":34,"column":84}},"10":{"start":{"line":34,"column":92},"end":{"line":34,"column":108}},"11":{"start":{"line":34,"column":109},"end":{"line":34,"column":309}},"12":{"start":{"line":35,"column":0},"end":{"line":35,"column":37}}},"fnMap":{"0":{"name":"(anonymous_0)","decl":{"start":{"line":1,"column":2},"end":{"line":1,"column":3}},"loc":{"start":{"line":1,"column":12},"end":{"line":31,"column":1}},"line":1},"1":{"name":"data","decl":{"start":{"line":17,"column":17},"end":{"line":17,"column":21}},"loc":{"start":{"line":17,"column":24},"end":{"line":19,"column":3}},"line":17},"2":{"name":"mounted","decl":{"start":{"line":26,"column":20},"end":{"line":26,"column":27}},"loc":{"start":{"line":26,"column":30},"end":{"line":26,"column":32}},"line":26},"3":{"name":"render","decl":{"start":{"line":34,"column":35},"end":{"line":34,"column":41}},"loc":{"start":{"line":34,"column":45},"end":{"line":34,"column":310}},"line":34}},"branchMap":{"0":{"loc":{"start":{"line":32,"column":0},"end":{"line":32,"column":70}},"type":"if","locations":[{"start":{"line":32,"column":0},"end":{"line":32,"column":70}},{"start":{"line":32,"column":0},"end":{"line":32,"column":70}}],"line":32},"1":{"loc":{"start":{"line":33,"column":24},"end":{"line":33,"column":100}},"type":"cond-expr","locations":[{"start":{"line":33,"column":62},"end":{"line":33,"column":84}},{"start":{"line":33,"column":86},"end":{"line":33,"column":100}}],"line":33},"2":{"loc":{"start":{"line":34,"column":92},"end":{"line":34,"column":108}},"type":"binary-expr","locations":[{"start":{"line":34,"column":92},"end":{"line":34,"column":104}},{"start":{"line":34,"column":106},"end":{"line":34,"column":108}}],"line":34}},"s":{"0":0,"1":0,"2":0,"3":0,"4":0,"5":0,"6":0,"7":0,"8":0,"9":0,"10":0,"11":0,"12":0},"f":{"0":0,"1":0,"2":0,"3":0},"b":{"0":[0,0],"1":[0,0],"2":[0,0]}}
,"C:\\Users\\Timi\\WebstormProjects\\untitled\\project.wechat.vue\\src\\components\\checkboxHeadLine\\checkboxHeadLine.vue": {"path":"C:\\Users\\Timi\\WebstormProjects\\untitled\\project.wechat.vue\\src\\components\\checkboxHeadLine\\checkboxHeadLine.vue","statementMap":{"0":{"start":{"line":1,"column":1},"end":{"line":30,"column":4}},"1":{"start":{"line":4,"column":0},"end":{"line":6,"column":3}},"2":{"start":{"line":14,"column":0},"end":{"line":29,"column":2}},"3":{"start":{"line":17,"column":4},"end":{"line":17,"column":14}},"4":{"start":{"line":31,"column":0},"end":{"line":31,"column":70}},"5":{"start":{"line":31,"column":31},"end":{"line":31,"column":70}},"6":{"start":{"line":32,"column":24},"end":{"line":32,"column":100}},"7":{"start":{"line":33,"column":0},"end":{"line":33,"column":188}},"8":{"start":{"line":33,"column":54},"end":{"line":33,"column":58}},"9":{"start":{"line":33,"column":66},"end":{"line":33,"column":84}},"10":{"start":{"line":33,"column":92},"end":{"line":33,"column":108}},"11":{"start":{"line":33,"column":109},"end":{"line":33,"column":187}},"12":{"start":{"line":34,"column":0},"end":{"line":34,"column":37}}},"fnMap":{"0":{"name":"(anonymous_0)","decl":{"start":{"line":1,"column":2},"end":{"line":1,"column":3}},"loc":{"start":{"line":1,"column":12},"end":{"line":30,"column":1}},"line":1},"1":{"name":"data","decl":{"start":{"line":16,"column":17},"end":{"line":16,"column":21}},"loc":{"start":{"line":16,"column":24},"end":{"line":18,"column":3}},"line":16},"2":{"name":"mounted","decl":{"start":{"line":25,"column":20},"end":{"line":25,"column":27}},"loc":{"start":{"line":25,"column":30},"end":{"line":25,"column":32}},"line":25},"3":{"name":"render","decl":{"start":{"line":33,"column":35},"end":{"line":33,"column":41}},"loc":{"start":{"line":33,"column":45},"end":{"line":33,"column":188}},"line":33}},"branchMap":{"0":{"loc":{"start":{"line":31,"column":0},"end":{"line":31,"column":70}},"type":"if","locations":[{"start":{"line":31,"column":0},"end":{"line":31,"column":70}},{"start":{"line":31,"column":0},"end":{"line":31,"column":70}}],"line":31},"1":{"loc":{"start":{"line":32,"column":24},"end":{"line":32,"column":100}},"type":"cond-expr","locations":[{"start":{"line":32,"column":62},"end":{"line":32,"column":84}},{"start":{"line":32,"column":86},"end":{"line":32,"column":100}}],"line":32},"2":{"loc":{"start":{"line":33,"column":92},"end":{"line":33,"column":108}},"type":"binary-expr","locations":[{"start":{"line":33,"column":92},"end":{"line":33,"column":104}},{"start":{"line":33,"column":106},"end":{"line":33,"column":108}}],"line":33}},"s":{"0":0,"1":0,"2":0,"3":0,"4":0,"5":0,"6":0,"7":0,"8":0,"9":0,"10":0,"11":0,"12":0},"f":{"0":0,"1":0,"2":0,"3":0},"b":{"0":[0,0],"1":[0,0],"2":[0,0]}}
,"C:\\Users\\Timi\\WebstormProjects\\untitled\\project.wechat.vue\\src\\components\\checkboxList\\checkboxList.vue": {"path":"C:\\Users\\Timi\\WebstormProjects\\untitled\\project.wechat.vue\\src\\components\\checkboxList\\checkboxList.vue","statementMap":{"0":{"start":{"line":1,"column":1},"end":{"line":42,"column":4}},"1":{"start":{"line":4,"column":0},"end":{"line":6,"column":3}},"2":{"start":{"line":22,"column":0},"end":{"line":41,"column":2}},"3":{"start":{"line":25,"column":4},"end":{"line":25,"column":14}},"4":{"start":{"line":38,"column":6},"end":{"line":38,"column":85}},"5":{"start":{"line":43,"column":0},"end":{"line":43,"column":70}},"6":{"start":{"line":43,"column":31},"end":{"line":43,"column":70}},"7":{"start":{"line":44,"column":24},"end":{"line":44,"column":100}},"8":{"start":{"line":45,"column":0},"end":{"line":45,"column":749}},"9":{"start":{"line":45,"column":54},"end":{"line":45,"column":58}},"10":{"start":{"line":45,"column":66},"end":{"line":45,"column":84}},"11":{"start":{"line":45,"column":92},"end":{"line":45,"column":108}},"12":{"start":{"line":45,"column":109},"end":{"line":45,"column":748}},"13":{"start":{"line":45,"column":267},"end":{"line":45,"column":734}},"14":{"start":{"line":45,"column":322},"end":{"line":45,"column":342}},"15":{"start":{"line":46,"column":0},"end":{"line":46,"column":37}}},"fnMap":{"0":{"name":"(anonymous_0)","decl":{"start":{"line":1,"column":2},"end":{"line":1,"column":3}},"loc":{"start":{"line":1,"column":12},"end":{"line":42,"column":1}},"line":1},"1":{"name":"data","decl":{"start":{"line":24,"column":17},"end":{"line":24,"column":21}},"loc":{"start":{"line":24,"column":24},"end":{"line":26,"column":3}},"line":24},"2":{"name":"mounted","decl":{"start":{"line":33,"column":20},"end":{"line":33,"column":27}},"loc":{"start":{"line":33,"column":30},"end":{"line":33,"column":32}},"line":33},"3":{"name":"imgIsShow","decl":{"start":{"line":37,"column":24},"end":{"line":37,"column":33}},"loc":{"start":{"line":37,"column":41},"end":{"line":39,"column":5}},"line":37},"4":{"name":"render","decl":{"start":{"line":45,"column":35},"end":{"line":45,"column":41}},"loc":{"start":{"line":45,"column":45},"end":{"line":45,"column":749}},"line":45},"5":{"name":"(anonymous_5)","decl":{"start":{"line":45,"column":246},"end":{"line":45,"column":247}},"loc":{"start":{"line":45,"column":266},"end":{"line":45,"column":735}},"line":45},"6":{"name":"(anonymous_6)","decl":{"start":{"line":45,"column":305},"end":{"line":45,"column":306}},"loc":{"start":{"line":45,"column":321},"end":{"line":45,"column":343}},"line":45}},"branchMap":{"0":{"loc":{"start":{"line":43,"column":0},"end":{"line":43,"column":70}},"type":"if","locations":[{"start":{"line":43,"column":0},"end":{"line":43,"column":70}},{"start":{"line":43,"column":0},"end":{"line":43,"column":70}}],"line":43},"1":{"loc":{"start":{"line":44,"column":24},"end":{"line":44,"column":100}},"type":"cond-expr","locations":[{"start":{"line":44,"column":62},"end":{"line":44,"column":84}},{"start":{"line":44,"column":86},"end":{"line":44,"column":100}}],"line":44},"2":{"loc":{"start":{"line":45,"column":92},"end":{"line":45,"column":108}},"type":"binary-expr","locations":[{"start":{"line":45,"column":92},"end":{"line":45,"column":104}},{"start":{"line":45,"column":106},"end":{"line":45,"column":108}}],"line":45},"3":{"loc":{"start":{"line":45,"column":116},"end":{"line":45,"column":748}},"type":"cond-expr","locations":[{"start":{"line":45,"column":140},"end":{"line":45,"column":739}},{"start":{"line":45,"column":740},"end":{"line":45,"column":748}}],"line":45}},"s":{"0":0,"1":0,"2":0,"3":0,"4":0,"5":0,"6":0,"7":0,"8":0,"9":0,"10":0,"11":0,"12":0,"13":0,"14":0,"15":0},"f":{"0":0,"1":0,"2":0,"3":0,"4":0,"5":0,"6":0},"b":{"0":[0,0],"1":[0,0],"2":[0,0],"3":[0,0]}}
,"C:\\Users\\Timi\\WebstormProjects\\untitled\\project.wechat.vue\\src\\components\\creditCardMod\\creditCardMod.vue": {"path":"C:\\Users\\Timi\\WebstormProjects\\untitled\\project.wechat.vue\\src\\components\\creditCardMod\\creditCardMod.vue","statementMap":{"0":{"start":{"line":1,"column":1},"end":{"line":44,"column":4}},"1":{"start":{"line":4,"column":0},"end":{"line":6,"column":3}},"2":{"start":{"line":27,"column":0},"end":{"line":43,"column":2}},"3":{"start":{"line":31,"column":4},"end":{"line":31,"column":14}},"4":{"start":{"line":45,"column":0},"end":{"line":45,"column":70}},"5":{"start":{"line":45,"column":31},"end":{"line":45,"column":70}},"6":{"start":{"line":46,"column":24},"end":{"line":46,"column":100}},"7":{"start":{"line":47,"column":0},"end":{"line":47,"column":1005}},"8":{"start":{"line":47,"column":54},"end":{"line":47,"column":58}},"9":{"start":{"line":47,"column":66},"end":{"line":47,"column":84}},"10":{"start":{"line":47,"column":92},"end":{"line":47,"column":108}},"11":{"start":{"line":47,"column":109},"end":{"line":47,"column":1004}},"12":{"start":{"line":47,"column":259},"end":{"line":47,"column":990}},"13":{"start":{"line":47,"column":793},"end":{"line":47,"column":818}},"14":{"start":{"line":47,"column":818},"end":{"line":47,"column":865}},"15":{"start":{"line":48,"column":0},"end":{"line":48,"column":37}}},"fnMap":{"0":{"name":"(anonymous_0)","decl":{"start":{"line":1,"column":2},"end":{"line":1,"column":3}},"loc":{"start":{"line":1,"column":12},"end":{"line":44,"column":1}},"line":1},"1":{"name":"data","decl":{"start":{"line":30,"column":17},"end":{"line":30,"column":21}},"loc":{"start":{"line":30,"column":24},"end":{"line":32,"column":3}},"line":30},"2":{"name":"mounted","decl":{"start":{"line":39,"column":20},"end":{"line":39,"column":27}},"loc":{"start":{"line":39,"column":30},"end":{"line":39,"column":32}},"line":39},"3":{"name":"render","decl":{"start":{"line":47,"column":35},"end":{"line":47,"column":41}},"loc":{"start":{"line":47,"column":45},"end":{"line":47,"column":1005}},"line":47},"4":{"name":"(anonymous_4)","decl":{"start":{"line":47,"column":225},"end":{"line":47,"column":226}},"loc":{"start":{"line":47,"column":258},"end":{"line":47,"column":991}},"line":47},"5":{"name":"(anonymous_5)","decl":{"start":{"line":47,"column":776},"end":{"line":47,"column":777}},"loc":{"start":{"line":47,"column":792},"end":{"line":47,"column":866}},"line":47}},"branchMap":{"0":{"loc":{"start":{"line":45,"column":0},"end":{"line":45,"column":70}},"type":"if","locations":[{"start":{"line":45,"column":0},"end":{"line":45,"column":70}},{"start":{"line":45,"column":0},"end":{"line":45,"column":70}}],"line":45},"1":{"loc":{"start":{"line":46,"column":24},"end":{"line":46,"column":100}},"type":"cond-expr","locations":[{"start":{"line":46,"column":62},"end":{"line":46,"column":84}},{"start":{"line":46,"column":86},"end":{"line":46,"column":100}}],"line":46},"2":{"loc":{"start":{"line":47,"column":92},"end":{"line":47,"column":108}},"type":"binary-expr","locations":[{"start":{"line":47,"column":92},"end":{"line":47,"column":104}},{"start":{"line":47,"column":106},"end":{"line":47,"column":108}}],"line":47},"3":{"loc":{"start":{"line":47,"column":116},"end":{"line":47,"column":1004}},"type":"cond-expr","locations":[{"start":{"line":47,"column":141},"end":{"line":47,"column":995}},{"start":{"line":47,"column":996},"end":{"line":47,"column":1004}}],"line":47}},"s":{"0":0,"1":0,"2":0,"3":0,"4":0,"5":0,"6":0,"7":0,"8":0,"9":0,"10":0,"11":0,"12":0,"13":0,"14":0,"15":0},"f":{"0":0,"1":0,"2":0,"3":0,"4":0,"5":0},"b":{"0":[0,0],"1":[0,0],"2":[0,0],"3":[0,0]}}
,"C:\\Users\\Timi\\WebstormProjects\\untitled\\project.wechat.vue\\src\\components\\detailsMessageMod\\detailsMessageMod.vue": {"path":"C:\\Users\\Timi\\WebstormProjects\\untitled\\project.wechat.vue\\src\\components\\detailsMessageMod\\detailsMessageMod.vue","statementMap":{"0":{"start":{"line":1,"column":1},"end":{"line":35,"column":4}},"1":{"start":{"line":4,"column":0},"end":{"line":6,"column":3}},"2":{"start":{"line":19,"column":0},"end":{"line":34,"column":2}},"3":{"start":{"line":22,"column":4},"end":{"line":22,"column":14}},"4":{"start":{"line":36,"column":0},"end":{"line":36,"column":70}},"5":{"start":{"line":36,"column":31},"end":{"line":36,"column":70}},"6":{"start":{"line":37,"column":24},"end":{"line":37,"column":100}},"7":{"start":{"line":38,"column":0},"end":{"line":38,"column":434}},"8":{"start":{"line":38,"column":54},"end":{"line":38,"column":58}},"9":{"start":{"line":38,"column":66},"end":{"line":38,"column":84}},"10":{"start":{"line":38,"column":92},"end":{"line":38,"column":108}},"11":{"start":{"line":38,"column":109},"end":{"line":38,"column":433}},"12":{"start":{"line":38,"column":230},"end":{"line":38,"column":428}},"13":{"start":{"line":39,"column":0},"end":{"line":39,"column":37}}},"fnMap":{"0":{"name":"(anonymous_0)","decl":{"start":{"line":1,"column":2},"end":{"line":1,"column":3}},"loc":{"start":{"line":1,"column":12},"end":{"line":35,"column":1}},"line":1},"1":{"name":"data","decl":{"start":{"line":21,"column":17},"end":{"line":21,"column":21}},"loc":{"start":{"line":21,"column":24},"end":{"line":23,"column":3}},"line":21},"2":{"name":"mounted","decl":{"start":{"line":30,"column":20},"end":{"line":30,"column":27}},"loc":{"start":{"line":30,"column":30},"end":{"line":30,"column":32}},"line":30},"3":{"name":"render","decl":{"start":{"line":38,"column":35},"end":{"line":38,"column":41}},"loc":{"start":{"line":38,"column":45},"end":{"line":38,"column":434}},"line":38},"4":{"name":"(anonymous_4)","decl":{"start":{"line":38,"column":195},"end":{"line":38,"column":196}},"loc":{"start":{"line":38,"column":229},"end":{"line":38,"column":429}},"line":38}},"branchMap":{"0":{"loc":{"start":{"line":36,"column":0},"end":{"line":36,"column":70}},"type":"if","locations":[{"start":{"line":36,"column":0},"end":{"line":36,"column":70}},{"start":{"line":36,"column":0},"end":{"line":36,"column":70}}],"line":36},"1":{"loc":{"start":{"line":37,"column":24},"end":{"line":37,"column":100}},"type":"cond-expr","locations":[{"start":{"line":37,"column":62},"end":{"line":37,"column":84}},{"start":{"line":37,"column":86},"end":{"line":37,"column":100}}],"line":37},"2":{"loc":{"start":{"line":38,"column":92},"end":{"line":38,"column":108}},"type":"binary-expr","locations":[{"start":{"line":38,"column":92},"end":{"line":38,"column":104}},{"start":{"line":38,"column":106},"end":{"line":38,"column":108}}],"line":38}},"s":{"0":0,"1":0,"2":0,"3":0,"4":0,"5":0,"6":0,"7":0,"8":0,"9":0,"10":0,"11":0,"12":0,"13":0},"f":{"0":0,"1":0,"2":0,"3":0,"4":0},"b":{"0":[0,0],"1":[0,0],"2":[0,0]}}
,"C:\\Users\\Timi\\WebstormProjects\\untitled\\project.wechat.vue\\src\\components\\drawMoney\\drawMoney.vue": {"path":"C:\\Users\\Timi\\WebstormProjects\\untitled\\project.wechat.vue\\src\\components\\drawMoney\\drawMoney.vue","statementMap":{"0":{"start":{"line":1,"column":1},"end":{"line":57,"column":4}},"1":{"start":{"line":4,"column":0},"end":{"line":6,"column":3}},"2":{"start":{"line":41,"column":0},"end":{"line":56,"column":2}},"3":{"start":{"line":44,"column":4},"end":{"line":44,"column":14}},"4":{"start":{"line":58,"column":0},"end":{"line":58,"column":70}},"5":{"start":{"line":58,"column":31},"end":{"line":58,"column":70}},"6":{"start":{"line":59,"column":24},"end":{"line":59,"column":100}},"7":{"start":{"line":60,"column":0},"end":{"line":60,"column":1090}},"8":{"start":{"line":60,"column":54},"end":{"line":60,"column":58}},"9":{"start":{"line":60,"column":66},"end":{"line":60,"column":84}},"10":{"start":{"line":60,"column":92},"end":{"line":60,"column":108}},"11":{"start":{"line":60,"column":109},"end":{"line":60,"column":1089}},"12":{"start":{"line":60,"column":258},"end":{"line":60,"column":1082}},"13":{"start":{"line":61,"column":0},"end":{"line":61,"column":37}}},"fnMap":{"0":{"name":"(anonymous_0)","decl":{"start":{"line":1,"column":2},"end":{"line":1,"column":3}},"loc":{"start":{"line":1,"column":12},"end":{"line":57,"column":1}},"line":1},"1":{"name":"data","decl":{"start":{"line":43,"column":17},"end":{"line":43,"column":21}},"loc":{"start":{"line":43,"column":24},"end":{"line":45,"column":3}},"line":43},"2":{"name":"mounted","decl":{"start":{"line":52,"column":20},"end":{"line":52,"column":27}},"loc":{"start":{"line":52,"column":30},"end":{"line":52,"column":32}},"line":52},"3":{"name":"render","decl":{"start":{"line":60,"column":35},"end":{"line":60,"column":41}},"loc":{"start":{"line":60,"column":45},"end":{"line":60,"column":1090}},"line":60},"4":{"name":"(anonymous_4)","decl":{"start":{"line":60,"column":228},"end":{"line":60,"column":229}},"loc":{"start":{"line":60,"column":257},"end":{"line":60,"column":1083}},"line":60}},"branchMap":{"0":{"loc":{"start":{"line":58,"column":0},"end":{"line":58,"column":70}},"type":"if","locations":[{"start":{"line":58,"column":0},"end":{"line":58,"column":70}},{"start":{"line":58,"column":0},"end":{"line":58,"column":70}}],"line":58},"1":{"loc":{"start":{"line":59,"column":24},"end":{"line":59,"column":100}},"type":"cond-expr","locations":[{"start":{"line":59,"column":62},"end":{"line":59,"column":84}},{"start":{"line":59,"column":86},"end":{"line":59,"column":100}}],"line":59},"2":{"loc":{"start":{"line":60,"column":92},"end":{"line":60,"column":108}},"type":"binary-expr","locations":[{"start":{"line":60,"column":92},"end":{"line":60,"column":104}},{"start":{"line":60,"column":106},"end":{"line":60,"column":108}}],"line":60}},"s":{"0":0,"1":0,"2":0,"3":0,"4":0,"5":0,"6":0,"7":0,"8":0,"9":0,"10":0,"11":0,"12":0,"13":0},"f":{"0":0,"1":0,"2":0,"3":0,"4":0},"b":{"0":[0,0],"1":[0,0],"2":[0,0]}}
,"C:\\Users\\Timi\\WebstormProjects\\untitled\\project.wechat.vue\\src\\components\\footline\\footline.vue": {"path":"C:\\Users\\Timi\\WebstormProjects\\untitled\\project.wechat.vue\\src\\components\\footline\\footline.vue","statementMap":{"0":{"start":{"line":1,"column":1},"end":{"line":32,"column":4}},"1":{"start":{"line":4,"column":0},"end":{"line":6,"column":3}},"2":{"start":{"line":16,"column":0},"end":{"line":31,"column":2}},"3":{"start":{"line":19,"column":4},"end":{"line":19,"column":14}},"4":{"start":{"line":33,"column":0},"end":{"line":33,"column":70}},"5":{"start":{"line":33,"column":31},"end":{"line":33,"column":70}},"6":{"start":{"line":34,"column":24},"end":{"line":34,"column":100}},"7":{"start":{"line":35,"column":0},"end":{"line":35,"column":234}},"8":{"start":{"line":35,"column":54},"end":{"line":35,"column":58}},"9":{"start":{"line":35,"column":66},"end":{"line":35,"column":84}},"10":{"start":{"line":35,"column":92},"end":{"line":35,"column":108}},"11":{"start":{"line":35,"column":109},"end":{"line":35,"column":233}},"12":{"start":{"line":36,"column":0},"end":{"line":36,"column":37}}},"fnMap":{"0":{"name":"(anonymous_0)","decl":{"start":{"line":1,"column":2},"end":{"line":1,"column":3}},"loc":{"start":{"line":1,"column":12},"end":{"line":32,"column":1}},"line":1},"1":{"name":"data","decl":{"start":{"line":18,"column":17},"end":{"line":18,"column":21}},"loc":{"start":{"line":18,"column":24},"end":{"line":20,"column":3}},"line":18},"2":{"name":"mounted","decl":{"start":{"line":27,"column":20},"end":{"line":27,"column":27}},"loc":{"start":{"line":27,"column":30},"end":{"line":27,"column":32}},"line":27},"3":{"name":"render","decl":{"start":{"line":35,"column":35},"end":{"line":35,"column":41}},"loc":{"start":{"line":35,"column":45},"end":{"line":35,"column":234}},"line":35}},"branchMap":{"0":{"loc":{"start":{"line":33,"column":0},"end":{"line":33,"column":70}},"type":"if","locations":[{"start":{"line":33,"column":0},"end":{"line":33,"column":70}},{"start":{"line":33,"column":0},"end":{"line":33,"column":70}}],"line":33},"1":{"loc":{"start":{"line":34,"column":24},"end":{"line":34,"column":100}},"type":"cond-expr","locations":[{"start":{"line":34,"column":62},"end":{"line":34,"column":84}},{"start":{"line":34,"column":86},"end":{"line":34,"column":100}}],"line":34},"2":{"loc":{"start":{"line":35,"column":92},"end":{"line":35,"column":108}},"type":"binary-expr","locations":[{"start":{"line":35,"column":92},"end":{"line":35,"column":104}},{"start":{"line":35,"column":106},"end":{"line":35,"column":108}}],"line":35}},"s":{"0":0,"1":0,"2":0,"3":0,"4":0,"5":0,"6":0,"7":0,"8":0,"9":0,"10":0,"11":0,"12":0},"f":{"0":0,"1":0,"2":0,"3":0},"b":{"0":[0,0],"1":[0,0],"2":[0,0]}}
[...]
,"C:\\Users\\Timi\\WebstormProjects\\untitled\\project.wechat.vue\\src\\store\\index.js": {"path":"C:\\Users\\Timi\\WebstormProjects\\untitled\\project.wechat.vue\\src\\store\\index.js","statementMap":{"0":{"start":{"line":1,"column":13},"end":{"line":1,"column":75}},"1":{"start":{"line":1,"column":86},"end":{"line":1,"column":100}},"2":{"start":{"line":1,"column":113},"end":{"line":1,"column":141}},"3":{"start":{"line":2,"column":12},"end":{"line":2,"column":27}},"4":{"start":{"line":2,"column":41},"end":{"line":2,"column":70}},"5":{"start":{"line":3,"column":13},"end":{"line":3,"column":31}},"6":{"start":{"line":3,"column":46},"end":{"line":3,"column":76}},"7":{"start":{"line":4,"column":17},"end":{"line":4,"column":39}},"8":{"start":{"line":4,"column":58},"end":{"line":4,"column":92}},"9":{"start":{"line":5,"column":15},"end":{"line":5,"column":35}},"10":{"start":{"line":5,"column":52},"end":{"line":5,"column":84}},"11":{"start":{"line":6,"column":15},"end":{"line":6,"column":35}},"12":{"start":{"line":6,"column":52},"end":{"line":6,"column":84}},"13":{"start":{"line":6,"column":123},"end":{"line":6,"column":177}},"14":{"start":{"line":7,"column":0},"end":{"line":7,"column":34}},"15":{"start":{"line":7,"column":34},"end":{"line":12,"column":32}}},"fnMap":{"0":{"name":"_interopRequireDefault","decl":{"start":{"line":6,"column":94},"end":{"line":6,"column":116}},"loc":{"start":{"line":6,"column":122},"end":{"line":6,"column":178}},"line":6}},"branchMap":{"0":{"loc":{"start":{"line":6,"column":130},"end":{"line":6,"column":176}},"type":"cond-expr","locations":[{"start":{"line":6,"column":154},"end":{"line":6,"column":157}},{"start":{"line":6,"column":160},"end":{"line":6,"column":176}}],"line":6},"1":{"loc":{"start":{"line":6,"column":130},"end":{"line":6,"column":151}},"type":"binary-expr","locations":[{"start":{"line":6,"column":130},"end":{"line":6,"column":133}},{"start":{"line":6,"column":137},"end":{"line":6,"column":151}}],"line":6}},"s":{"0":0,"1":0,"2":0,"3":0,"4":0,"5":0,"6":0,"7":0,"8":0,"9":0,"10":0,"11":0,"12":0,"13":0,"14":0,"15":0},"f":{"0":0},"b":{"0":[0,0],"1":[0,0]}}
,"C:\\Users\\Timi\\WebstormProjects\\untitled\\project.wechat.vue\\src\\store\\mutations.js": {"path":"C:\\Users\\Timi\\WebstormProjects\\untitled\\project.wechat.vue\\src\\store\\mutations.js","statementMap":{"0":{"start":{"line":1,"column":13},"end":{"line":1,"column":75}},"1":{"start":{"line":1,"column":75},"end":{"line":148,"column":6}},"2":{"start":{"line":2,"column":63},"end":{"line":2,"column":74}},"3":{"start":{"line":3,"column":4},"end":{"line":3,"column":24}},"4":{"start":{"line":4,"column":4},"end":{"line":4,"column":38}},"5":{"start":{"line":6,"column":60},"end":{"line":6,"column":72}},"6":{"start":{"line":7,"column":4},"end":{"line":7,"column":24}},"7":{"start":{"line":9,"column":4},"end":{"line":9,"column":29}},"8":{"start":{"line":11,"column":70},"end":{"line":11,"column":82}},"9":{"start":{"line":12,"column":4},"end":{"line":12,"column":24}},"10":{"start":{"line":14,"column":4},"end":{"line":14,"column":42}},"11":{"start":{"line":16,"column":78},"end":{"line":16,"column":90}},"12":{"start":{"line":17,"column":4},"end":{"line":17,"column":24}},"13":{"start":{"line":19,"column":4},"end":{"line":19,"column":39}},"14":{"start":{"line":21,"column":72},"end":{"line":21,"column":84}},"15":{"start":{"line":22,"column":4},"end":{"line":22,"column":24}},"16":{"start":{"line":24,"column":4},"end":{"line":24,"column":47}},"17":{"start":{"line":26,"column":68},"end":{"line":26,"column":80}},"18":{"start":{"line":27,"column":4},"end":{"line":27,"column":24}},"19":{"start":{"line":29,"column":4},"end":{"line":29,"column":29}},"20":{"start":{"line":31,"column":82},"end":{"line":31,"column":94}},"21":{"start":{"line":32,"column":4},"end":{"line":32,"column":24}},"22":{"start":{"line":34,"column":4},"end":{"line":34,"column":41}},"23":{"start":{"line":36,"column":86},"end":{"line":36,"column":98}},"24":{"start":{"line":37,"column":4},"end":{"line":37,"column":24}},"25":{"start":{"line":39,"column":4},"end":{"line":39,"column":43}},"26":{"start":{"line":41,"column":80},"end":{"line":41,"column":92}},"27":{"start":{"line":42,"column":4},"end":{"line":42,"column":24}},"28":{"start":{"line":44,"column":4},"end":{"line":44,"column":40}},"29":{"start":{"line":46,"column":87},"end":{"line":46,"column":100}},"30":{"start":{"line":47,"column":4},"end":{"line":47,"column":24}},"31":{"start":{"line":49,"column":4},"end":{"line":49,"column":39}},"32":{"start":{"line":51,"column":69},"end":{"line":51,"column":82}},"33":{"start":{"line":52,"column":4},"end":{"line":52,"column":24}},"34":{"start":{"line":54,"column":4},"end":{"line":54,"column":37}},"35":{"start":{"line":56,"column":73},"end":{"line":56,"column":86}},"36":{"start":{"line":57,"column":4},"end":{"line":57,"column":24}},"37":{"start":{"line":59,"column":4},"end":{"line":59,"column":36}},"38":{"start":{"line":61,"column":67},"end":{"line":61,"column":80}},"39":{"start":{"line":62,"column":4},"end":{"line":62,"column":24}},"40":{"start":{"line":64,"column":4},"end":{"line":64,"column":33}},"41":{"start":{"line":66,"column":71},"end":{"line":66,"column":84}},"42":{"start":{"line":67,"column":4},"end":{"line":67,"column":24}},"43":{"start":{"line":69,"column":4},"end":{"line":69,"column":39}},"44":{"start":{"line":71,"column":75},"end":{"line":71,"column":88}},"45":{"start":{"line":72,"column":4},"end":{"line":72,"column":24}},"46":{"start":{"line":74,"column":4},"end":{"line":74,"column":37}},"47":{"start":{"line":76,"column":77},"end":{"line":76,"column":90}},"48":{"start":{"line":77,"column":4},"end":{"line":77,"column":24}},"49":{"start":{"line":79,"column":4},"end":{"line":79,"column":33}},"50":{"start":{"line":81,"column":73},"end":{"line":81,"column":86}},"51":{"start":{"line":82,"column":4},"end":{"line":82,"column":24}},"52":{"start":{"line":84,"column":15},"end":{"line":84,"column":21}},"53":{"start":{"line":85,"column":4},"end":{"line":88,"column":7}},"54":{"start":{"line":86,"column":6},"end":{"line":86,"column":27}},"55":{"start":{"line":87,"column":6},"end":{"line":87,"column":19}},"56":{"start":{"line":89,"column":4},"end":{"line":89,"column":29}},"57":{"start":{"line":91,"column":75},"end":{"line":91,"column":88}},"58":{"start":{"line":92,"column":4},"end":{"line":92,"column":24}},"59":{"start":{"line":94,"column":4},"end":{"line":94,"column":37}},"60":{"start":{"line":96,"column":79},"end":{"line":96,"column":92}},"61":{"start":{"line":97,"column":4},"end":{"line":97,"column":24}},"62":{"start":{"line":99,"column":4},"end":{"line":99,"column":39}},"63":{"start":{"line":101,"column":83},"end":{"line":101,"column":96}},"64":{"start":{"line":102,"column":4},"end":{"line":102,"column":24}},"65":{"start":{"line":104,"column":4},"end":{"line":104,"column":41}},"66":{"start":{"line":106,"column":89},"end":{"line":106,"column":102}},"67":{"start":{"line":107,"column":4},"end":{"line":107,"column":24}},"68":{"start":{"line":109,"column":4},"end":{"line":109,"column":44}},"69":{"start":{"line":111,"column":91},"end":{"line":111,"column":104}},"70":{"start":{"line":112,"column":4},"end":{"line":112,"column":24}},"71":{"start":{"line":115,"column":4},"end":{"line":115,"column":73}},"72":{"start":{"line":117,"column":93},"end":{"line":117,"column":106}},"73":{"start":{"line":118,"column":4},"end":{"line":118,"column":24}},"74":{"start":{"line":120,"column":4},"end":{"line":120,"column":46}},"75":{"start":{"line":124,"column":4},"end":{"line":124,"column":38}},"76":{"start":{"line":128,"column":4},"end":{"line":128,"column":27}},"77":{"start":{"line":132,"column":4},"end":{"line":132,"column":28}},"78":{"start":{"line":135,"column":87},"end":{"line":135,"column":100}},"79":{"start":{"line":137,"column":4},"end":{"line":137,"column":40}},"80":{"start":{"line":139,"column":73},"end":{"line":139,"column":86}},"81":{"start":{"line":140,"column":4},"end":{"line":140,"column":24}},"82":{"start":{"line":142,"column":4},"end":{"line":142,"column":36}},"83":{"start":{"line":144,"column":77},"end":{"line":144,"column":90}},"84":{"start":{"line":145,"column":4},"end":{"line":145,"column":24}},"85":{"start":{"line":147,"column":4},"end":{"line":147,"column":38}}},"fnMap":{"0":{"name":"POST_OPENID","decl":{"start":{"line":2,"column":24},"end":{"line":2,"column":35}},"loc":{"start":{"line":2,"column":49},"end":{"line":5,"column":3}},"line":2},"1":{"name":"SUBSCRIBE","decl":{"start":{"line":6,"column":22},"end":{"line":6,"column":31}},"loc":{"start":{"line":6,"column":46},"end":{"line":10,"column":3}},"line":6},"2":{"name":"GET_LISTFORAPP","decl":{"start":{"line":11,"column":27},"end":{"line":11,"column":41}},"loc":{"start":{"line":11,"column":56},"end":{"line":15,"column":3}},"line":11},"3":{"name":"GET_LISTFORAPPLONG","decl":{"start":{"line":16,"column":31},"end":{"line":16,"column":49}},"loc":{"start":{"line":16,"column":64},"end":{"line":20,"column":3}},"line":16},"4":{"name":"GET_DETAILEDFOR","decl":{"start":{"line":21,"column":28},"end":{"line":21,"column":43}},"loc":{"start":{"line":21,"column":58},"end":{"line":25,"column":3}},"line":21},"5":{"name":"GET_LISTBANKS","decl":{"start":{"line":26,"column":26},"end":{"line":26,"column":39}},"loc":{"start":{"line":26,"column":54},"end":{"line":30,"column":3}},"line":26},"6":{"name":"GET_HOMELISTBANKCARD","decl":{"start":{"line":31,"column":33},"end":{"line":31,"column":53}},"loc":{"start":{"line":31,"column":68},"end":{"line":35,"column":3}},"line":31},"7":{"name":"GET_CREDITLISTBANKCARD","decl":{"start":{"line":36,"column":35},"end":{"line":36,"column":57}},"loc":{"start":{"line":36,"column":72},"end":{"line":40,"column":3}},"line":36},"8":{"name":"GET_ALLLISTBANKCARD","decl":{"start":{"line":41,"column":32},"end":{"line":41,"column":51}},"loc":{"start":{"line":41,"column":66},"end":{"line":45,"column":3}},"line":41},"9":{"name":"GET_LISTBANKCARDDETAIL","decl":{"start":{"line":46,"column":35},"end":{"line":46,"column":57}},"loc":{"start":{"line":46,"column":73},"end":{"line":50,"column":3}},"line":46},"10":{"name":"GET_INVITEURL","decl":{"start":{"line":51,"column":26},"end":{"line":51,"column":39}},"loc":{"start":{"line":51,"column":55},"end":{"line":55,"column":3}},"line":51},"11":{"name":"GET_NEWSLISTFOR","decl":{"start":{"line":56,"column":28},"end":{"line":56,"column":43}},"loc":{"start":{"line":56,"column":59},"end":{"line":60,"column":3}},"line":56},"12":{"name":"GET_NEWSLIST","decl":{"start":{"line":61,"column":25},"end":{"line":61,"column":37}},"loc":{"start":{"line":61,"column":53},"end":{"line":65,"column":3}},"line":61},"13":{"name":"CREDITCARDNEWS","decl":{"start":{"line":66,"column":27},"end":{"line":66,"column":41}},"loc":{"start":{"line":66,"column":57},"end":{"line":70,"column":3}},"line":66},"14":{"name":"GET_DETAILFORAPP","decl":{"start":{"line":71,"column":29},"end":{"line":71,"column":45}},"loc":{"start":{"line":71,"column":61},"end":{"line":75,"column":3}},"line":71},"15":{"name":"GET_ORDERLISTFOR1","decl":{"start":{"line":76,"column":30},"end":{"line":76,"column":47}},"loc":{"start":{"line":76,"column":63},"end":{"line":80,"column":3}},"line":76},"16":{"name":"GET_USERRELATED","decl":{"start":{"line":81,"column":28},"end":{"line":81,"column":43}},"loc":{"start":{"line":81,"column":59},"end":{"line":90,"column":3}},"line":81},"17":{"name":"(anonymous_17)","decl":{"start":{"line":85,"column":24},"end":{"line":85,"column":25}},"loc":{"start":{"line":85,"column":54},"end":{"line":88,"column":5}},"line":85},"18":{"name":"GET_RAKEBACKINFO","decl":{"start":{"line":91,"column":29},"end":{"line":91,"column":45}},"loc":{"start":{"line":91,"column":61},"end":{"line":95,"column":3}},"line":91},"19":{"name":"GET_SUBORDINATENUM","decl":{"start":{"line":96,"column":31},"end":{"line":96,"column":49}},"loc":{"start":{"line":96,"column":65},"end":{"line":100,"column":3}},"line":96},"20":{"name":"GET_ERSUBORDINATENUM","decl":{"start":{"line":101,"column":33},"end":{"line":101,"column":53}},"loc":{"start":{"line":101,"column":69},"end":{"line":105,"column":3}},"line":101},"21":{"name":"GET_SUBORDINATEUSERLIST","decl":{"start":{"line":106,"column":36},"end":{"line":106,"column":59}},"loc":{"start":{"line":106,"column":75},"end":{"line":110,"column":3}},"line":106},"22":{"name":"NEWERSUBORDINATEUSERLIST","decl":{"start":{"line":111,"column":37},"end":{"line":111,"column":61}},"loc":{"start":{"line":111,"column":77},"end":{"line":116,"column":3}},"line":111},"23":{"name":"GET_ERSUBORDINATEUSERLIST","decl":{"start":{"line":117,"column":38},"end":{"line":117,"column":63}},"loc":{"start":{"line":117,"column":79},"end":{"line":121,"column":3}},"line":117},"24":{"name":"CHANGETIME","decl":{"start":{"line":123,"column":23},"end":{"line":123,"column":33}},"loc":{"start":{"line":123,"column":41},"end":{"line":125,"column":3}},"line":123},"25":{"name":"AWAITTRUE","decl":{"start":{"line":127,"column":22},"end":{"line":127,"column":31}},"loc":{"start":{"line":127,"column":39},"end":{"line":129,"column":3}},"line":127},"26":{"name":"AWAITFALSE","decl":{"start":{"line":131,"column":23},"end":{"line":131,"column":33}},"loc":{"start":{"line":131,"column":41},"end":{"line":133,"column":3}},"line":131},"27":{"name":"GET_LISTSCHEDULEFORAPP","decl":{"start":{"line":135,"column":35},"end":{"line":135,"column":57}},"loc":{"start":{"line":135,"column":73},"end":{"line":138,"column":3}},"line":135},"28":{"name":"GET_BINBANKCARD","decl":{"start":{"line":139,"column":28},"end":{"line":139,"column":43}},"loc":{"start":{"line":139,"column":59},"end":{"line":143,"column":3}},"line":139},"29":{"name":"GET_LASTORDERINFO","decl":{"start":{"line":144,"column":30},"end":{"line":144,"column":47}},"loc":{"start":{"line":144,"column":63},"end":{"line":148,"column":3}},"line":144}},"branchMap":{},"s":{"0":0,"1":0,"2":0,"3":0,"4":0,"5":0,"6":0,"7":0,"8":0,"9":0,"10":0,"11":0,"12":0,"13":0,"14":0,"15":0,"16":0,"17":0,"18":0,"19":0,"20":0,"21":0,"22":0,"23":0,"24":0,"25":0,"26":0,"27":0,"28":0,"29":0,"30":0,"31":0,"32":0,"33":0,"34":0,"35":0,"36":0,"37":0,"38":0,"39":0,"40":0,"41":0,"42":0,"43":0,"44":0,"45":0,"46":0,"47":0,"48":0,"49":0,"50":0,"51":0,"52":0,"53":0,"54":0,"55":0,"56":0,"57":0,"58":0,"59":0,"60":0,"61":0,"62":0,"63":0,"64":0,"65":0,"66":0,"67":0,"68":0,"69":0,"70":0,"71":0,"72":0,"73":0,"74":0,"75":0,"76":0,"77":0,"78":0,"79":0,"80":0,"81":0,"82":0,"83":0,"84":0,"85":0},"f":{"0":0,"1":0,"2":0,"3":0,"4":0,"5":0,"6":0,"7":0,"8":0,"9":0,"10":0,"11":0,"12":0,"13":0,"14":0,"15":0,"16":0,"17":0,"18":0,"19":0,"20":0,"21":0,"22":0,"23":0,"24":0,"25":0,"26":0,"27":0,"28":0,"29":0},"b":{}}
,"C:\\Users\\Timi\\WebstormProjects\\untitled\\project.wechat.vue\\src\\store\\state.js": {"path":"C:\\Users\\Timi\\WebstormProjects\\untitled\\project.wechat.vue\\src\\store\\state.js","statementMap":{"0":{"start":{"line":1,"column":13},"end":{"line":1,"column":75}},"1":{"start":{"line":1,"column":75},"end":{"line":31,"column":24}}},"fnMap":{},"branchMap":{},"s":{"0":0,"1":0},"f":{},"b":{}}
,"C:\\Users\\Timi\\WebstormProjects\\untitled\\project.wechat.vue\\src\\util\\cookieUtil.js": {"path":"C:\\Users\\Timi\\WebstormProjects\\untitled\\project.wechat.vue\\src\\util\\cookieUtil.js","statementMap":{"0":{"start":{"line":1,"column":13},"end":{"line":1,"column":75}},"1":{"start":{"line":1,"column":91},"end":{"line":12,"column":1}},"2":{"start":{"line":2,"column":2},"end":{"line":10,"column":3}},"3":{"start":{"line":3,"column":18},"end":{"line":3,"column":55}},"4":{"start":{"line":4,"column":4},"end":{"line":9,"column":5}},"5":{"start":{"line":5,"column":6},"end":{"line":5,"column":44}},"6":{"start":{"line":6,"column":18},"end":{"line":6,"column":55}},"7":{"start":{"line":7,"column":6},"end":{"line":7,"column":54}},"8":{"start":{"line":7,"column":23},"end":{"line":7,"column":54}},"9":{"start":{"line":8,"column":6},"end":{"line":8,"column":65}},"10":{"start":{"line":11,"column":2},"end":{"line":11,"column":12}},"11":{"start":{"line":13,"column":16},"end":{"line":18,"column":1}},"12":{"start":{"line":14,"column":2},"end":{"line":14,"column":36}},"13":{"start":{"line":15,"column":15},"end":{"line":15,"column":25}},"14":{"start":{"line":16,"column":2},"end":{"line":16,"column":48}},"15":{"start":{"line":17,"column":2},"end":{"line":17,"column":114}}},"fnMap":{"0":{"name":"getCookie","decl":{"start":{"line":1,"column":120},"end":{"line":1,"column":129}},"loc":{"start":{"line":1,"column":138},"end":{"line":12,"column":1}},"line":1},"1":{"name":"setCookie","decl":{"start":{"line":13,"column":45},"end":{"line":13,"column":54}},"loc":{"start":{"line":13,"column":82},"end":{"line":18,"column":1}},"line":13}},"branchMap":{"0":{"loc":{"start":{"line":2,"column":2},"end":{"line":10,"column":3}},"type":"if","locations":[{"start":{"line":2,"column":2},"end":{"line":10,"column":3}},{"start":{"line":2,"column":2},"end":{"line":10,"column":3}}],"line":2},"1":{"loc":{"start":{"line":4,"column":4},"end":{"line":9,"column":5}},"type":"if","locations":[{"start":{"line":4,"column":4},"end":{"line":9,"column":5}},{"start":{"line":4,"column":4},"end":{"line":9,"column":5}}],"line":4},"2":{"loc":{"start":{"line":7,"column":6},"end":{"line":7,"column":54}},"type":"if","locations":[{"start":{"line":7,"column":6},"end":{"line":7,"column":54}},{"start":{"line":7,"column":6},"end":{"line":7,"column":54}}],"line":7},"3":{"loc":{"start":{"line":17,"column":52},"end":{"line":17,"column":112}},"type":"cond-expr","locations":[{"start":{"line":17,"column":73},"end":{"line":17,"column":75}},{"start":{"line":17,"column":78},"end":{"line":17,"column":112}}],"line":17}},"s":{"0":0,"1":0,"2":0,"3":0,"4":0,"5":0,"6":0,"7":0,"8":0,"9":0,"10":0,"11":0,"12":0,"13":0,"14":0,"15":0},"f":{"0":0,"1":0},"b":{"0":[0,0],"1":[0,0],"2":[0,0],"3":[0,0]}}
,"C:\\Users\\Timi\\WebstormProjects\\untitled\\project.wechat.vue\\src\\util\\storageUtil.js": {"path":"C:\\Users\\Timi\\WebstormProjects\\untitled\\project.wechat.vue\\src\\util\\storageUtil.js","statementMap":{"0":{"start":{"line":1,"column":13},"end":{"line":1,"column":75}},"1":{"start":{"line":1,"column":92},"end":{"line":1,"column":139}},"2":{"start":{"line":1,"column":158},"end":{"line":1,"column":192}},"3":{"start":{"line":1,"column":231},"end":{"line":1,"column":285}},"4":{"start":{"line":5,"column":16},"end":{"line":5,"column":27}},"5":{"start":{"line":5,"column":28},"end":{"line":12,"column":6}},"6":{"start":{"line":8,"column":4},"end":{"line":8,"column":71}},"7":{"start":{"line":11,"column":4},"end":{"line":11,"column":65}}},"fnMap":{"0":{"name":"_interopRequireDefault","decl":{"start":{"line":1,"column":202},"end":{"line":1,"column":224}},"loc":{"start":{"line":1,"column":230},"end":{"line":1,"column":286}},"line":1},"1":{"name":"saveTodos","decl":{"start":{"line":7,"column":22},"end":{"line":7,"column":31}},"loc":{"start":{"line":7,"column":39},"end":{"line":9,"column":3}},"line":7},"2":{"name":"readTodos","decl":{"start":{"line":10,"column":22},"end":{"line":10,"column":31}},"loc":{"start":{"line":10,"column":34},"end":{"line":12,"column":3}},"line":10}},"branchMap":{"0":{"loc":{"start":{"line":1,"column":238},"end":{"line":1,"column":284}},"type":"cond-expr","locations":[{"start":{"line":1,"column":262},"end":{"line":1,"column":265}},{"start":{"line":1,"column":268},"end":{"line":1,"column":284}}],"line":1},"1":{"loc":{"start":{"line":1,"column":238},"end":{"line":1,"column":259}},"type":"binary-expr","locations":[{"start":{"line":1,"column":238},"end":{"line":1,"column":241}},{"start":{"line":1,"column":245},"end":{"line":1,"column":259}}],"line":1},"2":{"loc":{"start":{"line":11,"column":22},"end":{"line":11,"column":63}},"type":"binary-expr","locations":[{"start":{"line":11,"column":22},"end":{"line":11,"column":55}},{"start":{"line":11,"column":59},"end":{"line":11,"column":63}}],"line":11}},"s":{"0":0,"1":0,"2":0,"3":0,"4":0,"5":0,"6":0,"7":0},"f":{"0":0,"1":0,"2":0},"b":{"0":[0,0],"1":[0,0],"2":[0,0]}}
}
