TN:
SF:C:\Users\Timi\WebstormProjects\untitled\project.wechat.vue\src\App.vue
FN:1,(anonymous_0)
FN:22,_interopRequireDefault
FN:52,data
FN:63,beforeCreate
FN:64,created
FN:81,cb
FN:87,(anonymous_6)
FN:91,cb
FN:102,cb
FN:106,(anonymous_9)
FN:118,cb
FN:123,(anonymous_11)
FN:127,cb
FN:135,mounted
FN:136,updated
FN:143,render
FNF:16
FNH:0
FNDA:0,(anonymous_0)
FNDA:0,_interopRequireDefault
FNDA:0,data
FNDA:0,beforeCreate
FNDA:0,created
FNDA:0,cb
FNDA:0,(anonymous_6)
FNDA:0,cb
FNDA:0,cb
FNDA:0,(anonymous_9)
FNDA:0,cb
FNDA:0,(anonymous_11)
FNDA:0,cb
FNDA:0,mounted
FNDA:0,updated
FNDA:0,render
DA:1,0
DA:4,0
DA:8,0
DA:10,0
DA:12,0
DA:14,0
DA:16,0
DA:18,0
DA:20,0
DA:22,0
DA:51,0
DA:53,0
DA:65,0
DA:67,0
DA:68,0
DA:69,0
DA:70,0
DA:71,0
DA:72,0
DA:73,0
DA:82,0
DA:84,0
DA:85,0
DA:88,0
DA:89,0
DA:90,0
DA:92,0
DA:99,0
DA:100,0
DA:103,0
DA:104,0
DA:107,0
DA:108,0
DA:109,0
DA:119,0
DA:121,0
DA:124,0
DA:125,0
DA:126,0
DA:128,0
DA:141,0
DA:142,0
DA:143,0
DA:144,0
LF:44
LH:0
BRDA:22,0,0,0
BRDA:22,0,1,0
BRDA:22,1,0,0
BRDA:22,1,1,0
BRDA:71,2,0,0
BRDA:71,2,1,0
BRDA:141,3,0,0
BRDA:141,3,1,0
BRDA:142,4,0,0
BRDA:142,4,1,0
BRDA:143,5,0,0
BRDA:143,5,1,0
BRDA:143,6,0,0
BRDA:143,6,1,0
BRDA:143,7,0,0
BRDA:143,7,1,0
BRDA:143,8,0,0
BRDA:143,8,1,0
BRDA:143,9,0,0
BRDA:143,9,1,0
BRDA:143,10,0,0
BRDA:143,10,1,0
BRF:22
BRH:0
end_of_record
TN:
SF:C:\Users\Timi\WebstormProjects\untitled\project.wechat.vue\src\api\ajax.js
FN:10,_interopRequireDefault
FN:10,ajax
FN:12,(anonymous_2)
FN:23,(anonymous_3)
FN:45,(anonymous_4)
FN:52,(anonymous_5)
FNF:6
FNH:0
FNDA:0,_interopRequireDefault
FNDA:0,ajax
FNDA:0,(anonymous_2)
FNDA:0,(anonymous_3)
FNDA:0,(anonymous_4)
FNDA:0,(anonymous_5)
DA:1,0
DA:10,0
DA:11,0
DA:12,0
DA:16,0
DA:17,0
DA:18,0
DA:20,0
DA:21,0
DA:22,0
DA:23,0
DA:24,0
DA:27,0
DA:28,0
DA:29,0
DA:30,0
DA:32,0
DA:39,0
DA:45,0
DA:46,0
DA:47,0
DA:48,0
DA:53,0
DA:54,0
LF:24
LH:0
BRDA:10,0,0,0
BRDA:10,0,1,0
BRDA:10,1,0,0
BRDA:10,1,1,0
BRDA:10,2,0,0
BRDA:10,2,1,0
BRDA:10,3,0,0
BRDA:10,3,1,0
BRDA:10,4,0,0
BRDA:10,4,1,0
BRDA:10,5,0,0
BRDA:10,5,1,0
BRDA:10,6,0,0
BRDA:10,6,1,0
BRDA:10,7,0,0
BRDA:10,7,1,0
BRDA:18,8,0,0
BRDA:18,8,1,0
BRDA:47,9,0,0
BRDA:47,9,1,0
BRDA:47,10,0,0
BRDA:47,10,1,0
BRF:22
BRH:0
end_of_record
TN:
SF:C:\Users\Timi\WebstormProjects\untitled\project.wechat.vue\src\api\index.js
FN:2,_interopRequireDefault
FN:4,postSendMsg
FN:5,postOpenid
FN:6,postPhone
FN:7,postSpeedOrder
FN:8,postLoanDemand
FN:9,postRecordForApp
FN:10,postLoginout
FN:11,postPeopleFiveReal
FN:12,postFiveRealVerifyCode
FN:13,getUserinfo
FN:14,getLoanAmount
FN:15,getListForApp
FN:16,getDetailedFor
FN:17,getListBanks
FN:18,getListBankCard
FN:19,getListBankCardDetail
FN:20,getInviteUrl
FN:21,getSelectDataSource
FN:22,getNewsListFor
FN:23,getDetailForApp
FN:24,getOrderListFor
FN:25,getUserRelated
FN:26,getRakeBackInfo
FN:27,getSubordinateNum
FN:28,getSubordinateUserList
FN:29,getBanks
FN:30,getAdCodes
FN:31,getListScheduleForApp
FN:32,getBinBankCard
FN:33,getAccountInfo
FN:34,getPosters
FN:35,getLastOrderInfo
FN:36,getOrderCount
FNF:34
FNH:0
FNDA:0,_interopRequireDefault
FNDA:0,postSendMsg
FNDA:0,postOpenid
FNDA:0,postPhone
FNDA:0,postSpeedOrder
FNDA:0,postLoanDemand
FNDA:0,postRecordForApp
FNDA:0,postLoginout
FNDA:0,postPeopleFiveReal
FNDA:0,postFiveRealVerifyCode
FNDA:0,getUserinfo
FNDA:0,getLoanAmount
FNDA:0,getListForApp
FNDA:0,getDetailedFor
FNDA:0,getListBanks
FNDA:0,getListBankCard
FNDA:0,getListBankCardDetail
FNDA:0,getInviteUrl
FNDA:0,getSelectDataSource
FNDA:0,getNewsListFor
FNDA:0,getDetailForApp
FNDA:0,getOrderListFor
FNDA:0,getUserRelated
FNDA:0,getRakeBackInfo
FNDA:0,getSubordinateNum
FNDA:0,getSubordinateUserList
FNDA:0,getBanks
FNDA:0,getAdCodes
FNDA:0,getListScheduleForApp
FNDA:0,getBinBankCard
FNDA:0,getAccountInfo
FNDA:0,getPosters
FNDA:0,getLastOrderInfo
FNDA:0,getOrderCount
DA:1,0
DA:2,0
DA:4,0
DA:5,0
DA:6,0
DA:7,0
DA:8,0
DA:9,0
DA:10,0
DA:11,0
DA:12,0
DA:13,0
DA:14,0
DA:15,0
DA:16,0
DA:17,0
DA:18,0
DA:19,0
DA:20,0
DA:21,0
DA:22,0
DA:23,0
DA:24,0
DA:25,0
DA:26,0
DA:27,0
DA:28,0
DA:29,0
DA:30,0
DA:31,0
DA:32,0
DA:33,0
DA:34,0
DA:35,0
DA:36,0
LF:35
LH:0
BRDA:2,0,0,0
BRDA:2,0,1,0
BRDA:2,1,0,0
BRDA:2,1,1,0
BRF:4
BRH:0
end_of_record
TN:
SF:C:\Users\Timi\WebstormProjects\untitled\project.wechat.vue\src\api\wAjax.js
FN:1,_interopRequireDefault
FN:1,(anonymous_1)
FN:2,_callee
FN:2,_callee$
FN:3,(anonymous_4)
FN:12,(anonymous_5)
FN:32,(anonymous_6)
FN:35,(anonymous_7)
FN:39,wAjax
FNF:9
FNH:0
FNDA:0,_interopRequireDefault
FNDA:0,(anonymous_1)
FNDA:0,_callee
FNDA:0,_callee$
FNDA:0,(anonymous_4)
FNDA:0,(anonymous_5)
FNDA:0,(anonymous_6)
FNDA:0,(anonymous_7)
FNDA:0,wAjax
DA:1,0
DA:2,0
DA:7,0
DA:8,0
DA:10,0
DA:12,0
DA:13,0
DA:16,0
DA:17,0
DA:18,0
DA:19,0
DA:21,0
DA:26,0
DA:32,0
DA:33,0
DA:36,0
DA:37,0
DA:39,0
LF:18
LH:0
BRDA:1,0,0,0
BRDA:1,0,1,0
BRDA:1,1,0,0
BRDA:1,1,1,0
BRDA:2,2,0,0
BRDA:2,2,1,0
BRDA:2,3,0,0
BRDA:2,3,1,0
BRDA:2,4,0,0
BRDA:2,4,1,0
BRDA:2,5,0,0
BRDA:2,5,1,0
BRDA:2,6,0,0
BRDA:2,6,1,0
BRDA:2,7,0,0
BRDA:2,7,1,0
BRDA:2,8,0,0
BRDA:2,8,1,0
BRDA:2,8,2,0
BRDA:8,9,0,0
BRDA:8,9,1,0
BRDA:16,10,0,0
BRDA:16,10,1,0
BRF:23
BRH:0
end_of_record
TN:
SF:C:\Users\Timi\WebstormProjects\untitled\project.wechat.vue\src\components\agreementMod\agreementMod.vue
FN:1,(anonymous_0)
FN:151,render
FN:152,render
FNF:3
FNH:0
FNDA:0,(anonymous_0)
FNDA:0,render
FNDA:0,render
DA:1,0
DA:4,0
DA:144,0
DA:149,0
DA:150,0
DA:151,0
DA:152,0
LF:7
LH:0
BRDA:149,0,0,0
BRDA:149,0,1,0
BRDA:150,1,0,0
BRDA:150,1,1,0
BRDA:151,2,0,0
BRDA:151,2,1,0
BRDA:152,3,0,0
BRDA:152,3,1,0
BRF:8
BRH:0
end_of_record
TN:
SF:C:\Users\Timi\WebstormProjects\untitled\project.wechat.vue\src\components\allBankList\allBankList.vue
FN:1,(anonymous_0)
FN:22,data
FN:31,mounted
FN:35,redirect
FN:57,render
FN:57,(anonymous_5)
FN:57,(anonymous_6)
FNF:7
FNH:0
FNDA:0,(anonymous_0)
FNDA:0,data
FNDA:0,mounted
FNDA:0,redirect
FNDA:0,render
FNDA:0,(anonymous_5)
FNDA:0,(anonymous_6)
DA:1,0
DA:4,0
DA:19,0
DA:23,0
DA:36,0
DA:44,0
DA:55,0
DA:56,0
DA:57,0
DA:58,0
LF:10
LH:0
BRDA:55,0,0,0
BRDA:55,0,1,0
BRDA:56,1,0,0
BRDA:56,1,1,0
BRDA:57,2,0,0
BRDA:57,2,1,0
BRDA:57,3,0,0
BRDA:57,3,1,0
BRF:8
BRH:0
end_of_record
TN:
SF:C:\Users\Timi\WebstormProjects\untitled\project.wechat.vue\src\components\attentionMod\attentionMod.vue
FN:1,(anonymous_0)
FN:19,data
FN:28,mounted
FN:32,a
FN:40,render
FN:40,(anonymous_5)
FN:40,(anonymous_6)
FNF:7
FNH:0
FNDA:0,(anonymous_0)
FNDA:0,data
FNDA:0,mounted
FNDA:0,a
FNDA:0,render
FNDA:0,(anonymous_5)
FNDA:0,(anonymous_6)
DA:1,0
DA:4,0
DA:17,0
DA:20,0
DA:33,0
DA:38,0
DA:39,0
DA:40,0
DA:41,0
LF:9
LH:0
BRDA:38,0,0,0
BRDA:38,0,1,0
BRDA:39,1,0,0
BRDA:39,1,1,0
BRDA:40,2,0,0
BRDA:40,2,1,0
BRDA:40,3,0,0
BRDA:40,3,1,0
BRF:8
BRH:0
end_of_record
TN:
SF:C:\Users\Timi\WebstormProjects\untitled\project.wechat.vue\src\components\authenticationList\authenticationList.vue
FN:1,(anonymous_0)
FN:21,data
FN:30,mounted
FN:38,render
FN:38,(anonymous_4)
FNF:5
FNH:0
FNDA:0,(anonymous_0)
FNDA:0,data
FNDA:0,mounted
FNDA:0,render
FNDA:0,(anonymous_4)
DA:1,0
DA:4,0
DA:19,0
DA:22,0
DA:36,0
DA:37,0
DA:38,0
DA:39,0
LF:8
LH:0
BRDA:36,0,0,0
BRDA:36,0,1,0
BRDA:37,1,0,0
BRDA:37,1,1,0
BRDA:38,2,0,0
BRDA:38,2,1,0
BRF:6
BRH:0
end_of_record
TN:
SF:C:\Users\Timi\WebstormProjects\untitled\project.wechat.vue\src\components\awaitMod\awaitMod.vue
FN:1,(anonymous_0)
FN:16,data
FN:25,mounted
FN:33,render
FN:34,render
FNF:5
FNH:0
FNDA:0,(anonymous_0)
FNDA:0,data
FNDA:0,mounted
FNDA:0,render
FNDA:0,render
DA:1,0
DA:4,0
DA:15,0
DA:17,0
DA:31,0
DA:32,0
DA:33,0
DA:34,0
LF:8
LH:0
BRDA:31,0,0,0
BRDA:31,0,1,0
BRDA:32,1,0,0
BRDA:32,1,1,0
BRDA:33,2,0,0
BRDA:33,2,1,0
BRDA:34,3,0,0
BRDA:34,3,1,0
BRF:8
BRH:0
end_of_record
TN:
SF:C:\Users\Timi\WebstormProjects\untitled\project.wechat.vue\src\components\bankInquireMod\bankInquireMod.vue
FN:1,(anonymous_0)
FN:23,data
FN:32,mounted
FN:40,render
FN:40,(anonymous_4)
FNF:5
FNH:0
FNDA:0,(anonymous_0)
FNDA:0,data
FNDA:0,mounted
FNDA:0,render
FNDA:0,(anonymous_4)
DA:1,0
DA:4,0
DA:21,0
DA:24,0
DA:38,0
DA:39,0
DA:40,0
DA:41,0
LF:8
LH:0
BRDA:38,0,0,0
BRDA:38,0,1,0
BRDA:39,1,0,0
BRDA:39,1,1,0
BRDA:40,2,0,0
BRDA:40,2,1,0
BRF:6
BRH:0
end_of_record
TN:
SF:C:\Users\Timi\WebstormProjects\untitled\project.wechat.vue\src\components\cardHeadLine\cardHeadLine.vue
FN:1,(anonymous_0)
FN:17,data
FN:26,mounted
FN:34,render
FNF:4
FNH:0
FNDA:0,(anonymous_0)
FNDA:0,data
FNDA:0,mounted
FNDA:0,render
DA:1,0
DA:4,0
DA:15,0
DA:18,0
DA:32,0
DA:33,0
DA:34,0
DA:35,0
LF:8
LH:0
BRDA:32,0,0,0
BRDA:32,0,1,0
BRDA:33,1,0,0
BRDA:33,1,1,0
BRDA:34,2,0,0
BRDA:34,2,1,0
BRF:6
BRH:0
end_of_record
TN:
SF:C:\Users\Timi\WebstormProjects\untitled\project.wechat.vue\src\components\checkboxHeadLine\checkboxHeadLine.vue
FN:1,(anonymous_0)
FN:16,data
FN:25,mounted
FN:33,render
FNF:4
FNH:0
FNDA:0,(anonymous_0)
FNDA:0,data
FNDA:0,mounted
FNDA:0,render
DA:1,0
DA:4,0
DA:14,0
DA:17,0
DA:31,0
DA:32,0
DA:33,0
DA:34,0
LF:8
LH:0
BRDA:31,0,0,0
BRDA:31,0,1,0
BRDA:32,1,0,0
BRDA:32,1,1,0
BRDA:33,2,0,0
BRDA:33,2,1,0
BRF:6
BRH:0
end_of_record
TN:
SF:C:\Users\Timi\WebstormProjects\untitled\project.wechat.vue\src\components\checkboxList\checkboxList.vue
FN:1,(anonymous_0)
FN:24,data
FN:33,mounted
FN:37,imgIsShow
FN:45,render
FN:45,(anonymous_5)
FN:45,(anonymous_6)
FNF:7
FNH:0
FNDA:0,(anonymous_0)
FNDA:0,data
FNDA:0,mounted
FNDA:0,imgIsShow
FNDA:0,render
FNDA:0,(anonymous_5)
FNDA:0,(anonymous_6)
DA:1,0
DA:4,0
DA:22,0
DA:25,0
DA:38,0
DA:43,0
DA:44,0
DA:45,0
DA:46,0
LF:9
LH:0
BRDA:43,0,0,0
BRDA:43,0,1,0
BRDA:44,1,0,0
BRDA:44,1,1,0
BRDA:45,2,0,0
BRDA:45,2,1,0
BRDA:45,3,0,0
BRDA:45,3,1,0
BRF:8
BRH:0
end_of_record
TN:
SF:C:\Users\Timi\WebstormProjects\untitled\project.wechat.vue\src\components\creditCardMod\creditCardMod.vue
FN:1,(anonymous_0)
FN:30,data
FN:39,mounted
FN:47,render
FN:47,(anonymous_4)
FN:47,(anonymous_5)
FNF:6
FNH:0
FNDA:0,(anonymous_0)
FNDA:0,data
FNDA:0,mounted
FNDA:0,render
FNDA:0,(anonymous_4)
FNDA:0,(anonymous_5)
DA:1,0
DA:4,0
DA:27,0
DA:31,0
DA:45,0
DA:46,0
DA:47,0
DA:48,0
LF:8
LH:0
BRDA:45,0,0,0
BRDA:45,0,1,0
BRDA:46,1,0,0
BRDA:46,1,1,0
BRDA:47,2,0,0
BRDA:47,2,1,0
BRDA:47,3,0,0
BRDA:47,3,1,0
BRF:8
BRH:0
end_of_record
TN:
SF:C:\Users\Timi\WebstormProjects\untitled\project.wechat.vue\src\components\detailsMessageMod\detailsMessageMod.vue
FN:1,(anonymous_0)
FN:21,data
FN:30,mounted
FN:38,render
FN:38,(anonymous_4)
FNF:5
FNH:0
FNDA:0,(anonymous_0)
FNDA:0,data
FNDA:0,mounted
FNDA:0,render
FNDA:0,(anonymous_4)
DA:1,0
DA:4,0
DA:19,0
DA:22,0
DA:36,0
DA:37,0
DA:38,0
DA:39,0
LF:8
LH:0
BRDA:36,0,0,0
BRDA:36,0,1,0
BRDA:37,1,0,0
BRDA:37,1,1,0
BRDA:38,2,0,0
BRDA:38,2,1,0
BRF:6
BRH:0
end_of_record
TN:
SF:C:\Users\Timi\WebstormProjects\untitled\project.wechat.vue\src\components\drawMoney\drawMoney.vue
FN:1,(anonymous_0)
FN:43,data
FN:52,mounted
FN:60,render
FN:60,(anonymous_4)
FNF:5
FNH:0
FNDA:0,(anonymous_0)
FNDA:0,data
FNDA:0,mounted
FNDA:0,render
FNDA:0,(anonymous_4)
DA:1,0
DA:4,0
DA:41,0
DA:44,0
DA:58,0
DA:59,0
DA:60,0
DA:61,0
LF:8
LH:0
BRDA:58,0,0,0
BRDA:58,0,1,0
BRDA:59,1,0,0
BRDA:59,1,1,0
BRDA:60,2,0,0
BRDA:60,2,1,0
BRF:6
BRH:0
end_of_record
TN:
SF:C:\Users\Timi\WebstormProjects\untitled\project.wechat.vue\src\components\footline\footline.vue
FN:1,(anonymous_0)
FN:18,data
FN:27,mounted
FN:35,render
FNF:4
FNH:0
FNDA:0,(anonymous_0)
FNDA:0,data
FNDA:0,mounted
FNDA:0,render
DA:1,0
DA:4,0
DA:16,0
DA:19,0
DA:33,0
DA:34,0
DA:35,0
DA:36,0
LF:8
LH:0
BRDA:33,0,0,0
BRDA:33,0,1,0
BRDA:34,1,0,0
BRDA:34,1,1,0
BRDA:35,2,0,0
BRDA:35,2,1,0
BRF:6
BRH:0
end_of_record
TN:
SF:C:\Users\Timi\WebstormProjects\untitled\project.wechat.vue\src\components\generalizeMod\generalizeMod.vue
FN:1,(anonymous_0)
FN:25,data
FN:34,mounted
FN:42,render
FN:42,(anonymous_4)
FNF:5
FNH:0
FNDA:0,(anonymous_0)
FNDA:0,data
FNDA:0,mounted
FNDA:0,render
FNDA:0,(anonymous_4)
DA:1,0
DA:4,0
DA:23,0
DA:26,0
DA:40,0
DA:41,0
DA:42,0
DA:43,0
LF:8
LH:0
BRDA:40,0,0,0
BRDA:40,0,1,0
BRDA:41,1,0,0
BRDA:41,1,1,0
BRDA:42,2,0,0
BRDA:42,2,1,0
BRF:6
BRH:0
end_of_record
TN:
SF:C:\Users\Timi\WebstormProjects\untitled\project.wechat.vue\src\components\headline\headline.vue
FN:1,(anonymous_0)
FN:17,data
FN:26,mounted
FN:34,render
FN:34,(anonymous_4)
FNF:5
FNH:0
FNDA:0,(anonymous_0)
FNDA:0,data
FNDA:0,mounted
FNDA:0,render
FNDA:0,(anonymous_4)
DA:1,0
DA:4,0
DA:15,0
DA:18,0
DA:32,0
DA:33,0
DA:34,0
DA:35,0
LF:8
LH:0
BRDA:32,0,0,0
BRDA:32,0,1,0
BRDA:33,1,0,0
BRDA:33,1,1,0
BRDA:34,2,0,0
BRDA:34,2,1,0
BRDA:34,3,0,0
BRDA:34,3,1,0
BRF:8
BRH:0
end_of_record
TN:
SF:C:\Users\Timi\WebstormProjects\untitled\project.wechat.vue\src\components\linkageMod\linkageMod.vue
FN:1,(anonymous_0)
FN:32,data
FN:43,cities
FN:54,mformDatasInd
FN:71,(anonymous_4)
FN:83,(anonymous_5)
FN:99,cities
FN:111,(anonymous_7)
FN:128,select1
FN:134,created
FN:135,mounted
FN:136,updated
FN:143,render
FN:143,(anonymous_13)
FN:143,(anonymous_14)
FNF:15
FNH:0
FNDA:0,(anonymous_0)
FNDA:0,data
FNDA:0,cities
FNDA:0,mformDatasInd
FNDA:0,(anonymous_4)
FNDA:0,(anonymous_5)
FNDA:0,cities
FNDA:0,(anonymous_7)
FNDA:0,select1
FNDA:0,created
FNDA:0,mounted
FNDA:0,updated
FNDA:0,render
FNDA:0,(anonymous_13)
FNDA:0,(anonymous_14)
DA:1,0
DA:4,0
DA:30,0
DA:33,0
DA:44,0
DA:45,0
DA:46,0
DA:48,0
DA:50,0
DA:55,0
DA:57,0
DA:58,0
DA:59,0
DA:60,0
DA:61,0
DA:65,0
DA:66,0
DA:70,0
DA:71,0
DA:72,0
DA:73,0
DA:74,0
DA:75,0
DA:76,0
DA:77,0
DA:79,0
DA:81,0
DA:83,0
DA:84,0
DA:85,0
DA:86,0
DA:87,0
DA:88,0
DA:89,0
DA:91,0
DA:93,0
DA:96,0
DA:100,0
DA:102,0
DA:103,0
DA:104,0
DA:105,0
DA:106,0
DA:110,0
DA:111,0
DA:112,0
DA:113,0
DA:114,0
DA:115,0
DA:116,0
DA:117,0
DA:119,0
DA:121,0
DA:124,0
DA:125,0
DA:129,0
DA:130,0
DA:131,0
DA:141,0
DA:142,0
DA:143,0
DA:144,0
LF:62
LH:0
BRDA:45,0,0,0
BRDA:45,0,1,0
BRDA:57,1,0,0
BRDA:57,1,1,0
BRDA:74,2,0,0
BRDA:74,2,1,0
BRDA:76,3,0,0
BRDA:76,3,1,0
BRDA:86,4,0,0
BRDA:86,4,1,0
BRDA:88,5,0,0
BRDA:88,5,1,0
BRDA:96,6,0,0
BRDA:96,6,1,0
BRDA:102,7,0,0
BRDA:102,7,1,0
BRDA:112,8,0,0
BRDA:112,8,1,0
BRDA:114,9,0,0
BRDA:114,9,1,0
BRDA:116,10,0,0
BRDA:116,10,1,0
BRDA:124,11,0,0
BRDA:124,11,1,0
BRDA:141,12,0,0
BRDA:141,12,1,0
BRDA:142,13,0,0
BRDA:142,13,1,0
BRDA:143,14,0,0
BRDA:143,14,1,0
BRF:30
BRH:0
end_of_record
TN:
SF:C:\Users\Timi\WebstormProjects\untitled\project.wechat.vue\src\components\loanMod\loanMod.vue
FN:1,(anonymous_0)
FN:27,data
FN:36,mounted
FN:44,render
FN:44,(anonymous_4)
FNF:5
FNH:0
FNDA:0,(anonymous_0)
FNDA:0,data
FNDA:0,mounted
FNDA:0,render
FNDA:0,(anonymous_4)
DA:1,0
DA:4,0
DA:25,0
DA:28,0
DA:42,0
DA:43,0
DA:44,0
DA:45,0
LF:8
LH:0
BRDA:42,0,0,0
BRDA:42,0,1,0
BRDA:43,1,0,0
BRDA:43,1,1,0
BRDA:44,2,0,0
BRDA:44,2,1,0
BRF:6
BRH:0
end_of_record
TN:
SF:C:\Users\Timi\WebstormProjects\untitled\project.wechat.vue\src\components\myParticulars\myParticulars.vue
FN:1,(anonymous_0)
FN:26,data
FN:35,mounted
FN:43,render
FN:43,(anonymous_4)
FNF:5
FNH:0
FNDA:0,(anonymous_0)
FNDA:0,data
FNDA:0,mounted
FNDA:0,render
FNDA:0,(anonymous_4)
DA:1,0
DA:4,0
DA:23,0
DA:27,0
DA:41,0
DA:42,0
DA:43,0
DA:44,0
LF:8
LH:0
BRDA:41,0,0,0
BRDA:41,0,1,0
BRDA:42,1,0,0
BRDA:42,1,1,0
BRDA:43,2,0,0
BRDA:43,2,1,0
BRDA:43,3,0,0
BRDA:43,3,1,0
BRF:8
BRH:0
end_of_record
TN:
SF:C:\Users\Timi\WebstormProjects\untitled\project.wechat.vue\src\components\orderFormList\orderFormList.vue
FN:1,(anonymous_0)
FN:43,data
FN:52,mounted
FN:60,render
FN:60,(anonymous_4)
FN:60,(anonymous_5)
FNF:6
FNH:0
FNDA:0,(anonymous_0)
FNDA:0,data
FNDA:0,mounted
FNDA:0,render
FNDA:0,(anonymous_4)
FNDA:0,(anonymous_5)
DA:1,0
DA:4,0
DA:41,0
DA:44,0
DA:58,0
DA:59,0
DA:60,0
DA:61,0
LF:8
LH:0
BRDA:58,0,0,0
BRDA:58,0,1,0
BRDA:59,1,0,0
BRDA:59,1,1,0
BRDA:60,2,0,0
BRDA:60,2,1,0
BRDA:60,3,0,0
BRDA:60,3,1,0
BRDA:60,4,0,0
BRDA:60,4,1,0
BRF:10
BRH:0
end_of_record
TN:
SF:C:\Users\Timi\WebstormProjects\untitled\project.wechat.vue\src\components\pickerMod\pickerMod.vue
FN:1,(anonymous_0)
FN:24,data
FN:35,shadeIsShow
FN:45,(anonymous_3)
FN:65,mounted
FN:68,updated
FN:75,render
FN:75,(anonymous_7)
FNF:8
FNH:0
FNDA:0,(anonymous_0)
FNDA:0,data
FNDA:0,shadeIsShow
FNDA:0,(anonymous_3)
FNDA:0,mounted
FNDA:0,updated
FNDA:0,render
FNDA:0,(anonymous_7)
DA:1,0
DA:4,0
DA:22,0
DA:25,0
DA:36,0
DA:38,0
DA:39,0
DA:44,0
DA:45,0
DA:46,0
DA:47,0
DA:48,0
DA:49,0
DA:50,0
DA:51,0
DA:52,0
DA:54,0
DA:56,0
DA:58,0
DA:60,0
DA:61,0
DA:66,0
DA:73,0
DA:74,0
DA:75,0
DA:76,0
LF:26
LH:0
BRDA:38,0,0,0
BRDA:38,0,1,0
BRDA:49,1,0,0
BRDA:49,1,1,0
BRDA:51,2,0,0
BRDA:51,2,1,0
BRDA:60,3,0,0
BRDA:60,3,1,0
BRDA:66,4,0,0
BRDA:66,4,1,0
BRDA:73,5,0,0
BRDA:73,5,1,0
BRDA:74,6,0,0
BRDA:74,6,1,0
BRDA:75,7,0,0
BRDA:75,7,1,0
BRDA:75,8,0,0
BRDA:75,8,1,0
BRDA:75,9,0,0
BRDA:75,9,1,0
BRF:20
BRH:0
end_of_record
TN:
SF:C:\Users\Timi\WebstormProjects\untitled\project.wechat.vue\src\components\privilegeMod\privilegeMod.vue
FN:1,(anonymous_0)
FN:23,data
FN:35,mounted
FN:43,render
FN:43,(anonymous_4)
FNF:5
FNH:0
FNDA:0,(anonymous_0)
FNDA:0,data
FNDA:0,mounted
FNDA:0,render
FNDA:0,(anonymous_4)
DA:1,0
DA:4,0
DA:21,0
DA:24,0
DA:41,0
DA:42,0
DA:43,0
DA:44,0
LF:8
LH:0
BRDA:41,0,0,0
BRDA:41,0,1,0
BRDA:42,1,0,0
BRDA:42,1,1,0
BRDA:43,2,0,0
BRDA:43,2,1,0
BRDA:43,3,0,0
BRDA:43,3,1,0
BRF:8
BRH:0
end_of_record
TN:
SF:C:\Users\Timi\WebstormProjects\untitled\project.wechat.vue\src\components\propertyMod\propertyMod.vue
FN:1,(anonymous_0)
FN:24,data
FN:33,mounted
FN:37,pitchOn
FN:45,render
FN:45,(anonymous_5)
FN:45,(anonymous_6)
FNF:7
FNH:0
FNDA:0,(anonymous_0)
FNDA:0,data
FNDA:0,mounted
FNDA:0,pitchOn
FNDA:0,render
FNDA:0,(anonymous_5)
FNDA:0,(anonymous_6)
DA:1,0
DA:4,0
DA:22,0
DA:25,0
DA:38,0
DA:43,0
DA:44,0
DA:45,0
DA:46,0
LF:9
LH:0
BRDA:43,0,0,0
BRDA:43,0,1,0
BRDA:44,1,0,0
BRDA:44,1,1,0
BRDA:45,2,0,0
BRDA:45,2,1,0
BRF:6
BRH:0
end_of_record
TN:
SF:C:\Users\Timi\WebstormProjects\untitled\project.wechat.vue\src\components\rebateList\rebateList.vue
FN:1,(anonymous_0)
FN:41,data
FN:50,mounted
FN:58,render
FN:58,(anonymous_4)
FNF:5
FNH:0
FNDA:0,(anonymous_0)
FNDA:0,data
FNDA:0,mounted
FNDA:0,render
FNDA:0,(anonymous_4)
DA:1,0
DA:4,0
DA:39,0
DA:42,0
DA:56,0
DA:57,0
DA:58,0
DA:59,0
LF:8
LH:0
BRDA:56,0,0,0
BRDA:56,0,1,0
BRDA:57,1,0,0
BRDA:57,1,1,0
BRDA:58,2,0,0
BRDA:58,2,1,0
BRDA:58,3,0,0
BRDA:58,3,1,0
BRDA:58,4,0,0
BRDA:58,4,1,0
BRF:10
BRH:0
end_of_record
TN:
SF:C:\Users\Timi\WebstormProjects\untitled\project.wechat.vue\src\components\recommendList\recommendList.vue
FN:1,(anonymous_0)
FN:28,data
FN:37,mounted
FN:45,render
FN:45,(anonymous_4)
FN:45,(anonymous_5)
FNF:6
FNH:0
FNDA:0,(anonymous_0)
FNDA:0,data
FNDA:0,mounted
FNDA:0,render
FNDA:0,(anonymous_4)
FNDA:0,(anonymous_5)
DA:1,0
DA:4,0
DA:26,0
DA:29,0
DA:43,0
DA:44,0
DA:45,0
DA:46,0
LF:8
LH:0
BRDA:43,0,0,0
BRDA:43,0,1,0
BRDA:44,1,0,0
BRDA:44,1,1,0
BRDA:45,2,0,0
BRDA:45,2,1,0
BRDA:45,3,0,0
BRDA:45,3,1,0
BRDA:45,4,0,0
BRDA:45,4,1,0
BRF:10
BRH:0
end_of_record
TN:
SF:C:\Users\Timi\WebstormProjects\untitled\project.wechat.vue\src\components\recommendMod\recommendMod.vue
FN:1,(anonymous_0)
FN:34,data
FN:42,beforeCreate
FN:43,mounted
FN:51,render
FN:51,(anonymous_5)
FNF:6
FNH:0
FNDA:0,(anonymous_0)
FNDA:0,data
FNDA:0,beforeCreate
FNDA:0,mounted
FNDA:0,render
FNDA:0,(anonymous_5)
DA:1,0
DA:4,0
DA:31,0
DA:35,0
DA:49,0
DA:50,0
DA:51,0
DA:52,0
LF:8
LH:0
BRDA:49,0,0,0
BRDA:49,0,1,0
BRDA:50,1,0,0
BRDA:50,1,1,0
BRDA:51,2,0,0
BRDA:51,2,1,0
BRDA:51,3,0,0
BRDA:51,3,1,0
BRF:8
BRH:0
end_of_record
TN:
SF:C:\Users\Timi\WebstormProjects\untitled\project.wechat.vue\src\components\scheduleList\scheduleList.vue
FN:1,(anonymous_0)
FN:28,data
FN:37,mounted
FN:45,render
FN:45,(anonymous_4)
FNF:5
FNH:0
FNDA:0,(anonymous_0)
FNDA:0,data
FNDA:0,mounted
FNDA:0,render
FNDA:0,(anonymous_4)
DA:1,0
DA:4,0
DA:26,0
DA:29,0
DA:43,0
DA:44,0
DA:45,0
DA:46,0
LF:8
LH:0
BRDA:43,0,0,0
BRDA:43,0,1,0
BRDA:44,1,0,0
BRDA:44,1,1,0
BRDA:45,2,0,0
BRDA:45,2,1,0
BRDA:45,3,0,0
BRDA:45,3,1,0
BRF:8
BRH:0
end_of_record
TN:
SF:C:\Users\Timi\WebstormProjects\untitled\project.wechat.vue\src\components\scroll\scroll.vue
FN:1,(anonymous_0)
FN:12,_interopRequireDefault
FN:92,mounted
FN:97,(anonymous_3)
FN:103,_initScroll
FN:119,(anonymous_5)
FN:126,(anonymous_6)
FN:136,(anonymous_7)
FN:146,(anonymous_8)
FN:151,disable
FN:155,enable
FN:159,refresh
FN:163,scrollTo
FN:167,scrollToElement
FN:174,data
FN:177,(anonymous_15)
FN:181,$route
FN:195,render
FNF:18
FNH:0
FNDA:0,(anonymous_0)
FNDA:0,_interopRequireDefault
FNDA:0,mounted
FNDA:0,(anonymous_3)
FNDA:0,_initScroll
FNDA:0,(anonymous_5)
FNDA:0,(anonymous_6)
FNDA:0,(anonymous_7)
FNDA:0,(anonymous_8)
FNDA:0,disable
FNDA:0,enable
FNDA:0,refresh
FNDA:0,scrollTo
FNDA:0,scrollToElement
FNDA:0,data
FNDA:0,(anonymous_15)
FNDA:0,$route
FNDA:0,render
DA:1,0
DA:4,0
DA:8,0
DA:10,0
DA:12,0
DA:14,0
DA:93,0
DA:95,0
DA:97,0
DA:98,0
DA:104,0
DA:106,0
DA:107,0
DA:110,0
DA:118,0
DA:119,0
DA:120,0
DA:125,0
DA:126,0
DA:128,0
DA:129,0
DA:135,0
DA:136,0
DA:138,0
DA:139,0
DA:145,0
DA:146,0
DA:147,0
DA:153,0
DA:157,0
DA:161,0
DA:165,0
DA:169,0
DA:175,0
DA:177,0
DA:178,0
DA:182,0
DA:183,0
DA:193,0
DA:194,0
DA:195,0
DA:196,0
LF:42
LH:0
BRDA:12,0,0,0
BRDA:12,0,1,0
BRDA:12,1,0,0
BRDA:12,1,1,0
BRDA:106,2,0,0
BRDA:106,2,1,0
BRDA:118,3,0,0
BRDA:118,3,1,0
BRDA:125,4,0,0
BRDA:125,4,1,0
BRDA:128,5,0,0
BRDA:128,5,1,0
BRDA:135,6,0,0
BRDA:135,6,1,0
BRDA:138,7,0,0
BRDA:138,7,1,0
BRDA:145,8,0,0
BRDA:145,8,1,0
BRDA:153,9,0,0
BRDA:153,9,1,0
BRDA:157,10,0,0
BRDA:157,10,1,0
BRDA:161,11,0,0
BRDA:161,11,1,0
BRDA:165,12,0,0
BRDA:165,12,1,0
BRDA:169,13,0,0
BRDA:169,13,1,0
BRDA:182,14,0,0
BRDA:182,14,1,0
BRDA:182,15,0,0
BRDA:182,15,1,0
BRDA:193,16,0,0
BRDA:193,16,1,0
BRDA:194,17,0,0
BRDA:194,17,1,0
BRDA:195,18,0,0
BRDA:195,18,1,0
BRF:38
BRH:0
end_of_record
TN:
SF:C:\Users\Timi\WebstormProjects\untitled\project.wechat.vue\src\components\split\split.vue
FN:1,(anonymous_0)
FN:18,render
FNF:2
FNH:0
FNDA:0,(anonymous_0)
FNDA:0,render
DA:1,0
DA:4,0
DA:12,0
DA:16,0
DA:17,0
DA:18,0
DA:19,0
LF:7
LH:0
BRDA:16,0,0,0
BRDA:16,0,1,0
BRDA:17,1,0,0
BRDA:17,1,1,0
BRDA:18,2,0,0
BRDA:18,2,1,0
BRF:6
BRH:0
end_of_record
TN:
SF:C:\Users\Timi\WebstormProjects\untitled\project.wechat.vue\src\components\star\star.vue
FN:1,(anonymous_0)
FN:25,starClasses
FN:48,render
FN:48,(anonymous_3)
FNF:4
FNH:0
FNDA:0,(anonymous_0)
FNDA:0,starClasses
FNDA:0,render
FNDA:0,(anonymous_3)
DA:1,0
DA:4,0
DA:14,0
DA:15,0
DA:17,0
DA:26,0
DA:28,0
DA:29,0
DA:32,0
DA:33,0
DA:37,0
DA:38,0
DA:41,0
DA:46,0
DA:47,0
DA:48,0
DA:49,0
LF:17
LH:0
BRDA:46,0,0,0
BRDA:46,0,1,0
BRDA:47,1,0,0
BRDA:47,1,1,0
BRDA:48,2,0,0
BRDA:48,2,1,0
BRF:6
BRH:0
end_of_record
TN:
SF:C:\Users\Timi\WebstormProjects\untitled\project.wechat.vue\src\components\strategyList\strategyList.vue
FN:1,(anonymous_0)
FN:25,data
FN:33,mounted
FN:41,render
FN:41,(anonymous_4)
FNF:5
FNH:0
FNDA:0,(anonymous_0)
FNDA:0,data
FNDA:0,mounted
FNDA:0,render
FNDA:0,(anonymous_4)
DA:1,0
DA:4,0
DA:23,0
DA:26,0
DA:39,0
DA:40,0
DA:41,0
DA:42,0
LF:8
LH:0
BRDA:39,0,0,0
BRDA:39,0,1,0
BRDA:40,1,0,0
BRDA:40,1,1,0
BRDA:41,2,0,0
BRDA:41,2,1,0
BRDA:41,3,0,0
BRDA:41,3,1,0
BRF:8
BRH:0
end_of_record
TN:
SF:C:\Users\Timi\WebstormProjects\untitled\project.wechat.vue\src\components\usersListMod\usersListMod.vue
FN:1,(anonymous_0)
FN:40,data
FN:49,mounted
FN:57,render
FN:57,(anonymous_4)
FNF:5
FNH:0
FNDA:0,(anonymous_0)
FNDA:0,data
FNDA:0,mounted
FNDA:0,render
FNDA:0,(anonymous_4)
DA:1,0
DA:4,0
DA:38,0
DA:41,0
DA:55,0
DA:56,0
DA:57,0
DA:58,0
LF:8
LH:0
BRDA:55,0,0,0
BRDA:55,0,1,0
BRDA:56,1,0,0
BRDA:56,1,1,0
BRDA:57,2,0,0
BRDA:57,2,1,0
BRDA:57,3,0,0
BRDA:57,3,1,0
BRDA:57,4,0,0
BRDA:57,4,1,0
BRDA:57,5,0,0
BRDA:57,5,1,0
BRDA:57,6,0,0
BRDA:57,6,1,0
BRDA:57,7,0,0
BRDA:57,7,1,0
BRDA:57,8,0,0
BRDA:57,8,1,0
BRDA:57,9,0,0
BRDA:57,9,1,0
BRF:20
BRH:0
end_of_record
TN:
SF:C:\Users\Timi\WebstormProjects\untitled\project.wechat.vue\src\components\verification\verification.vue
FN:1,(anonymous_0)
FN:14,_interopRequireDefault
FN:18,data
FN:27,__newGuid
FN:33,get
FN:36,set
FN:39,verification
FN:46,mounted
FN:50,touchstartMap
FN:79,render
FN:79,(anonymous_10)
FN:79,(anonymous_11)
FN:79,(anonymous_12)
FN:79,(anonymous_13)
FN:79,(anonymous_14)
FN:79,(anonymous_15)
FNF:16
FNH:0
FNDA:0,(anonymous_0)
FNDA:0,_interopRequireDefault
FNDA:0,data
FNDA:0,__newGuid
FNDA:0,get
FNDA:0,set
FNDA:0,verification
FNDA:0,mounted
FNDA:0,touchstartMap
FNDA:0,render
FNDA:0,(anonymous_10)
FNDA:0,(anonymous_11)
FNDA:0,(anonymous_12)
FNDA:0,(anonymous_13)
FNDA:0,(anonymous_14)
FNDA:0,(anonymous_15)
DA:1,0
DA:4,0
DA:8,0
DA:10,0
DA:12,0
DA:14,0
DA:16,0
DA:19,0
DA:28,0
DA:34,0
DA:40,0
DA:41,0
DA:42,0
DA:51,0
DA:77,0
DA:78,0
DA:79,0
DA:80,0
LF:18
LH:0
BRDA:14,0,0,0
BRDA:14,0,1,0
BRDA:14,1,0,0
BRDA:14,1,1,0
BRDA:77,2,0,0
BRDA:77,2,1,0
BRDA:78,3,0,0
BRDA:78,3,1,0
BRDA:79,4,0,0
BRDA:79,4,1,0
BRDA:79,5,0,0
BRDA:79,5,1,0
BRDA:79,6,0,0
BRDA:79,6,1,0
BRDA:79,7,0,0
BRDA:79,7,1,0
BRF:16
BRH:0
end_of_record
TN:
SF:C:\Users\Timi\WebstormProjects\untitled\project.wechat.vue\src\pages\WithdrawalPage\WithdrawalPage.vue
FN:1,(anonymous_0)
FN:14,_interopRequireDefault
FN:17,data
FN:45,$route
FN:50,(anonymous_4)
FN:57,beforeCreate
FN:60,(anonymous_6)
FN:70,mounted
FN:73,affirm
FN:126,render
FNF:10
FNH:0
FNDA:0,(anonymous_0)
FNDA:0,_interopRequireDefault
FNDA:0,data
FNDA:0,$route
FNDA:0,(anonymous_4)
FNDA:0,beforeCreate
FNDA:0,(anonymous_6)
FNDA:0,mounted
FNDA:0,affirm
FNDA:0,render
DA:1,0
DA:4,0
DA:8,0
DA:10,0
DA:12,0
DA:14,0
DA:16,0
DA:18,0
DA:46,0
DA:48,0
DA:49,0
DA:50,0
DA:51,0
DA:58,0
DA:60,0
DA:61,0
DA:62,0
DA:74,0
DA:124,0
DA:125,0
DA:126,0
DA:127,0
LF:22
LH:0
BRDA:14,0,0,0
BRDA:14,0,1,0
BRDA:14,1,0,0
BRDA:14,1,1,0
BRDA:49,2,0,0
BRDA:49,2,1,0
BRDA:124,3,0,0
BRDA:124,3,1,0
BRDA:125,4,0,0
BRDA:125,4,1,0
BRDA:126,5,0,0
BRDA:126,5,1,0
BRF:12
BRH:0
end_of_record
TN:
SF:C:\Users\Timi\WebstormProjects\untitled\project.wechat.vue\src\pages\articlePage\articlePage.vue
FN:1,(anonymous_0)
FN:18,_interopRequireDefault
FN:48,data
FN:59,created
FN:64,(anonymous_4)
FN:67,(anonymous_5)
FN:76,mounted
FN:77,updated
FN:84,render
FNF:9
FNH:0
FNDA:0,(anonymous_0)
FNDA:0,_interopRequireDefault
FNDA:0,data
FNDA:0,created
FNDA:0,(anonymous_4)
FNDA:0,(anonymous_5)
FNDA:0,mounted
FNDA:0,updated
FNDA:0,render
DA:1,0
DA:4,0
DA:8,0
DA:10,0
DA:12,0
DA:14,0
DA:16,0
DA:18,0
DA:46,0
DA:49,0
DA:60,0
DA:62,0
DA:65,0
DA:66,0
DA:67,0
DA:68,0
DA:72,0
DA:82,0
DA:83,0
DA:84,0
DA:85,0
LF:21
LH:0
BRDA:18,0,0,0
BRDA:18,0,1,0
BRDA:18,1,0,0
BRDA:18,1,1,0
BRDA:82,2,0,0
BRDA:82,2,1,0
BRDA:83,3,0,0
BRDA:83,3,1,0
BRDA:84,4,0,0
BRDA:84,4,1,0
BRDA:84,5,0,0
BRDA:84,5,1,0
BRF:12
BRH:0
end_of_record
TN:
SF:C:\Users\Timi\WebstormProjects\untitled\project.wechat.vue\src\pages\authenticationPage\authenticationPage.vue
FN:1,(anonymous_0)
FN:20,_interopRequireDefault
FN:23,data
FN:86,beforeMount
FN:87,mounted
FN:88,updated
FN:92,__phoneNote
FN:103,(anonymous_7)
FN:126,pullDown
FN:131,approve
FN:135,(anonymous_10)
FN:152,cb
FN:157,(anonymous_12)
FN:181,changeShow
FN:187,verificationCancel
FN:201,(anonymous_15)
FN:208,notarize
FN:213,loseFocus
FN:216,isFooter
FN:221,goodInput
FN:232,sendMsg
FN:302,render
FN:302,(anonymous_22)
FN:302,(anonymous_23)
FN:302,(anonymous_24)
FN:302,(anonymous_25)
FNF:26
FNH:0
FNDA:0,(anonymous_0)
FNDA:0,_interopRequireDefault
FNDA:0,data
FNDA:0,beforeMount
FNDA:0,mounted
FNDA:0,updated
FNDA:0,__phoneNote
FNDA:0,(anonymous_7)
FNDA:0,pullDown
FNDA:0,approve
FNDA:0,(anonymous_10)
FNDA:0,cb
FNDA:0,(anonymous_12)
FNDA:0,changeShow
FNDA:0,verificationCancel
FNDA:0,(anonymous_15)
FNDA:0,notarize
FNDA:0,loseFocus
FNDA:0,isFooter
FNDA:0,goodInput
FNDA:0,sendMsg
FNDA:0,render
FNDA:0,(anonymous_22)
FNDA:0,(anonymous_23)
FNDA:0,(anonymous_24)
FNDA:0,(anonymous_25)
DA:1,0
DA:4,0
DA:8,0
DA:10,0
DA:12,0
DA:14,0
DA:16,0
DA:18,0
DA:20,0
DA:22,0
DA:24,0
DA:93,0
DA:95,0
DA:96,0
DA:101,0
DA:102,0
DA:103,0
DA:104,0
DA:105,0
DA:106,0
DA:107,0
DA:108,0
DA:110,0
DA:111,0
DA:116,0
DA:121,0
DA:127,0
DA:132,0
DA:134,0
DA:135,0
DA:136,0
DA:138,0
DA:139,0
DA:150,0
DA:153,0
DA:157,0
DA:159,0
DA:160,0
DA:161,0
DA:163,0
DA:168,0
DA:172,0
DA:182,0
DA:188,0
DA:190,0
DA:191,0
DA:192,0
DA:193,0
DA:194,0
DA:200,0
DA:201,0
DA:202,0
DA:209,0
DA:214,0
DA:217,0
DA:222,0
DA:223,0
DA:227,0
DA:233,0
DA:234,0
DA:235,0
DA:240,0
DA:242,0
DA:243,0
DA:245,0
DA:300,0
DA:301,0
DA:302,0
DA:303,0
LF:69
LH:0
BRDA:20,0,0,0
BRDA:20,0,1,0
BRDA:20,1,0,0
BRDA:20,1,1,0
BRDA:95,2,0,0
BRDA:95,2,1,0
BRDA:105,3,0,0
BRDA:105,3,1,0
BRDA:110,4,0,0
BRDA:110,4,1,0
BRDA:138,5,0,0
BRDA:138,5,1,0
BRDA:159,6,0,0
BRDA:159,6,1,0
BRDA:193,7,0,0
BRDA:193,7,1,0
BRDA:222,8,0,0
BRDA:222,8,1,0
BRDA:234,9,0,0
BRDA:234,9,1,0
BRDA:242,10,0,0
BRDA:242,10,1,0
BRDA:242,11,0,0
BRDA:242,11,1,0
BRDA:300,12,0,0
BRDA:300,12,1,0
BRDA:301,13,0,0
BRDA:301,13,1,0
BRDA:302,14,0,0
BRDA:302,14,1,0
BRDA:302,15,0,0
BRDA:302,15,1,0
BRF:32
BRH:0
end_of_record
TN:
SF:C:\Users\Timi\WebstormProjects\untitled\project.wechat.vue\src\pages\cardApplyForPage\cardApplyForPage.vue
FN:1,(anonymous_0)
FN:14,_interopRequireDefault
FN:17,data
FN:56,beforeCreate
FN:57,created
FN:60,(anonymous_5)
FN:68,mounted
FN:69,updated
FN:71,(anonymous_8)
FN:83,__findModel
FN:85,(anonymous_10)
FN:91,applyFor
FN:127,(anonymous_12)
FN:142,isFooter
FN:147,loseFocus
FN:152,goodInput
FN:204,render
FN:204,(anonymous_17)
FN:204,(anonymous_18)
FN:204,(anonymous_19)
FN:204,(anonymous_20)
FN:205,render
FNF:22
FNH:0
FNDA:0,(anonymous_0)
FNDA:0,_interopRequireDefault
FNDA:0,data
FNDA:0,beforeCreate
FNDA:0,created
FNDA:0,(anonymous_5)
FNDA:0,mounted
FNDA:0,updated
FNDA:0,(anonymous_8)
FNDA:0,__findModel
FNDA:0,(anonymous_10)
FNDA:0,applyFor
FNDA:0,(anonymous_12)
FNDA:0,isFooter
FNDA:0,loseFocus
FNDA:0,goodInput
FNDA:0,render
FNDA:0,(anonymous_17)
FNDA:0,(anonymous_18)
FNDA:0,(anonymous_19)
FNDA:0,(anonymous_20)
FNDA:0,render
DA:1,0
DA:4,0
DA:8,0
DA:10,0
DA:12,0
DA:14,0
DA:16,0
DA:18,0
DA:58,0
DA:60,0
DA:61,0
DA:62,0
DA:63,0
DA:64,0
DA:70,0
DA:71,0
DA:72,0
DA:73,0
DA:74,0
DA:76,0
DA:84,0
DA:85,0
DA:86,0
DA:92,0
DA:94,0
DA:95,0
DA:96,0
DA:97,0
DA:102,0
DA:103,0
DA:104,0
DA:109,0
DA:112,0
DA:113,0
DA:114,0
DA:128,0
DA:129,0
DA:130,0
DA:132,0
DA:143,0
DA:148,0
DA:154,0
DA:155,0
DA:156,0
DA:202,0
DA:203,0
DA:204,0
DA:205,0
LF:48
LH:0
BRDA:14,0,0,0
BRDA:14,0,1,0
BRDA:14,1,0,0
BRDA:14,1,1,0
BRDA:61,2,0,0
BRDA:61,2,1,0
BRDA:73,3,0,0
BRDA:73,3,1,0
BRDA:96,4,0,0
BRDA:96,4,1,0
BRDA:103,5,0,0
BRDA:103,5,1,0
BRDA:129,6,0,0
BRDA:129,6,1,0
BRDA:154,7,0,0
BRDA:154,7,1,0
BRDA:202,8,0,0
BRDA:202,8,1,0
BRDA:203,9,0,0
BRDA:203,9,1,0
BRDA:204,10,0,0
BRDA:204,10,1,0
BRDA:204,11,0,0
BRDA:204,11,1,0
BRDA:205,12,0,0
BRDA:205,12,1,0
BRF:26
BRH:0
end_of_record
TN:
SF:C:\Users\Timi\WebstormProjects\untitled\project.wechat.vue\src\pages\cardDetailsPage\cardDetailsPage.vue
FN:1,(anonymous_0)
FN:26,_interopRequireDefault
FN:55,data
FN:76,detailsMessageDatas
FN:99,created
FN:105,mounted
FN:113,render
FN:113,(anonymous_7)
FNF:8
FNH:0
FNDA:0,(anonymous_0)
FNDA:0,_interopRequireDefault
FNDA:0,data
FNDA:0,detailsMessageDatas
FNDA:0,created
FNDA:0,mounted
FNDA:0,render
FNDA:0,(anonymous_7)
DA:1,0
DA:4,0
DA:8,0
DA:10,0
DA:12,0
DA:14,0
DA:16,0
DA:18,0
DA:20,0
DA:22,0
DA:24,0
DA:26,0
DA:54,0
DA:56,0
DA:77,0
DA:78,0
DA:79,0
DA:96,0
DA:100,0
DA:101,0
DA:111,0
DA:112,0
DA:113,0
DA:114,0
LF:24
LH:0
BRDA:26,0,0,0
BRDA:26,0,1,0
BRDA:26,1,0,0
BRDA:26,1,1,0
BRDA:111,2,0,0
BRDA:111,2,1,0
BRDA:112,3,0,0
BRDA:112,3,1,0
BRDA:113,4,0,0
BRDA:113,4,1,0
BRDA:113,5,0,0
BRDA:113,5,1,0
BRF:12
BRH:0
end_of_record
TN:
SF:C:\Users\Timi\WebstormProjects\untitled\project.wechat.vue\src\pages\creditCardPage\creditCardPage.vue
FN:1,(anonymous_0)
FN:30,_interopRequireDefault
FN:64,data
FN:144,get
FN:147,set
FN:150,created
FN:156,(anonymous_6)
FN:169,(anonymous_7)
FN:170,(anonymous_8)
FN:184,mounted
FN:185,updated
FN:189,loadData
FN:204,(anonymous_12)
FN:206,(anonymous_13)
FN:214,(anonymous_14)
FN:227,render
FNF:16
FNH:0
FNDA:0,(anonymous_0)
FNDA:0,_interopRequireDefault
FNDA:0,data
FNDA:0,get
FNDA:0,set
FNDA:0,created
FNDA:0,(anonymous_6)
FNDA:0,(anonymous_7)
FNDA:0,(anonymous_8)
FNDA:0,mounted
FNDA:0,updated
FNDA:0,loadData
FNDA:0,(anonymous_12)
FNDA:0,(anonymous_13)
FNDA:0,(anonymous_14)
FNDA:0,render
DA:1,0
DA:4,0
DA:8,0
DA:10,0
DA:12,0
DA:14,0
DA:16,0
DA:18,0
DA:20,0
DA:22,0
DA:24,0
DA:26,0
DA:28,0
DA:30,0
DA:63,0
DA:65,0
DA:145,0
DA:151,0
DA:153,0
DA:154,0
DA:155,0
DA:156,0
DA:157,0
DA:159,0
DA:168,0
DA:169,0
DA:170,0
DA:171,0
DA:173,0
DA:190,0
DA:192,0
DA:193,0
DA:194,0
DA:195,0
DA:196,0
DA:197,0
DA:205,0
DA:206,0
DA:209,0
DA:210,0
DA:211,0
DA:214,0
DA:215,0
DA:216,0
DA:225,0
DA:226,0
DA:227,0
DA:228,0
LF:48
LH:0
BRDA:30,0,0,0
BRDA:30,0,1,0
BRDA:30,1,0,0
BRDA:30,1,1,0
BRDA:155,2,0,0
BRDA:155,2,1,0
BRDA:193,3,0,0
BRDA:193,3,1,0
BRDA:193,4,0,0
BRDA:193,4,1,0
BRDA:195,5,0,0
BRDA:195,5,1,0
BRDA:205,6,0,0
BRDA:205,6,1,0
BRDA:225,7,0,0
BRDA:225,7,1,0
BRDA:226,8,0,0
BRDA:226,8,1,0
BRDA:227,9,0,0
BRDA:227,9,1,0
BRDA:227,10,0,0
BRDA:227,10,1,0
BRF:22
BRH:0
end_of_record
TN:
SF:C:\Users\Timi\WebstormProjects\untitled\project.wechat.vue\src\pages\creditHistoryPage\creditHistoryPage.vue
FN:1,(anonymous_0)
FN:49,data
FN:80,mounted
FN:84,changeColor
FN:97,render
FN:97,(anonymous_5)
FN:97,(anonymous_6)
FN:97,(anonymous_7)
FN:98,render
FNF:9
FNH:0
FNDA:0,(anonymous_0)
FNDA:0,data
FNDA:0,mounted
FNDA:0,changeColor
FNDA:0,render
FNDA:0,(anonymous_5)
FNDA:0,(anonymous_6)
FNDA:0,(anonymous_7)
FNDA:0,render
DA:1,0
DA:4,0
DA:48,0
DA:50,0
DA:85,0
DA:86,0
DA:87,0
DA:89,0
DA:95,0
DA:96,0
DA:97,0
DA:98,0
LF:12
LH:0
BRDA:86,0,0,0
BRDA:86,0,1,0
BRDA:95,1,0,0
BRDA:95,1,1,0
BRDA:96,2,0,0
BRDA:96,2,1,0
BRDA:97,3,0,0
BRDA:97,3,1,0
BRDA:97,4,0,0
BRDA:97,4,1,0
BRDA:97,5,0,0
BRDA:97,5,1,0
BRDA:98,6,0,0
BRDA:98,6,1,0
BRF:14
BRH:0
end_of_record
TN:
SF:C:\Users\Timi\WebstormProjects\untitled\project.wechat.vue\src\pages\depositPage\depositPage.vue
FN:1,(anonymous_0)
FN:12,_interopRequireDefault
FN:15,data
FN:79,$route
FN:83,(anonymous_4)
FN:91,mounted
FN:94,(anonymous_6)
FN:98,updated
FN:126,render
FNF:9
FNH:0
FNDA:0,(anonymous_0)
FNDA:0,_interopRequireDefault
FNDA:0,data
FNDA:0,$route
FNDA:0,(anonymous_4)
FNDA:0,mounted
FNDA:0,(anonymous_6)
FNDA:0,updated
FNDA:0,render
DA:1,0
DA:4,0
DA:8,0
DA:10,0
DA:12,0
DA:14,0
DA:16,0
DA:80,0
DA:82,0
DA:83,0
DA:84,0
DA:92,0
DA:94,0
DA:95,0
DA:124,0
DA:125,0
DA:126,0
DA:127,0
LF:18
LH:0
BRDA:12,0,0,0
BRDA:12,0,1,0
BRDA:12,1,0,0
BRDA:12,1,1,0
BRDA:82,2,0,0
BRDA:82,2,1,0
BRDA:124,3,0,0
BRDA:124,3,1,0
BRDA:125,4,0,0
BRDA:125,4,1,0
BRDA:126,5,0,0
BRDA:126,5,1,0
BRF:12
BRH:0
end_of_record
TN:
SF:C:\Users\Timi\WebstormProjects\untitled\project.wechat.vue\src\pages\generalizeErPage\generalizeErPage.vue
FN:1,(anonymous_0)
FN:22,_interopRequireDefault
FN:55,data
FN:68,get
FN:71,set
FN:76,$route
FN:79,erSubordinateUserList
FN:85,created
FN:98,mounted
FN:103,updated
FN:106,loadData
FN:117,(anonymous_11)
FN:119,(anonymous_12)
FN:127,(anonymous_13)
FN:140,render
FNF:15
FNH:0
FNDA:0,(anonymous_0)
FNDA:0,_interopRequireDefault
FNDA:0,data
FNDA:0,get
FNDA:0,set
FNDA:0,$route
FNDA:0,erSubordinateUserList
FNDA:0,created
FNDA:0,mounted
FNDA:0,updated
FNDA:0,loadData
FNDA:0,(anonymous_11)
FNDA:0,(anonymous_12)
FNDA:0,(anonymous_13)
FNDA:0,render
DA:1,0
DA:4,0
DA:8,0
DA:10,0
DA:12,0
DA:14,0
DA:16,0
DA:18,0
DA:20,0
DA:22,0
DA:54,0
DA:56,0
DA:69,0
DA:77,0
DA:80,0
DA:81,0
DA:86,0
DA:87,0
DA:91,0
DA:99,0
DA:100,0
DA:107,0
DA:109,0
DA:110,0
DA:111,0
DA:112,0
DA:118,0
DA:119,0
DA:122,0
DA:123,0
DA:124,0
DA:127,0
DA:128,0
DA:129,0
DA:138,0
DA:139,0
DA:140,0
DA:141,0
LF:38
LH:0
BRDA:22,0,0,0
BRDA:22,0,1,0
BRDA:22,1,0,0
BRDA:22,1,1,0
BRDA:77,2,0,0
BRDA:77,2,1,0
BRDA:80,3,0,0
BRDA:80,3,1,0
BRDA:99,4,0,0
BRDA:99,4,1,0
BRDA:99,5,0,0
BRDA:99,5,1,0
BRDA:111,6,0,0
BRDA:111,6,1,0
BRDA:118,7,0,0
BRDA:118,7,1,0
BRDA:138,8,0,0
BRDA:138,8,1,0
BRDA:139,9,0,0
BRDA:139,9,1,0
BRDA:140,10,0,0
BRDA:140,10,1,0
BRDA:140,11,0,0
BRDA:140,11,1,0
BRDA:140,12,0,0
BRDA:140,12,1,0
BRDA:140,13,0,0
BRDA:140,13,1,0
BRDA:140,14,0,0
BRDA:140,14,1,0
BRDA:140,15,0,0
BRDA:140,15,1,0
BRF:32
BRH:0
end_of_record
TN:
SF:C:\Users\Timi\WebstormProjects\untitled\project.wechat.vue\src\pages\generalizePage\generalizePage.vue
FN:1,(anonymous_0)
FN:14,_interopRequireDefault
FN:17,data
FN:28,created
FN:31,mounted
FN:38,(anonymous_5)
FN:48,updated
FN:52,skip
FN:112,render
FN:113,render
FN:113,render
FN:113,render
FN:113,render
FN:113,render
FNF:14
FNH:0
FNDA:0,(anonymous_0)
FNDA:0,_interopRequireDefault
FNDA:0,data
FNDA:0,created
FNDA:0,mounted
FNDA:0,(anonymous_5)
FNDA:0,updated
FNDA:0,skip
FNDA:0,render
FNDA:0,render
FNDA:0,render
FNDA:0,render
FNDA:0,render
FNDA:0,render
DA:1,0
DA:4,0
DA:8,0
DA:10,0
DA:12,0
DA:14,0
DA:16,0
DA:18,0
DA:29,0
DA:32,0
DA:35,0
DA:36,0
DA:37,0
DA:38,0
DA:40,0
DA:45,0
DA:53,0
DA:54,0
DA:55,0
DA:57,0
DA:110,0
DA:111,0
DA:112,0
DA:113,0
LF:24
LH:0
BRDA:14,0,0,0
BRDA:14,0,1,0
BRDA:14,1,0,0
BRDA:14,1,1,0
BRDA:54,2,0,0
BRDA:54,2,1,0
BRDA:110,3,0,0
BRDA:110,3,1,0
BRDA:111,4,0,0
BRDA:111,4,1,0
BRDA:112,5,0,0
BRDA:112,5,1,0
BRDA:112,6,0,0
BRDA:112,6,1,0
BRDA:112,7,0,0
BRDA:112,7,1,0
BRDA:112,8,0,0
BRDA:112,8,1,0
BRDA:113,9,0,0
BRDA:113,9,1,0
BRDA:113,10,0,0
BRDA:113,10,1,0
BRDA:113,11,0,0
BRDA:113,11,1,0
BRDA:113,12,0,0
BRDA:113,12,1,0
BRDA:113,13,0,0
BRDA:113,13,1,0
BRF:28
BRH:0
end_of_record
TN:
SF:C:\Users\Timi\WebstormProjects\untitled\project.wechat.vue\src\pages\generalizeYiPage\generalizeYiPage.vue
FN:1,(anonymous_0)
FN:18,_interopRequireDefault
FN:70,data
FN:84,get
FN:87,set
FN:91,subordinateUserList
FN:97,beforeCreate
FN:98,created
FN:111,mounted
FN:116,updated
FN:119,loadData
FN:133,(anonymous_11)
FN:136,(anonymous_12)
FN:142,(anonymous_13)
FN:155,render
FNF:15
FNH:0
FNDA:0,(anonymous_0)
FNDA:0,_interopRequireDefault
FNDA:0,data
FNDA:0,get
FNDA:0,set
FNDA:0,subordinateUserList
FNDA:0,beforeCreate
FNDA:0,created
FNDA:0,mounted
FNDA:0,updated
FNDA:0,loadData
FNDA:0,(anonymous_11)
FNDA:0,(anonymous_12)
FNDA:0,(anonymous_13)
FNDA:0,render
DA:1,0
DA:4,0
DA:8,0
DA:10,0
DA:12,0
DA:14,0
DA:16,0
DA:18,0
DA:69,0
DA:71,0
DA:85,0
DA:92,0
DA:93,0
DA:99,0
DA:100,0
DA:104,0
DA:112,0
DA:113,0
DA:120,0
DA:122,0
DA:123,0
DA:124,0
DA:125,0
DA:126,0
DA:127,0
DA:128,0
DA:134,0
DA:135,0
DA:136,0
DA:137,0
DA:138,0
DA:139,0
DA:142,0
DA:143,0
DA:144,0
DA:153,0
DA:154,0
DA:155,0
DA:156,0
LF:39
LH:0
BRDA:18,0,0,0
BRDA:18,0,1,0
BRDA:18,1,0,0
BRDA:18,1,1,0
BRDA:92,2,0,0
BRDA:92,2,1,0
BRDA:112,3,0,0
BRDA:112,3,1,0
BRDA:112,4,0,0
BRDA:112,4,1,0
BRDA:124,5,0,0
BRDA:124,5,1,0
BRDA:124,6,0,0
BRDA:124,6,1,0
BRDA:126,7,0,0
BRDA:126,7,1,0
BRDA:135,8,0,0
BRDA:135,8,1,0
BRDA:153,9,0,0
BRDA:153,9,1,0
BRDA:154,10,0,0
BRDA:154,10,1,0
BRDA:155,11,0,0
BRDA:155,11,1,0
BRDA:155,12,0,0
BRDA:155,12,1,0
BRDA:155,13,0,0
BRDA:155,13,1,0
BRDA:155,14,0,0
BRDA:155,14,1,0
BRDA:155,15,0,0
BRDA:155,15,1,0
BRDA:155,16,0,0
BRDA:155,16,1,0
BRDA:155,17,0,0
BRDA:155,17,1,0
BRDA:155,18,0,0
BRDA:155,18,1,0
BRF:38
BRH:0
end_of_record
TN:
SF:C:\Users\Timi\WebstormProjects\untitled\project.wechat.vue\src\pages\homePage\homePage.vue
FN:1,(anonymous_0)
FN:42,_interopRequireDefault
FN:45,data
FN:112,get
FN:115,set
FN:119,created
FN:128,(anonymous_6)
FN:130,(anonymous_7)
FN:143,mounted
FN:146,(anonymous_9)
FN:152,updated
FN:155,(anonymous_11)
FN:177,changeTop
FN:180,__initScroll
FN:192,vanish
FN:249,render
FNF:16
FNH:0
FNDA:0,(anonymous_0)
FNDA:0,_interopRequireDefault
FNDA:0,data
FNDA:0,get
FNDA:0,set
FNDA:0,created
FNDA:0,(anonymous_6)
FNDA:0,(anonymous_7)
FNDA:0,mounted
FNDA:0,(anonymous_9)
FNDA:0,updated
FNDA:0,(anonymous_11)
FNDA:0,changeTop
FNDA:0,__initScroll
FNDA:0,vanish
FNDA:0,render
DA:1,0
DA:4,0
DA:8,0
DA:10,0
DA:12,0
DA:14,0
DA:16,0
DA:18,0
DA:20,0
DA:22,0
DA:24,0
DA:26,0
DA:28,0
DA:30,0
DA:32,0
DA:34,0
DA:36,0
DA:38,0
DA:40,0
DA:42,0
DA:44,0
DA:46,0
DA:113,0
DA:120,0
DA:122,0
DA:128,0
DA:129,0
DA:130,0
DA:131,0
DA:133,0
DA:144,0
DA:146,0
DA:147,0
DA:148,0
DA:153,0
DA:155,0
DA:156,0
DA:157,0
DA:158,0
DA:159,0
DA:161,0
DA:162,0
DA:167,0
DA:171,0
DA:178,0
DA:181,0
DA:182,0
DA:183,0
DA:188,0
DA:193,0
DA:247,0
DA:248,0
DA:249,0
DA:250,0
LF:54
LH:0
BRDA:42,0,0,0
BRDA:42,0,1,0
BRDA:42,1,0,0
BRDA:42,1,1,0
BRDA:113,2,0,0
BRDA:113,2,1,0
BRDA:147,3,0,0
BRDA:147,3,1,0
BRDA:147,4,0,0
BRDA:147,4,1,0
BRDA:156,5,0,0
BRDA:156,5,1,0
BRDA:156,6,0,0
BRDA:156,6,1,0
BRDA:157,7,0,0
BRDA:157,7,1,0
BRDA:161,8,0,0
BRDA:161,8,1,0
BRDA:171,9,0,0
BRDA:171,9,1,0
BRDA:247,10,0,0
BRDA:247,10,1,0
BRDA:248,11,0,0
BRDA:248,11,1,0
BRDA:249,12,0,0
BRDA:249,12,1,0
BRDA:249,13,0,0
BRDA:249,13,1,0
BRDA:249,14,0,0
BRDA:249,14,1,0
BRDA:249,15,0,0
BRDA:249,15,1,0
BRDA:249,16,0,0
BRDA:249,16,1,0
BRF:34
BRH:0
end_of_record
TN:
SF:C:\Users\Timi\WebstormProjects\untitled\project.wechat.vue\src\pages\loanPage\loanPage.vue
FN:1,(anonymous_0)
FN:32,_interopRequireDefault
FN:93,data
FN:213,num
FN:217,(anonymous_4)
FN:229,shadeIsShow
FN:234,windowChange
FN:243,shadeIsShowInd
FN:247,beforeCreate
FN:248,created
FN:252,(anonymous_10)
FN:256,(anonymous_11)
FN:259,(anonymous_12)
FN:263,(anonymous_13)
FN:273,mounted
FN:276,(anonymous_15)
FN:281,updated
FN:285,__findModel
FN:287,(anonymous_18)
FN:293,__SendVerifyCode
FN:305,(anonymous_20)
FN:321,getLoanAmount
FN:324,_callee
FN:326,_callee$
FN:338,(anonymous_24)
FN:341,(anonymous_25)
FN:356,submit
FN:396,(anonymous_27)
FN:401,(anonymous_28)
FN:413,isFooter
FN:418,loseFocus
FN:423,onValuesChange
FN:442,goodInput
FN:452,sendMsg
FN:470,pullDown
FN:497,changeShow
FN:502,verificationCancel
FN:516,render
FN:516,(anonymous_38)
FN:516,(anonymous_39)
FN:516,(anonymous_40)
FN:516,(anonymous_41)
FN:516,(anonymous_42)
FN:516,(anonymous_43)
FN:516,(anonymous_44)
FN:516,(anonymous_45)
FN:516,(anonymous_46)
FNF:47
FNH:0
FNDA:0,(anonymous_0)
FNDA:0,_interopRequireDefault
FNDA:0,data
FNDA:0,num
FNDA:0,(anonymous_4)
FNDA:0,shadeIsShow
FNDA:0,windowChange
FNDA:0,shadeIsShowInd
FNDA:0,beforeCreate
FNDA:0,created
FNDA:0,(anonymous_10)
FNDA:0,(anonymous_11)
FNDA:0,(anonymous_12)
FNDA:0,(anonymous_13)
FNDA:0,mounted
FNDA:0,(anonymous_15)
FNDA:0,updated
FNDA:0,__findModel
FNDA:0,(anonymous_18)
FNDA:0,__SendVerifyCode
FNDA:0,(anonymous_20)
FNDA:0,getLoanAmount
FNDA:0,_callee
FNDA:0,_callee$
FNDA:0,(anonymous_24)
FNDA:0,(anonymous_25)
FNDA:0,submit
FNDA:0,(anonymous_27)
FNDA:0,(anonymous_28)
FNDA:0,isFooter
FNDA:0,loseFocus
FNDA:0,onValuesChange
FNDA:0,goodInput
FNDA:0,sendMsg
FNDA:0,pullDown
FNDA:0,changeShow
FNDA:0,verificationCancel
FNDA:0,render
FNDA:0,(anonymous_38)
FNDA:0,(anonymous_39)
FNDA:0,(anonymous_40)
FNDA:0,(anonymous_41)
FNDA:0,(anonymous_42)
FNDA:0,(anonymous_43)
FNDA:0,(anonymous_44)
FNDA:0,(anonymous_45)
FNDA:0,(anonymous_46)
DA:1,0
DA:4,0
DA:8,0
DA:10,0
DA:12,0
DA:14,0
DA:16,0
DA:18,0
DA:20,0
DA:22,0
DA:24,0
DA:26,0
DA:28,0
DA:30,0
DA:32,0
DA:92,0
DA:94,0
DA:214,0
DA:216,0
DA:217,0
DA:218,0
DA:219,0
DA:220,0
DA:221,0
DA:222,0
DA:224,0
DA:230,0
DA:231,0
DA:235,0
DA:236,0
DA:238,0
DA:244,0
DA:249,0
DA:251,0
DA:252,0
DA:253,0
DA:256,0
DA:257,0
DA:259,0
DA:260,0
DA:263,0
DA:264,0
DA:265,0
DA:266,0
DA:267,0
DA:274,0
DA:275,0
DA:276,0
DA:277,0
DA:278,0
DA:286,0
DA:287,0
DA:288,0
DA:294,0
DA:296,0
DA:297,0
DA:298,0
DA:306,0
DA:307,0
DA:308,0
DA:309,0
DA:313,0
DA:322,0
DA:324,0
DA:326,0
DA:327,0
DA:328,0
DA:330,0
DA:331,0
DA:332,0
DA:335,0
DA:336,0
DA:338,0
DA:339,0
DA:341,0
DA:342,0
DA:344,0
DA:348,0
DA:357,0
DA:359,0
DA:360,0
DA:361,0
DA:362,0
DA:363,0
DA:366,0
DA:367,0
DA:368,0
DA:369,0
DA:372,0
DA:373,0
DA:376,0
DA:377,0
DA:378,0
DA:379,0
DA:397,0
DA:398,0
DA:399,0
DA:402,0
DA:405,0
DA:414,0
DA:419,0
DA:425,0
DA:426,0
DA:428,0
DA:429,0
DA:431,0
DA:432,0
DA:434,0
DA:435,0
DA:437,0
DA:443,0
DA:444,0
DA:446,0
DA:447,0
DA:453,0
DA:454,0
DA:455,0
DA:457,0
DA:461,0
DA:462,0
DA:463,0
DA:472,0
DA:473,0
DA:474,0
DA:475,0
DA:477,0
DA:478,0
DA:480,0
DA:481,0
DA:483,0
DA:484,0
DA:486,0
DA:487,0
DA:489,0
DA:490,0
DA:492,0
DA:498,0
DA:503,0
DA:504,0
DA:505,0
DA:506,0
DA:508,0
DA:514,0
DA:515,0
DA:516,0
DA:517,0
LF:146
LH:0
BRDA:32,0,0,0
BRDA:32,0,1,0
BRDA:32,1,0,0
BRDA:32,1,1,0
BRDA:216,2,0,0
BRDA:216,2,1,0
BRDA:219,3,0,0
BRDA:219,3,1,0
BRDA:230,4,0,0
BRDA:230,4,1,0
BRDA:230,5,0,0
BRDA:230,5,1,0
BRDA:235,6,0,0
BRDA:235,6,1,0
BRDA:244,7,0,0
BRDA:244,7,1,0
BRDA:251,8,0,0
BRDA:251,8,1,0
BRDA:264,9,0,0
BRDA:264,9,1,0
BRDA:307,10,0,0
BRDA:307,10,1,0
BRDA:328,11,0,0
BRDA:328,11,1,0
BRDA:328,11,2,0
BRDA:328,11,3,0
BRDA:362,12,0,0
BRDA:362,12,1,0
BRDA:368,13,0,0
BRDA:368,13,1,0
BRDA:398,14,0,0
BRDA:398,14,1,0
BRDA:426,15,0,0
BRDA:426,15,1,0
BRDA:426,15,2,0
BRDA:426,15,3,0
BRDA:443,16,0,0
BRDA:443,16,1,0
BRDA:446,17,0,0
BRDA:446,17,1,0
BRDA:454,18,0,0
BRDA:454,18,1,0
BRDA:454,19,0,0
BRDA:454,19,1,0
BRDA:461,20,0,0
BRDA:461,20,1,0
BRDA:473,21,0,0
BRDA:473,21,1,0
BRDA:475,22,0,0
BRDA:475,22,1,0
BRDA:475,22,2,0
BRDA:475,22,3,0
BRDA:490,23,0,0
BRDA:490,23,1,0
BRDA:504,24,0,0
BRDA:504,24,1,0
BRDA:514,25,0,0
BRDA:514,25,1,0
BRDA:515,26,0,0
BRDA:515,26,1,0
BRDA:516,27,0,0
BRDA:516,27,1,0
BRDA:516,28,0,0
BRDA:516,28,1,0
BRDA:516,29,0,0
BRDA:516,29,1,0
BRDA:516,30,0,0
BRDA:516,30,1,0
BRDA:516,31,0,0
BRDA:516,31,1,0
BRDA:516,32,0,0
BRDA:516,32,1,0
BRF:72
BRH:0
end_of_record
TN:
SF:C:\Users\Timi\WebstormProjects\untitled\project.wechat.vue\src\pages\materialPage\materialPage.vue
FN:1,(anonymous_0)
FN:16,_interopRequireDefault
FN:19,data
FN:34,get
FN:37,set
FN:40,created
FN:46,(anonymous_6)
FN:48,(anonymous_7)
FN:49,(anonymous_8)
FN:69,mounted
FN:70,updated
FN:73,loadData
FN:86,(anonymous_12)
FN:90,(anonymous_13)
FN:130,render
FN:130,(anonymous_15)
FNF:16
FNH:0
FNDA:0,(anonymous_0)
FNDA:0,_interopRequireDefault
FNDA:0,data
FNDA:0,get
FNDA:0,set
FNDA:0,created
FNDA:0,(anonymous_6)
FNDA:0,(anonymous_7)
FNDA:0,(anonymous_8)
FNDA:0,mounted
FNDA:0,updated
FNDA:0,loadData
FNDA:0,(anonymous_12)
FNDA:0,(anonymous_13)
FNDA:0,render
FNDA:0,(anonymous_15)
DA:1,0
DA:4,0
DA:8,0
DA:10,0
DA:12,0
DA:14,0
DA:16,0
DA:18,0
DA:20,0
DA:35,0
DA:41,0
DA:43,0
DA:44,0
DA:47,0
DA:48,0
DA:49,0
DA:50,0
DA:51,0
DA:55,0
DA:62,0
DA:74,0
DA:76,0
DA:77,0
DA:78,0
DA:79,0
DA:80,0
DA:81,0
DA:87,0
DA:88,0
DA:90,0
DA:93,0
DA:94,0
DA:95,0
DA:128,0
DA:129,0
DA:130,0
DA:131,0
LF:37
LH:0
BRDA:16,0,0,0
BRDA:16,0,1,0
BRDA:16,1,0,0
BRDA:16,1,1,0
BRDA:47,2,0,0
BRDA:47,2,1,0
BRDA:77,3,0,0
BRDA:77,3,1,0
BRDA:79,4,0,0
BRDA:79,4,1,0
BRDA:87,5,0,0
BRDA:87,5,1,0
BRDA:128,6,0,0
BRDA:128,6,1,0
BRDA:129,7,0,0
BRDA:129,7,1,0
BRDA:130,8,0,0
BRDA:130,8,1,0
BRDA:130,9,0,0
BRDA:130,9,1,0
BRDA:130,10,0,0
BRDA:130,10,1,0
BRF:22
BRH:0
end_of_record
TN:
SF:C:\Users\Timi\WebstormProjects\untitled\project.wechat.vue\src\pages\myPage\myPage.vue
FN:1,(anonymous_0)
FN:18,_interopRequireDefault
FN:56,data
FN:94,beforeCreate
FN:95,created
FN:98,(anonymous_5)
FN:102,mounted
FN:109,render
FNF:8
FNH:0
FNDA:0,(anonymous_0)
FNDA:0,_interopRequireDefault
FNDA:0,data
FNDA:0,beforeCreate
FNDA:0,created
FNDA:0,(anonymous_5)
FNDA:0,mounted
FNDA:0,render
DA:1,0
DA:4,0
DA:8,0
DA:10,0
DA:12,0
DA:14,0
DA:16,0
DA:18,0
DA:55,0
DA:57,0
DA:96,0
DA:98,0
DA:99,0
DA:107,0
DA:108,0
DA:109,0
DA:110,0
LF:17
LH:0
BRDA:18,0,0,0
BRDA:18,0,1,0
BRDA:18,1,0,0
BRDA:18,1,1,0
BRDA:107,2,0,0
BRDA:107,2,1,0
BRDA:108,3,0,0
BRDA:108,3,1,0
BRDA:109,4,0,0
BRDA:109,4,1,0
BRDA:109,5,0,0
BRDA:109,5,1,0
BRDA:109,6,0,0
BRDA:109,6,1,0
BRDA:109,7,0,0
BRDA:109,7,1,0
BRDA:109,8,0,0
BRDA:109,8,1,0
BRDA:109,9,0,0
BRDA:109,9,1,0
BRDA:109,10,0,0
BRDA:109,10,1,0
BRDA:109,11,0,0
BRDA:109,11,1,0
BRF:24
BRH:0
end_of_record
TN:
SF:C:\Users\Timi\WebstormProjects\untitled\project.wechat.vue\src\pages\orderFormPage\orderFormPage.vue
FN:1,(anonymous_0)
FN:30,_interopRequireDefault
FN:75,data
FN:113,get
FN:116,set
FN:119,created
FN:123,(anonymous_6)
FN:134,(anonymous_7)
FN:143,orderFormInd
FN:148,orderListFor1
FN:157,mounted
FN:158,updated
FN:162,screenIsShow
FN:167,(anonymous_13)
FN:172,(anonymous_14)
FN:192,changeColor
FN:204,(anonymous_16)
FN:213,loadData
FN:227,(anonymous_18)
FN:229,(anonymous_19)
FN:237,(anonymous_20)
FN:250,render
FN:250,(anonymous_22)
FN:250,(anonymous_23)
FN:250,(anonymous_24)
FN:250,(anonymous_25)
FN:250,(anonymous_26)
FNF:27
FNH:0
FNDA:0,(anonymous_0)
FNDA:0,_interopRequireDefault
FNDA:0,data
FNDA:0,get
FNDA:0,set
FNDA:0,created
FNDA:0,(anonymous_6)
FNDA:0,(anonymous_7)
FNDA:0,orderFormInd
FNDA:0,orderListFor1
FNDA:0,mounted
FNDA:0,updated
FNDA:0,screenIsShow
FNDA:0,(anonymous_13)
FNDA:0,(anonymous_14)
FNDA:0,changeColor
FNDA:0,(anonymous_16)
FNDA:0,loadData
FNDA:0,(anonymous_18)
FNDA:0,(anonymous_19)
FNDA:0,(anonymous_20)
FNDA:0,render
FNDA:0,(anonymous_22)
FNDA:0,(anonymous_23)
FNDA:0,(anonymous_24)
FNDA:0,(anonymous_25)
FNDA:0,(anonymous_26)
DA:1,0
DA:4,0
DA:8,0
DA:10,0
DA:12,0
DA:14,0
DA:16,0
DA:18,0
DA:20,0
DA:22,0
DA:24,0
DA:26,0
DA:28,0
DA:30,0
DA:74,0
DA:76,0
DA:114,0
DA:120,0
DA:122,0
DA:123,0
DA:124,0
DA:125,0
DA:126,0
DA:128,0
DA:135,0
DA:137,0
DA:144,0
DA:149,0
DA:150,0
DA:151,0
DA:153,0
DA:163,0
DA:164,0
DA:165,0
DA:166,0
DA:167,0
DA:168,0
DA:169,0
DA:172,0
DA:173,0
DA:174,0
DA:178,0
DA:179,0
DA:180,0
DA:181,0
DA:193,0
DA:195,0
DA:196,0
DA:197,0
DA:198,0
DA:205,0
DA:206,0
DA:208,0
DA:214,0
DA:216,0
DA:217,0
DA:218,0
DA:219,0
DA:220,0
DA:221,0
DA:228,0
DA:229,0
DA:232,0
DA:233,0
DA:234,0
DA:237,0
DA:238,0
DA:239,0
DA:248,0
DA:249,0
DA:250,0
DA:251,0
LF:72
LH:0
BRDA:30,0,0,0
BRDA:30,0,1,0
BRDA:30,1,0,0
BRDA:30,1,1,0
BRDA:135,2,0,0
BRDA:135,2,1,0
BRDA:149,3,0,0
BRDA:149,3,1,0
BRDA:150,4,0,0
BRDA:150,4,1,0
BRDA:166,5,0,0
BRDA:166,5,1,0
BRDA:168,6,0,0
BRDA:168,6,1,0
BRDA:173,7,0,0
BRDA:173,7,1,0
BRDA:178,8,0,0
BRDA:178,8,1,0
BRDA:205,9,0,0
BRDA:205,9,1,0
BRDA:205,10,0,0
BRDA:205,10,1,0
BRDA:208,11,0,0
BRDA:208,11,1,0
BRDA:217,12,0,0
BRDA:217,12,1,0
BRDA:217,13,0,0
BRDA:217,13,1,0
BRDA:219,14,0,0
BRDA:219,14,1,0
BRDA:228,15,0,0
BRDA:228,15,1,0
BRDA:248,16,0,0
BRDA:248,16,1,0
BRDA:249,17,0,0
BRDA:249,17,1,0
BRDA:250,18,0,0
BRDA:250,18,1,0
BRDA:250,19,0,0
BRDA:250,19,1,0
BRDA:250,20,0,0
BRDA:250,20,1,0
BRF:42
BRH:0
end_of_record
TN:
SF:C:\Users\Timi\WebstormProjects\untitled\project.wechat.vue\src\pages\phoneApprove\phoneApprove.vue
FN:1,(anonymous_0)
FN:22,_interopRequireDefault
FN:25,data
FN:79,beforeMount
FN:80,mounted
FN:83,updated
FN:87,__findModel
FN:89,(anonymous_7)
FN:95,__phoneNote
FN:105,(anonymous_9)
FN:127,pullDown
FN:130,approve
FN:181,cb
FN:185,(anonymous_13)
FN:207,changeShow
FN:213,verificationCancel
FN:228,(anonymous_16)
FN:239,notarize
FN:244,loseFocus
FN:245,isFooter
FN:248,goodInput
FN:255,sendMsg
FN:276,openModal
FN:279,closeModal
FN:321,render
FN:321,(anonymous_25)
FN:321,(anonymous_26)
FN:321,(anonymous_27)
FN:321,(anonymous_28)
FNF:29
FNH:0
FNDA:0,(anonymous_0)
FNDA:0,_interopRequireDefault
FNDA:0,data
FNDA:0,beforeMount
FNDA:0,mounted
FNDA:0,updated
FNDA:0,__findModel
FNDA:0,(anonymous_7)
FNDA:0,__phoneNote
FNDA:0,(anonymous_9)
FNDA:0,pullDown
FNDA:0,approve
FNDA:0,cb
FNDA:0,(anonymous_13)
FNDA:0,changeShow
FNDA:0,verificationCancel
FNDA:0,(anonymous_16)
FNDA:0,notarize
FNDA:0,loseFocus
FNDA:0,isFooter
FNDA:0,goodInput
FNDA:0,sendMsg
FNDA:0,openModal
FNDA:0,closeModal
FNDA:0,render
FNDA:0,(anonymous_25)
FNDA:0,(anonymous_26)
FNDA:0,(anonymous_27)
FNDA:0,(anonymous_28)
DA:1,0
DA:4,0
DA:8,0
DA:10,0
DA:12,0
DA:14,0
DA:16,0
DA:18,0
DA:20,0
DA:22,0
DA:24,0
DA:26,0
DA:88,0
DA:89,0
DA:90,0
DA:96,0
DA:98,0
DA:99,0
DA:104,0
DA:105,0
DA:106,0
DA:107,0
DA:108,0
DA:109,0
DA:110,0
DA:112,0
DA:113,0
DA:118,0
DA:131,0
DA:133,0
DA:134,0
DA:135,0
DA:136,0
DA:137,0
DA:138,0
DA:143,0
DA:144,0
DA:145,0
DA:150,0
DA:153,0
DA:154,0
DA:159,0
DA:161,0
DA:162,0
DA:164,0
DA:165,0
DA:166,0
DA:179,0
DA:182,0
DA:183,0
DA:186,0
DA:187,0
DA:188,0
DA:189,0
DA:190,0
DA:195,0
DA:197,0
DA:208,0
DA:214,0
DA:216,0
DA:217,0
DA:218,0
DA:219,0
DA:220,0
DA:221,0
DA:229,0
DA:230,0
DA:231,0
DA:234,0
DA:240,0
DA:249,0
DA:250,0
DA:256,0
DA:257,0
DA:258,0
DA:259,0
DA:264,0
DA:266,0
DA:267,0
DA:269,0
DA:277,0
DA:280,0
DA:319,0
DA:320,0
DA:321,0
DA:322,0
LF:86
LH:0
BRDA:22,0,0,0
BRDA:22,0,1,0
BRDA:22,1,0,0
BRDA:22,1,1,0
BRDA:98,2,0,0
BRDA:98,2,1,0
BRDA:107,3,0,0
BRDA:107,3,1,0
BRDA:112,4,0,0
BRDA:112,4,1,0
BRDA:137,5,0,0
BRDA:137,5,1,0
BRDA:144,6,0,0
BRDA:144,6,1,0
BRDA:153,7,0,0
BRDA:153,7,1,0
BRDA:161,8,0,0
BRDA:161,8,1,0
BRDA:189,9,0,0
BRDA:189,9,1,0
BRDA:219,10,0,0
BRDA:219,10,1,0
BRDA:249,11,0,0
BRDA:249,11,1,0
BRDA:258,12,0,0
BRDA:258,12,1,0
BRDA:266,13,0,0
BRDA:266,13,1,0
BRDA:266,14,0,0
BRDA:266,14,1,0
BRDA:319,15,0,0
BRDA:319,15,1,0
BRDA:320,16,0,0
BRDA:320,16,1,0
BRDA:321,17,0,0
BRDA:321,17,1,0
BRDA:321,18,0,0
BRDA:321,18,1,0
BRDA:321,19,0,0
BRDA:321,19,1,0
BRF:40
BRH:0
end_of_record
TN:
SF:C:\Users\Timi\WebstormProjects\untitled\project.wechat.vue\src\pages\posterPage\posterPage.vue
FN:1,(anonymous_0)
FN:22,data
FN:33,beforeCreate
FN:34,created
FN:37,(anonymous_4)
FN:41,mounted
FN:47,switchoverImg
FN:58,render
FNF:8
FNH:0
FNDA:0,(anonymous_0)
FNDA:0,data
FNDA:0,beforeCreate
FNDA:0,created
FNDA:0,(anonymous_4)
FNDA:0,mounted
FNDA:0,switchoverImg
FNDA:0,render
DA:1,0
DA:4,0
DA:21,0
DA:23,0
DA:35,0
DA:37,0
DA:38,0
DA:42,0
DA:48,0
DA:49,0
DA:50,0
DA:56,0
DA:57,0
DA:58,0
DA:59,0
LF:15
LH:0
BRDA:49,0,0,0
BRDA:49,0,1,0
BRDA:56,1,0,0
BRDA:56,1,1,0
BRDA:57,2,0,0
BRDA:57,2,1,0
BRDA:58,3,0,0
BRDA:58,3,1,0
BRF:8
BRH:0
end_of_record
TN:
SF:C:\Users\Timi\WebstormProjects\untitled\project.wechat.vue\src\pages\productDetailsPage\productDetailsPage.vue
FN:1,(anonymous_0)
FN:22,_interopRequireDefault
FN:73,data
FN:115,created
FN:119,(anonymous_4)
FN:127,mounted
FN:128,updated
FN:130,(anonymous_7)
FN:142,__findModel
FN:144,(anonymous_9)
FN:150,applyFor
FN:182,(anonymous_11)
FN:195,isFooter
FN:198,loseFocus
FN:201,goodInput
FN:213,render
FN:213,(anonymous_16)
FN:213,(anonymous_17)
FN:213,(anonymous_18)
FN:213,(anonymous_19)
FN:213,(anonymous_20)
FNF:21
FNH:0
FNDA:0,(anonymous_0)
FNDA:0,_interopRequireDefault
FNDA:0,data
FNDA:0,created
FNDA:0,(anonymous_4)
FNDA:0,mounted
FNDA:0,updated
FNDA:0,(anonymous_7)
FNDA:0,__findModel
FNDA:0,(anonymous_9)
FNDA:0,applyFor
FNDA:0,(anonymous_11)
FNDA:0,isFooter
FNDA:0,loseFocus
FNDA:0,goodInput
FNDA:0,render
FNDA:0,(anonymous_16)
FNDA:0,(anonymous_17)
FNDA:0,(anonymous_18)
FNDA:0,(anonymous_19)
FNDA:0,(anonymous_20)
DA:1,0
DA:4,0
DA:8,0
DA:10,0
DA:12,0
DA:14,0
DA:16,0
DA:18,0
DA:20,0
DA:22,0
DA:72,0
DA:74,0
DA:116,0
DA:118,0
DA:119,0
DA:120,0
DA:121,0
DA:122,0
DA:123,0
DA:129,0
DA:130,0
DA:131,0
DA:132,0
DA:133,0
DA:135,0
DA:143,0
DA:144,0
DA:145,0
DA:151,0
DA:153,0
DA:154,0
DA:155,0
DA:156,0
DA:157,0
DA:162,0
DA:163,0
DA:164,0
DA:169,0
DA:172,0
DA:173,0
DA:181,0
DA:182,0
DA:183,0
DA:184,0
DA:185,0
DA:187,0
DA:196,0
DA:199,0
DA:202,0
DA:203,0
DA:204,0
DA:211,0
DA:212,0
DA:213,0
DA:214,0
LF:55
LH:0
BRDA:22,0,0,0
BRDA:22,0,1,0
BRDA:22,1,0,0
BRDA:22,1,1,0
BRDA:120,2,0,0
BRDA:120,2,1,0
BRDA:132,3,0,0
BRDA:132,3,1,0
BRDA:156,4,0,0
BRDA:156,4,1,0
BRDA:163,5,0,0
BRDA:163,5,1,0
BRDA:184,6,0,0
BRDA:184,6,1,0
BRDA:202,7,0,0
BRDA:202,7,1,0
BRDA:211,8,0,0
BRDA:211,8,1,0
BRDA:212,9,0,0
BRDA:212,9,1,0
BRDA:213,10,0,0
BRDA:213,10,1,0
BRDA:213,11,0,0
BRDA:213,11,1,0
BRDA:213,12,0,0
BRDA:213,12,1,0
BRF:26
BRH:0
end_of_record
TN:
SF:C:\Users\Timi\WebstormProjects\untitled\project.wechat.vue\src\pages\productPage\productPage.vue
FN:1,(anonymous_0)
FN:18,_interopRequireDefault
FN:44,data
FN:61,get
FN:64,set
FN:67,created
FN:75,mounted
FN:76,updated
FN:80,loadData
FN:92,(anonymous_9)
FN:94,(anonymous_10)
FN:102,(anonymous_11)
FN:115,render
FNF:13
FNH:0
FNDA:0,(anonymous_0)
FNDA:0,_interopRequireDefault
FNDA:0,data
FNDA:0,get
FNDA:0,set
FNDA:0,created
FNDA:0,mounted
FNDA:0,updated
FNDA:0,loadData
FNDA:0,(anonymous_9)
FNDA:0,(anonymous_10)
FNDA:0,(anonymous_11)
FNDA:0,render
DA:1,0
DA:4,0
DA:8,0
DA:10,0
DA:12,0
DA:14,0
DA:16,0
DA:18,0
DA:43,0
DA:45,0
DA:62,0
DA:68,0
DA:81,0
DA:83,0
DA:84,0
DA:85,0
DA:86,0
DA:87,0
DA:93,0
DA:94,0
DA:97,0
DA:98,0
DA:99,0
DA:102,0
DA:103,0
DA:104,0
DA:113,0
DA:114,0
DA:115,0
DA:116,0
LF:30
LH:0
BRDA:18,0,0,0
BRDA:18,0,1,0
BRDA:18,1,0,0
BRDA:18,1,1,0
BRDA:83,2,0,0
BRDA:83,2,1,0
BRDA:83,3,0,0
BRDA:83,3,1,0
BRDA:85,4,0,0
BRDA:85,4,1,0
BRDA:93,5,0,0
BRDA:93,5,1,0
BRDA:113,6,0,0
BRDA:113,6,1,0
BRDA:114,7,0,0
BRDA:114,7,1,0
BRDA:115,8,0,0
BRDA:115,8,1,0
BRF:18
BRH:0
end_of_record
TN:
SF:C:\Users\Timi\WebstormProjects\untitled\project.wechat.vue\src\pages\rebatePage\rebatePage.vue
FN:1,(anonymous_0)
FN:18,_interopRequireDefault
FN:40,data
FN:64,get
FN:67,set
FN:70,created
FN:73,(anonymous_6)
FN:82,(anonymous_7)
FN:86,mounted
FN:95,changeColor
FN:104,(anonymous_10)
FN:113,loadData
FN:129,(anonymous_12)
FN:131,(anonymous_13)
FN:139,(anonymous_14)
FN:152,render
FN:152,(anonymous_16)
FN:152,(anonymous_17)
FNF:18
FNH:0
FNDA:0,(anonymous_0)
FNDA:0,_interopRequireDefault
FNDA:0,data
FNDA:0,get
FNDA:0,set
FNDA:0,created
FNDA:0,(anonymous_6)
FNDA:0,(anonymous_7)
FNDA:0,mounted
FNDA:0,changeColor
FNDA:0,(anonymous_10)
FNDA:0,loadData
FNDA:0,(anonymous_12)
FNDA:0,(anonymous_13)
FNDA:0,(anonymous_14)
FNDA:0,render
FNDA:0,(anonymous_16)
FNDA:0,(anonymous_17)
DA:1,0
DA:4,0
DA:8,0
DA:10,0
DA:12,0
DA:14,0
DA:16,0
DA:18,0
DA:39,0
DA:41,0
DA:65,0
DA:71,0
DA:73,0
DA:74,0
DA:75,0
DA:76,0
DA:78,0
DA:83,0
DA:87,0
DA:88,0
DA:96,0
DA:98,0
DA:99,0
DA:100,0
DA:105,0
DA:106,0
DA:108,0
DA:114,0
DA:116,0
DA:117,0
DA:118,0
DA:119,0
DA:121,0
DA:122,0
DA:123,0
DA:124,0
DA:125,0
DA:130,0
DA:131,0
DA:134,0
DA:135,0
DA:136,0
DA:139,0
DA:140,0
DA:141,0
DA:150,0
DA:151,0
DA:152,0
DA:153,0
LF:49
LH:0
BRDA:18,0,0,0
BRDA:18,0,1,0
BRDA:18,1,0,0
BRDA:18,1,1,0
BRDA:83,2,0,0
BRDA:83,2,1,0
BRDA:87,3,0,0
BRDA:87,3,1,0
BRDA:87,4,0,0
BRDA:87,4,1,0
BRDA:105,5,0,0
BRDA:105,5,1,0
BRDA:105,6,0,0
BRDA:105,6,1,0
BRDA:108,7,0,0
BRDA:108,7,1,0
BRDA:117,8,0,0
BRDA:117,8,1,0
BRDA:117,9,0,0
BRDA:117,9,1,0
BRDA:121,10,0,0
BRDA:121,10,1,0
BRDA:121,11,0,0
BRDA:121,11,1,0
BRDA:123,12,0,0
BRDA:123,12,1,0
BRDA:130,13,0,0
BRDA:130,13,1,0
BRDA:150,14,0,0
BRDA:150,14,1,0
BRDA:151,15,0,0
BRDA:151,15,1,0
BRDA:152,16,0,0
BRDA:152,16,1,0
BRDA:152,17,0,0
BRDA:152,17,1,0
BRDA:152,18,0,0
BRDA:152,18,1,0
BRDA:152,19,0,0
BRDA:152,19,1,0
BRF:40
BRH:0
end_of_record
TN:
SF:C:\Users\Timi\WebstormProjects\untitled\project.wechat.vue\src\pages\schedulePage\schedulePage.vue
FN:1,(anonymous_0)
FN:20,_interopRequireDefault
FN:41,data
FN:53,listScheduleFor
FN:61,get
FN:64,set
FN:67,created
FN:74,mounted
FN:82,changeColor
FN:87,loadData
FN:102,(anonymous_10)
FN:106,(anonymous_11)
FN:114,(anonymous_12)
FN:127,render
FNF:14
FNH:0
FNDA:0,(anonymous_0)
FNDA:0,_interopRequireDefault
FNDA:0,data
FNDA:0,listScheduleFor
FNDA:0,get
FNDA:0,set
FNDA:0,created
FNDA:0,mounted
FNDA:0,changeColor
FNDA:0,loadData
FNDA:0,(anonymous_10)
FNDA:0,(anonymous_11)
FNDA:0,(anonymous_12)
FNDA:0,render
DA:1,0
DA:4,0
DA:8,0
DA:10,0
DA:12,0
DA:14,0
DA:16,0
DA:18,0
DA:20,0
DA:40,0
DA:42,0
DA:54,0
DA:55,0
DA:62,0
DA:68,0
DA:75,0
DA:76,0
DA:83,0
DA:88,0
DA:90,0
DA:91,0
DA:92,0
DA:94,0
DA:95,0
DA:96,0
DA:97,0
DA:98,0
DA:103,0
DA:104,0
DA:105,0
DA:106,0
DA:109,0
DA:110,0
DA:111,0
DA:114,0
DA:115,0
DA:116,0
DA:125,0
DA:126,0
DA:127,0
DA:128,0
LF:41
LH:0
BRDA:20,0,0,0
BRDA:20,0,1,0
BRDA:20,1,0,0
BRDA:20,1,1,0
BRDA:54,2,0,0
BRDA:54,2,1,0
BRDA:75,3,0,0
BRDA:75,3,1,0
BRDA:75,4,0,0
BRDA:75,4,1,0
BRDA:90,5,0,0
BRDA:90,5,1,0
BRDA:94,6,0,0
BRDA:94,6,1,0
BRDA:94,7,0,0
BRDA:94,7,1,0
BRDA:96,8,0,0
BRDA:96,8,1,0
BRDA:105,9,0,0
BRDA:105,9,1,0
BRDA:125,10,0,0
BRDA:125,10,1,0
BRDA:126,11,0,0
BRDA:126,11,1,0
BRDA:127,12,0,0
BRDA:127,12,1,0
BRDA:127,13,0,0
BRDA:127,13,1,0
BRF:28
BRH:0
end_of_record
TN:
SF:C:\Users\Timi\WebstormProjects\untitled\project.wechat.vue\src\pages\strategyListPage\strategyListPage.vue
FN:1,(anonymous_0)
FN:16,_interopRequireDefault
FN:19,data
FN:32,get
FN:35,set
FN:38,created
FN:46,mounted
FN:47,updated
FN:54,loadData
FN:71,(anonymous_9)
FN:75,(anonymous_10)
FN:80,(anonymous_11)
FN:107,render
FNF:13
FNH:0
FNDA:0,(anonymous_0)
FNDA:0,_interopRequireDefault
FNDA:0,data
FNDA:0,get
FNDA:0,set
FNDA:0,created
FNDA:0,mounted
FNDA:0,updated
FNDA:0,loadData
FNDA:0,(anonymous_9)
FNDA:0,(anonymous_10)
FNDA:0,(anonymous_11)
FNDA:0,render
DA:1,0
DA:4,0
DA:8,0
DA:10,0
DA:12,0
DA:14,0
DA:16,0
DA:18,0
DA:20,0
DA:33,0
DA:39,0
DA:48,0
DA:49,0
DA:55,0
DA:57,0
DA:58,0
DA:59,0
DA:61,0
DA:62,0
DA:63,0
DA:64,0
DA:65,0
DA:66,0
DA:72,0
DA:73,0
DA:74,0
DA:75,0
DA:76,0
DA:77,0
DA:80,0
DA:83,0
DA:84,0
DA:85,0
DA:105,0
DA:106,0
DA:107,0
DA:108,0
LF:37
LH:0
BRDA:16,0,0,0
BRDA:16,0,1,0
BRDA:16,1,0,0
BRDA:16,1,1,0
BRDA:48,2,0,0
BRDA:48,2,1,0
BRDA:57,3,0,0
BRDA:57,3,1,0
BRDA:62,4,0,0
BRDA:62,4,1,0
BRDA:62,5,0,0
BRDA:62,5,1,0
BRDA:64,6,0,0
BRDA:64,6,1,0
BRDA:74,7,0,0
BRDA:74,7,1,0
BRDA:105,8,0,0
BRDA:105,8,1,0
BRDA:106,9,0,0
BRDA:106,9,1,0
BRDA:107,10,0,0
BRDA:107,10,1,0
BRDA:107,11,0,0
BRDA:107,11,1,0
BRF:24
BRH:0
end_of_record
TN:
SF:C:\Users\Timi\WebstormProjects\untitled\project.wechat.vue\src\pages\strategyPage\strategyPage.vue
FN:1,(anonymous_0)
FN:16,_interopRequireDefault
FN:19,data
FN:41,get
FN:44,set
FN:47,created
FN:53,(anonymous_6)
FN:55,(anonymous_7)
FN:56,(anonymous_8)
FN:76,mounted
FN:79,(anonymous_10)
FN:88,loadData
FN:105,(anonymous_12)
FN:108,(anonymous_13)
FN:113,(anonymous_14)
FN:152,render
FN:152,(anonymous_16)
FNF:17
FNH:0
FNDA:0,(anonymous_0)
FNDA:0,_interopRequireDefault
FNDA:0,data
FNDA:0,get
FNDA:0,set
FNDA:0,created
FNDA:0,(anonymous_6)
FNDA:0,(anonymous_7)
FNDA:0,(anonymous_8)
FNDA:0,mounted
FNDA:0,(anonymous_10)
FNDA:0,loadData
FNDA:0,(anonymous_12)
FNDA:0,(anonymous_13)
FNDA:0,(anonymous_14)
FNDA:0,render
FNDA:0,(anonymous_16)
DA:1,0
DA:4,0
DA:8,0
DA:10,0
DA:12,0
DA:14,0
DA:16,0
DA:18,0
DA:20,0
DA:42,0
DA:48,0
DA:50,0
DA:51,0
DA:54,0
DA:55,0
DA:56,0
DA:57,0
DA:58,0
DA:62,0
DA:69,0
DA:77,0
DA:79,0
DA:80,0
DA:81,0
DA:89,0
DA:91,0
DA:92,0
DA:93,0
DA:95,0
DA:96,0
DA:97,0
DA:98,0
DA:99,0
DA:100,0
DA:106,0
DA:107,0
DA:108,0
DA:109,0
DA:110,0
DA:113,0
DA:116,0
DA:117,0
DA:118,0
DA:150,0
DA:151,0
DA:152,0
DA:153,0
LF:47
LH:0
BRDA:16,0,0,0
BRDA:16,0,1,0
BRDA:16,1,0,0
BRDA:16,1,1,0
BRDA:54,2,0,0
BRDA:54,2,1,0
BRDA:80,3,0,0
BRDA:80,3,1,0
BRDA:80,4,0,0
BRDA:80,4,1,0
BRDA:91,5,0,0
BRDA:91,5,1,0
BRDA:96,6,0,0
BRDA:96,6,1,0
BRDA:96,7,0,0
BRDA:96,7,1,0
BRDA:98,8,0,0
BRDA:98,8,1,0
BRDA:107,9,0,0
BRDA:107,9,1,0
BRDA:150,10,0,0
BRDA:150,10,1,0
BRDA:151,11,0,0
BRDA:151,11,1,0
BRDA:152,12,0,0
BRDA:152,12,1,0
BRDA:152,13,0,0
BRDA:152,13,1,0
BRF:28
BRH:0
end_of_record
TN:
SF:C:\Users\Timi\WebstormProjects\untitled\project.wechat.vue\src\pages\tieOnCardPage\tieOnCardPage.vue
FN:1,(anonymous_0)
FN:18,_interopRequireDefault
FN:68,data
FN:148,shadeIsShowInd
FN:152,created
FN:155,(anonymous_5)
FN:160,(anonymous_6)
FN:166,mounted
FN:171,__findModel
FN:173,(anonymous_9)
FN:179,loseFocus
FN:182,goodInput
FN:196,pullDown
FN:205,onValuesChange
FN:208,ValuesChange
FN:213,approve
FN:217,(anonymous_16)
FN:227,(anonymous_17)
FN:229,(anonymous_18)
FN:232,(anonymous_19)
FN:236,(anonymous_20)
FN:266,render
FN:266,(anonymous_22)
FN:266,(anonymous_23)
FN:266,(anonymous_24)
FN:266,(anonymous_25)
FN:266,(anonymous_26)
FN:266,(anonymous_27)
FN:266,(anonymous_28)
FN:266,(anonymous_29)
FN:267,render
FNF:31
FNH:0
FNDA:0,(anonymous_0)
FNDA:0,_interopRequireDefault
FNDA:0,data
FNDA:0,shadeIsShowInd
FNDA:0,created
FNDA:0,(anonymous_5)
FNDA:0,(anonymous_6)
FNDA:0,mounted
FNDA:0,__findModel
FNDA:0,(anonymous_9)
FNDA:0,loseFocus
FNDA:0,goodInput
FNDA:0,pullDown
FNDA:0,onValuesChange
FNDA:0,ValuesChange
FNDA:0,approve
FNDA:0,(anonymous_16)
FNDA:0,(anonymous_17)
FNDA:0,(anonymous_18)
FNDA:0,(anonymous_19)
FNDA:0,(anonymous_20)
FNDA:0,render
FNDA:0,(anonymous_22)
FNDA:0,(anonymous_23)
FNDA:0,(anonymous_24)
FNDA:0,(anonymous_25)
FNDA:0,(anonymous_26)
FNDA:0,(anonymous_27)
FNDA:0,(anonymous_28)
FNDA:0,(anonymous_29)
FNDA:0,render
DA:1,0
DA:4,0
DA:8,0
DA:10,0
DA:12,0
DA:14,0
DA:16,0
DA:18,0
DA:67,0
DA:69,0
DA:149,0
DA:153,0
DA:155,0
DA:158,0
DA:160,0
DA:163,0
DA:172,0
DA:173,0
DA:174,0
DA:180,0
DA:183,0
DA:184,0
DA:186,0
DA:187,0
DA:191,0
DA:197,0
DA:198,0
DA:199,0
DA:200,0
DA:206,0
DA:209,0
DA:210,0
DA:211,0
DA:214,0
DA:216,0
DA:217,0
DA:218,0
DA:220,0
DA:221,0
DA:222,0
DA:223,0
DA:228,0
DA:230,0
DA:233,0
DA:237,0
DA:238,0
DA:239,0
DA:245,0
DA:246,0
DA:247,0
DA:249,0
DA:254,0
DA:264,0
DA:265,0
DA:266,0
DA:267,0
LF:56
LH:0
BRDA:18,0,0,0
BRDA:18,0,1,0
BRDA:18,1,0,0
BRDA:18,1,1,0
BRDA:149,2,0,0
BRDA:149,2,1,0
BRDA:183,3,0,0
BRDA:183,3,1,0
BRDA:183,4,0,0
BRDA:183,4,1,0
BRDA:186,5,0,0
BRDA:186,5,1,0
BRDA:198,6,0,0
BRDA:198,6,1,0
BRDA:198,7,0,0
BRDA:198,7,1,0
BRDA:199,8,0,0
BRDA:199,8,1,0
BRDA:210,9,0,0
BRDA:210,9,1,0
BRDA:222,10,0,0
BRDA:222,10,1,0
BRDA:238,11,0,0
BRDA:238,11,1,0
BRDA:245,12,0,0
BRDA:245,12,1,0
BRDA:264,13,0,0
BRDA:264,13,1,0
BRDA:265,14,0,0
BRDA:265,14,1,0
BRDA:266,15,0,0
BRDA:266,15,1,0
BRDA:266,16,0,0
BRDA:266,16,1,0
BRDA:266,17,0,0
BRDA:266,17,1,0
BRDA:266,18,0,0
BRDA:266,18,1,0
BRDA:267,19,0,0
BRDA:267,19,1,0
BRF:40
BRH:0
end_of_record
TN:
SF:C:\Users\Timi\WebstormProjects\untitled\project.wechat.vue\src\pages\verifyPage\verifyPage.vue
FN:1,(anonymous_0)
FN:14,_interopRequireDefault
FN:50,data
FN:68,mounted
FN:73,skipDeposit
FN:80,(anonymous_5)
FN:89,(anonymous_6)
FN:103,notarize
FN:108,changeShow
FN:111,sendMsg
FN:122,verificationCancel
FN:129,(anonymous_11)
FN:148,render
FN:148,(anonymous_13)
FN:149,render
FNF:15
FNH:0
FNDA:0,(anonymous_0)
FNDA:0,_interopRequireDefault
FNDA:0,data
FNDA:0,mounted
FNDA:0,skipDeposit
FNDA:0,(anonymous_5)
FNDA:0,(anonymous_6)
FNDA:0,notarize
FNDA:0,changeShow
FNDA:0,sendMsg
FNDA:0,verificationCancel
FNDA:0,(anonymous_11)
FNDA:0,render
FNDA:0,(anonymous_13)
FNDA:0,render
DA:1,0
DA:4,0
DA:8,0
DA:10,0
DA:12,0
DA:14,0
DA:49,0
DA:51,0
DA:74,0
DA:76,0
DA:77,0
DA:81,0
DA:82,0
DA:85,0
DA:86,0
DA:90,0
DA:91,0
DA:92,0
DA:94,0
DA:104,0
DA:109,0
DA:112,0
DA:113,0
DA:114,0
DA:115,0
DA:123,0
DA:125,0
DA:126,0
DA:127,0
DA:128,0
DA:129,0
DA:130,0
DA:131,0
DA:132,0
DA:133,0
DA:134,0
DA:136,0
DA:137,0
DA:146,0
DA:147,0
DA:148,0
DA:149,0
LF:42
LH:0
BRDA:14,0,0,0
BRDA:14,0,1,0
BRDA:14,1,0,0
BRDA:14,1,1,0
BRDA:81,2,0,0
BRDA:81,2,1,0
BRDA:85,3,0,0
BRDA:85,3,1,0
BRDA:90,4,0,0
BRDA:90,4,1,0
BRDA:113,5,0,0
BRDA:113,5,1,0
BRDA:113,6,0,0
BRDA:113,6,1,0
BRDA:127,7,0,0
BRDA:127,7,1,0
BRDA:131,8,0,0
BRDA:131,8,1,0
BRDA:136,9,0,0
BRDA:136,9,1,0
BRDA:146,10,0,0
BRDA:146,10,1,0
BRDA:147,11,0,0
BRDA:147,11,1,0
BRDA:148,12,0,0
BRDA:148,12,1,0
BRDA:148,13,0,0
BRDA:148,13,1,0
BRDA:149,14,0,0
BRDA:149,14,1,0
BRF:30
BRH:0
end_of_record
TN:
SF:C:\Users\Timi\WebstormProjects\untitled\project.wechat.vue\src\pages\zhongXinCardPage\zhongXinCardPage.vue
FN:1,(anonymous_0)
FN:22,_interopRequireDefault
FN:25,data
FN:97,get
FN:100,set
FN:103,created
FN:104,mounted
FN:105,updated
FN:111,loadData
FN:125,(anonymous_9)
FN:127,(anonymous_10)
FN:134,(anonymous_11)
FN:165,render
FNF:13
FNH:0
FNDA:0,(anonymous_0)
FNDA:0,_interopRequireDefault
FNDA:0,data
FNDA:0,get
FNDA:0,set
FNDA:0,created
FNDA:0,mounted
FNDA:0,updated
FNDA:0,loadData
FNDA:0,(anonymous_9)
FNDA:0,(anonymous_10)
FNDA:0,(anonymous_11)
FNDA:0,render
DA:1,0
DA:4,0
DA:8,0
DA:10,0
DA:12,0
DA:14,0
DA:16,0
DA:18,0
DA:20,0
DA:22,0
DA:24,0
DA:26,0
DA:98,0
DA:106,0
DA:112,0
DA:114,0
DA:115,0
DA:116,0
DA:117,0
DA:118,0
DA:126,0
DA:127,0
DA:130,0
DA:131,0
DA:134,0
DA:135,0
DA:136,0
DA:142,0
DA:163,0
DA:164,0
DA:165,0
DA:166,0
LF:32
LH:0
BRDA:22,0,0,0
BRDA:22,0,1,0
BRDA:22,1,0,0
BRDA:22,1,1,0
BRDA:115,2,0,0
BRDA:115,2,1,0
BRDA:116,3,0,0
BRDA:116,3,1,0
BRDA:126,4,0,0
BRDA:126,4,1,0
BRDA:163,5,0,0
BRDA:163,5,1,0
BRDA:164,6,0,0
BRDA:164,6,1,0
BRDA:165,7,0,0
BRDA:165,7,1,0
BRF:16
BRH:0
end_of_record
TN:
SF:C:\Users\Timi\WebstormProjects\untitled\project.wechat.vue\src\store\actions.js
FN:1,_interopRequireDefault
FN:38,postSendMsg
FN:38,_callee
FN:38,_callee$
FN:45,postOpenid
FN:45,_callee2
FN:45,_callee2$
FN:63,postPhone
FN:63,_callee3
FN:63,_callee3$
FN:81,postRecordForApp
FN:81,_callee4
FN:81,_callee4$
FN:88,postLoginout
FN:88,_callee5
FN:88,_callee5$
FN:96,postPeopleFiveReal
FN:96,_callee6
FN:96,_callee6$
FN:104,postFiveRealVerifyCode
FN:104,_callee7
FN:104,_callee7$
FN:114,getUserinfo
FN:114,_callee8
FN:114,_callee8$
FN:124,getListForApp
FN:124,_callee9
FN:124,_callee9$
FN:138,getDetailedFor
FN:138,_callee10
FN:138,_callee10$
FN:145,getListBanks
FN:145,_callee11
FN:145,_callee11$
FN:148,(anonymous_34)
FN:155,getListBankCard
FN:155,_callee12
FN:155,_callee12$
FN:169,getListBankCardDetail
FN:169,_callee13
FN:169,_callee13$
FN:175,getInviteUrl
FN:175,_callee14
FN:175,_callee14$
FN:181,getSelectDataSource
FN:181,_callee15
FN:181,_callee15$
FN:187,getNewsListFor
FN:187,_callee16
FN:187,_callee16$
FN:191,(anonymous_50)
FN:216,getDetailForApp
FN:216,_callee17
FN:216,_callee17$
FN:222,getOrderListFor
FN:222,_callee18
FN:222,_callee18$
FN:232,getUserRelated
FN:232,_callee19
FN:232,_callee19$
FN:238,getRakeBackInfo
FN:238,_callee20
FN:238,_callee20$
FN:248,getSubordinateNum
FN:248,_callee21
FN:248,_callee21$
FN:258,getSubordinateUserList
FN:258,_callee22
FN:258,_callee22$
FN:276,getBanks
FN:276,_callee23
FN:276,_callee23$
FN:282,getAdCodes
FN:282,_callee24
FN:282,_callee24$
FN:288,getListScheduleForApp
FN:288,_callee25
FN:288,_callee25$
FN:298,getBinBankCard
FN:298,_callee26
FN:298,_callee26$
FN:306,getAccountInfo
FN:306,_callee27
FN:306,_callee27$
FN:312,getPosters
FN:312,_callee28
FN:312,_callee28$
FN:317,getLastOrderInfo
FN:317,_callee29
FN:317,_callee29$
FN:324,getOrderCount
FN:324,_callee30
FN:324,_callee30$
FN:329,getRakeCount
FN:329,_callee31
FN:329,_callee31$
FN:335,changeTime
FNF:97
FNH:0
FNDA:0,_interopRequireDefault
FNDA:0,postSendMsg
FNDA:0,_callee
FNDA:0,_callee$
FNDA:0,postOpenid
FNDA:0,_callee2
FNDA:0,_callee2$
FNDA:0,postPhone
FNDA:0,_callee3
FNDA:0,_callee3$
FNDA:0,postRecordForApp
FNDA:0,_callee4
FNDA:0,_callee4$
FNDA:0,postLoginout
FNDA:0,_callee5
FNDA:0,_callee5$
FNDA:0,postPeopleFiveReal
FNDA:0,_callee6
FNDA:0,_callee6$
FNDA:0,postFiveRealVerifyCode
FNDA:0,_callee7
FNDA:0,_callee7$
FNDA:0,getUserinfo
FNDA:0,_callee8
FNDA:0,_callee8$
FNDA:0,getListForApp
FNDA:0,_callee9
FNDA:0,_callee9$
FNDA:0,getDetailedFor
FNDA:0,_callee10
FNDA:0,_callee10$
FNDA:0,getListBanks
FNDA:0,_callee11
FNDA:0,_callee11$
FNDA:0,(anonymous_34)
FNDA:0,getListBankCard
FNDA:0,_callee12
FNDA:0,_callee12$
FNDA:0,getListBankCardDetail
FNDA:0,_callee13
FNDA:0,_callee13$
FNDA:0,getInviteUrl
FNDA:0,_callee14
FNDA:0,_callee14$
FNDA:0,getSelectDataSource
FNDA:0,_callee15
FNDA:0,_callee15$
FNDA:0,getNewsListFor
FNDA:0,_callee16
FNDA:0,_callee16$
FNDA:0,(anonymous_50)
FNDA:0,getDetailForApp
FNDA:0,_callee17
FNDA:0,_callee17$
FNDA:0,getOrderListFor
FNDA:0,_callee18
FNDA:0,_callee18$
FNDA:0,getUserRelated
FNDA:0,_callee19
FNDA:0,_callee19$
FNDA:0,getRakeBackInfo
FNDA:0,_callee20
FNDA:0,_callee20$
FNDA:0,getSubordinateNum
FNDA:0,_callee21
FNDA:0,_callee21$
FNDA:0,getSubordinateUserList
FNDA:0,_callee22
FNDA:0,_callee22$
FNDA:0,getBanks
FNDA:0,_callee23
FNDA:0,_callee23$
FNDA:0,getAdCodes
FNDA:0,_callee24
FNDA:0,_callee24$
FNDA:0,getListScheduleForApp
FNDA:0,_callee25
FNDA:0,_callee25$
FNDA:0,getBinBankCard
FNDA:0,_callee26
FNDA:0,_callee26$
FNDA:0,getAccountInfo
FNDA:0,_callee27
FNDA:0,_callee27$
FNDA:0,getPosters
FNDA:0,_callee28
FNDA:0,_callee28$
FNDA:0,getLastOrderInfo
FNDA:0,_callee29
FNDA:0,_callee29$
FNDA:0,getOrderCount
FNDA:0,_callee30
FNDA:0,_callee30$
FNDA:0,getRakeCount
FNDA:0,_callee31
FNDA:0,_callee31$
FNDA:0,changeTime
DA:1,0
DA:34,0
DA:36,0
DA:38,0
DA:40,0
DA:41,0
DA:42,0
DA:45,0
DA:47,0
DA:48,0
DA:49,0
DA:50,0
DA:51,0
DA:53,0
DA:54,0
DA:55,0
DA:57,0
DA:58,0
DA:60,0
DA:63,0
DA:65,0
DA:66,0
DA:67,0
DA:68,0
DA:69,0
DA:70,0
DA:71,0
DA:72,0
DA:74,0
DA:75,0
DA:77,0
DA:78,0
DA:81,0
DA:83,0
DA:84,0
DA:85,0
DA:88,0
DA:90,0
DA:91,0
DA:92,0
DA:93,0
DA:96,0
DA:98,0
DA:99,0
DA:100,0
DA:101,0
DA:104,0
DA:106,0
DA:107,0
DA:108,0
DA:109,0
DA:110,0
DA:111,0
DA:114,0
DA:115,0
DA:116,0
DA:117,0
DA:118,0
DA:119,0
DA:120,0
DA:121,0
DA:124,0
DA:125,0
DA:126,0
DA:127,0
DA:128,0
DA:130,0
DA:133,0
DA:138,0
DA:139,0
DA:140,0
DA:141,0
DA:143,0
DA:145,0
DA:146,0
DA:147,0
DA:148,0
DA:149,0
DA:151,0
DA:152,0
DA:155,0
DA:156,0
DA:157,0
DA:158,0
DA:159,0
DA:160,0
DA:161,0
DA:162,0
DA:164,0
DA:165,0
DA:166,0
DA:169,0
DA:170,0
DA:171,0
DA:172,0
DA:175,0
DA:176,0
DA:177,0
DA:178,0
DA:181,0
DA:182,0
DA:183,0
DA:184,0
DA:187,0
DA:188,0
DA:189,0
DA:190,0
DA:191,0
DA:192,0
DA:193,0
DA:196,0
DA:197,0
DA:201,0
DA:202,0
DA:204,0
DA:206,0
DA:208,0
DA:210,0
DA:216,0
DA:217,0
DA:218,0
DA:219,0
DA:222,0
DA:223,0
DA:224,0
DA:225,0
DA:228,0
DA:232,0
DA:233,0
DA:234,0
DA:235,0
DA:238,0
DA:239,0
DA:240,0
DA:241,0
DA:244,0
DA:248,0
DA:249,0
DA:250,0
DA:251,0
DA:252,0
DA:254,0
DA:255,0
DA:258,0
DA:259,0
DA:260,0
DA:261,0
DA:262,0
DA:265,0
DA:268,0
DA:271,0
DA:276,0
DA:277,0
DA:278,0
DA:279,0
DA:282,0
DA:283,0
DA:284,0
DA:285,0
DA:288,0
DA:289,0
DA:290,0
DA:291,0
DA:294,0
DA:298,0
DA:299,0
DA:300,0
DA:301,0
DA:302,0
DA:304,0
DA:306,0
DA:307,0
DA:308,0
DA:309,0
DA:312,0
DA:313,0
DA:314,0
DA:315,0
DA:317,0
DA:318,0
DA:319,0
DA:320,0
DA:321,0
DA:322,0
DA:324,0
DA:325,0
DA:326,0
DA:327,0
DA:329,0
DA:330,0
DA:331,0
DA:332,0
DA:335,0
DA:336,0
LF:194
LH:0
BRDA:1,0,0,0
BRDA:1,0,1,0
BRDA:1,1,0,0
BRDA:1,1,1,0
BRDA:38,2,0,0
BRDA:38,2,1,0
BRDA:38,2,2,0
BRDA:38,2,3,0
BRDA:45,3,0,0
BRDA:45,3,1,0
BRDA:45,3,2,0
BRDA:45,3,3,0
BRDA:51,4,0,0
BRDA:51,4,1,0
BRDA:60,5,0,0
BRDA:60,5,1,0
BRDA:63,6,0,0
BRDA:63,6,1,0
BRDA:63,6,2,0
BRDA:63,6,3,0
BRDA:69,7,0,0
BRDA:69,7,1,0
BRDA:77,8,0,0
BRDA:77,8,1,0
BRDA:81,9,0,0
BRDA:81,9,1,0
BRDA:81,9,2,0
BRDA:81,9,3,0
BRDA:88,10,0,0
BRDA:88,10,1,0
BRDA:88,10,2,0
BRDA:88,10,3,0
BRDA:91,11,0,0
BRDA:91,11,1,0
BRDA:96,12,0,0
BRDA:96,12,1,0
BRDA:96,12,2,0
BRDA:96,12,3,0
BRDA:104,13,0,0
BRDA:104,13,1,0
BRDA:104,13,2,0
BRDA:104,13,3,0
BRDA:108,14,0,0
BRDA:108,14,1,0
BRDA:114,15,0,0
BRDA:114,15,1,0
BRDA:114,15,2,0
BRDA:114,15,3,0
BRDA:118,16,0,0
BRDA:118,16,1,0
BRDA:119,17,0,0
BRDA:119,17,1,0
BRDA:124,18,0,0
BRDA:124,18,1,0
BRDA:124,18,2,0
BRDA:124,18,3,0
BRDA:124,18,4,0
BRDA:124,18,5,0
BRDA:126,19,0,0
BRDA:126,19,1,0
BRDA:128,20,0,0
BRDA:128,20,1,0
BRDA:138,21,0,0
BRDA:138,21,1,0
BRDA:138,21,2,0
BRDA:138,21,3,0
BRDA:145,22,0,0
BRDA:145,22,1,0
BRDA:145,22,2,0
BRDA:145,22,3,0
BRDA:149,23,0,0
BRDA:149,23,1,0
BRDA:149,23,2,0
BRDA:149,23,3,0
BRDA:155,24,0,0
BRDA:155,24,1,0
BRDA:155,24,2,0
BRDA:155,24,3,0
BRDA:155,24,4,0
BRDA:155,24,5,0
BRDA:155,24,6,0
BRDA:157,25,0,0
BRDA:157,25,1,0
BRDA:159,26,0,0
BRDA:159,26,1,0
BRDA:161,27,0,0
BRDA:161,27,1,0
BRDA:164,28,0,0
BRDA:164,28,1,0
BRDA:169,29,0,0
BRDA:169,29,1,0
BRDA:169,29,2,0
BRDA:169,29,3,0
BRDA:175,30,0,0
BRDA:175,30,1,0
BRDA:175,30,2,0
BRDA:175,30,3,0
BRDA:181,31,0,0
BRDA:181,31,1,0
BRDA:181,31,2,0
BRDA:181,31,3,0
BRDA:187,32,0,0
BRDA:187,32,1,0
BRDA:187,32,2,0
BRDA:187,32,3,0
BRDA:187,32,4,0
BRDA:190,33,0,0
BRDA:190,33,1,0
BRDA:192,34,0,0
BRDA:192,34,1,0
BRDA:196,35,0,0
BRDA:196,35,1,0
BRDA:201,36,0,0
BRDA:201,36,1,0
BRDA:204,37,0,0
BRDA:204,37,1,0
BRDA:216,38,0,0
BRDA:216,38,1,0
BRDA:216,38,2,0
BRDA:216,38,3,0
BRDA:222,39,0,0
BRDA:222,39,1,0
BRDA:222,39,2,0
BRDA:222,39,3,0
BRDA:222,39,4,0
BRDA:224,40,0,0
BRDA:224,40,1,0
BRDA:232,41,0,0
BRDA:232,41,1,0
BRDA:232,41,2,0
BRDA:232,41,3,0
BRDA:238,42,0,0
BRDA:238,42,1,0
BRDA:238,42,2,0
BRDA:238,42,3,0
BRDA:238,42,4,0
BRDA:240,43,0,0
BRDA:240,43,1,0
BRDA:248,44,0,0
BRDA:248,44,1,0
BRDA:248,44,2,0
BRDA:248,44,3,0
BRDA:251,45,0,0
BRDA:251,45,1,0
BRDA:258,46,0,0
BRDA:258,46,1,0
BRDA:258,46,2,0
BRDA:258,46,3,0
BRDA:258,46,4,0
BRDA:258,46,5,0
BRDA:258,46,6,0
BRDA:258,46,7,0
BRDA:260,47,0,0
BRDA:260,47,1,0
BRDA:261,48,0,0
BRDA:261,48,1,0
BRDA:265,49,0,0
BRDA:265,49,1,0
BRDA:276,50,0,0
BRDA:276,50,1,0
BRDA:276,50,2,0
BRDA:276,50,3,0
BRDA:282,51,0,0
BRDA:282,51,1,0
BRDA:282,51,2,0
BRDA:282,51,3,0
BRDA:288,52,0,0
BRDA:288,52,1,0
BRDA:288,52,2,0
BRDA:288,52,3,0
BRDA:288,52,4,0
BRDA:290,53,0,0
BRDA:290,53,1,0
BRDA:298,54,0,0
BRDA:298,54,1,0
BRDA:298,54,2,0
BRDA:298,54,3,0
BRDA:301,55,0,0
BRDA:301,55,1,0
BRDA:302,56,0,0
BRDA:302,56,1,0
BRDA:306,57,0,0
BRDA:306,57,1,0
BRDA:306,57,2,0
BRDA:306,57,3,0
BRDA:312,58,0,0
BRDA:312,58,1,0
BRDA:312,58,2,0
BRDA:312,58,3,0
BRDA:317,59,0,0
BRDA:317,59,1,0
BRDA:317,59,2,0
BRDA:317,59,3,0
BRDA:320,60,0,0
BRDA:320,60,1,0
BRDA:324,61,0,0
BRDA:324,61,1,0
BRDA:324,61,2,0
BRDA:324,61,3,0
BRDA:329,62,0,0
BRDA:329,62,1,0
BRDA:329,62,2,0
BRDA:329,62,3,0
BRF:203
BRH:0
end_of_record
TN:
SF:C:\Users\Timi\WebstormProjects\untitled\project.wechat.vue\src\store\getters.js
FN:3,key
FNF:1
FNH:0
FNDA:0,key
DA:1,0
DA:4,0
LF:2
LH:0
BRF:0
BRH:0
end_of_record
TN:
SF:C:\Users\Timi\WebstormProjects\untitled\project.wechat.vue\src\store\index.js
FN:6,_interopRequireDefault
FNF:1
FNH:0
FNDA:0,_interopRequireDefault
DA:1,0
DA:2,0
DA:3,0
DA:4,0
DA:5,0
DA:6,0
DA:7,0
LF:7
LH:0
BRDA:6,0,0,0
BRDA:6,0,1,0
BRDA:6,1,0,0
BRDA:6,1,1,0
BRF:4
BRH:0
end_of_record
TN:
SF:C:\Users\Timi\WebstormProjects\untitled\project.wechat.vue\src\store\mutations.js
FN:2,POST_OPENID
FN:6,SUBSCRIBE
FN:11,GET_LISTFORAPP
FN:16,GET_LISTFORAPPLONG
FN:21,GET_DETAILEDFOR
FN:26,GET_LISTBANKS
FN:31,GET_HOMELISTBANKCARD
FN:36,GET_CREDITLISTBANKCARD
FN:41,GET_ALLLISTBANKCARD
FN:46,GET_LISTBANKCARDDETAIL
FN:51,GET_INVITEURL
FN:56,GET_NEWSLISTFOR
FN:61,GET_NEWSLIST
FN:66,CREDITCARDNEWS
FN:71,GET_DETAILFORAPP
FN:76,GET_ORDERLISTFOR1
FN:81,GET_USERRELATED
FN:85,(anonymous_17)
FN:91,GET_RAKEBACKINFO
FN:96,GET_SUBORDINATENUM
FN:101,GET_ERSUBORDINATENUM
FN:106,GET_SUBORDINATEUSERLIST
FN:111,NEWERSUBORDINATEUSERLIST
FN:117,GET_ERSUBORDINATEUSERLIST
FN:123,CHANGETIME
FN:127,AWAITTRUE
FN:131,AWAITFALSE
FN:135,GET_LISTSCHEDULEFORAPP
FN:139,GET_BINBANKCARD
FN:144,GET_LASTORDERINFO
FNF:30
FNH:0
FNDA:0,POST_OPENID
FNDA:0,SUBSCRIBE
FNDA:0,GET_LISTFORAPP
FNDA:0,GET_LISTFORAPPLONG
FNDA:0,GET_DETAILEDFOR
FNDA:0,GET_LISTBANKS
FNDA:0,GET_HOMELISTBANKCARD
FNDA:0,GET_CREDITLISTBANKCARD
FNDA:0,GET_ALLLISTBANKCARD
FNDA:0,GET_LISTBANKCARDDETAIL
FNDA:0,GET_INVITEURL
FNDA:0,GET_NEWSLISTFOR
FNDA:0,GET_NEWSLIST
FNDA:0,CREDITCARDNEWS
FNDA:0,GET_DETAILFORAPP
FNDA:0,GET_ORDERLISTFOR1
FNDA:0,GET_USERRELATED
FNDA:0,(anonymous_17)
FNDA:0,GET_RAKEBACKINFO
FNDA:0,GET_SUBORDINATENUM
FNDA:0,GET_ERSUBORDINATENUM
FNDA:0,GET_SUBORDINATEUSERLIST
FNDA:0,NEWERSUBORDINATEUSERLIST
FNDA:0,GET_ERSUBORDINATEUSERLIST
FNDA:0,CHANGETIME
FNDA:0,AWAITTRUE
FNDA:0,AWAITFALSE
FNDA:0,GET_LISTSCHEDULEFORAPP
FNDA:0,GET_BINBANKCARD
FNDA:0,GET_LASTORDERINFO
DA:1,0
DA:2,0
DA:3,0
DA:4,0
DA:6,0
DA:7,0
DA:9,0
DA:11,0
DA:12,0
DA:14,0
DA:16,0
DA:17,0
DA:19,0
DA:21,0
DA:22,0
DA:24,0
DA:26,0
DA:27,0
DA:29,0
DA:31,0
DA:32,0
DA:34,0
DA:36,0
DA:37,0
DA:39,0
DA:41,0
DA:42,0
DA:44,0
DA:46,0
DA:47,0
DA:49,0
DA:51,0
DA:52,0
DA:54,0
DA:56,0
DA:57,0
DA:59,0
DA:61,0
DA:62,0
DA:64,0
DA:66,0
DA:67,0
DA:69,0
DA:71,0
DA:72,0
DA:74,0
DA:76,0
DA:77,0
DA:79,0
DA:81,0
DA:82,0
DA:84,0
DA:85,0
DA:86,0
DA:87,0
DA:89,0
DA:91,0
DA:92,0
DA:94,0
DA:96,0
DA:97,0
DA:99,0
DA:101,0
DA:102,0
DA:104,0
DA:106,0
DA:107,0
DA:109,0
DA:111,0
DA:112,0
DA:115,0
DA:117,0
DA:118,0
DA:120,0
DA:124,0
DA:128,0
DA:132,0
DA:135,0
DA:137,0
DA:139,0
DA:140,0
DA:142,0
DA:144,0
DA:145,0
DA:147,0
LF:85
LH:0
BRF:0
BRH:0
end_of_record
TN:
SF:C:\Users\Timi\WebstormProjects\untitled\project.wechat.vue\src\store\state.js
FNF:0
FNH:0
DA:1,0
LF:1
LH:0
BRF:0
BRH:0
end_of_record
TN:
SF:C:\Users\Timi\WebstormProjects\untitled\project.wechat.vue\src\util\cookieUtil.js
FN:1,getCookie
FN:13,setCookie
FNF:2
FNH:0
FNDA:0,getCookie
FNDA:0,setCookie
DA:1,0
DA:2,0
DA:3,0
DA:4,0
DA:5,0
DA:6,0
DA:7,0
DA:8,0
DA:11,0
DA:13,0
DA:14,0
DA:15,0
DA:16,0
DA:17,0
LF:14
LH:0
BRDA:2,0,0,0
BRDA:2,0,1,0
BRDA:4,1,0,0
BRDA:4,1,1,0
BRDA:7,2,0,0
BRDA:7,2,1,0
BRDA:17,3,0,0
BRDA:17,3,1,0
BRF:8
BRH:0
end_of_record
TN:
SF:C:\Users\Timi\WebstormProjects\untitled\project.wechat.vue\src\util\storageUtil.js
FN:1,_interopRequireDefault
FN:7,saveTodos
FN:10,readTodos
FNF:3
FNH:0
FNDA:0,_interopRequireDefault
FNDA:0,saveTodos
FNDA:0,readTodos
DA:1,0
DA:5,0
DA:8,0
DA:11,0
LF:4
LH:0
BRDA:1,0,0,0
BRDA:1,0,1,0
BRDA:1,1,0,0
BRDA:1,1,1,0
BRDA:11,2,0,0
BRDA:11,2,1,0
BRF:6
BRH:0
end_of_record
